Log file open, 09/17/17 21:08:22
LogWindows: LoadLibraryWithSearchPaths failed for file aqProf.dll. GetLastError=0
LogWindows: LoadLibraryWithSearchPaths failed for file VSPerf140.dll. GetLastError=0
LogWindows: LoadLibraryWithSearchPaths failed for file VtuneApi.dll. GetLastError=0
LogWindows: LoadLibraryWithSearchPaths failed for file VtuneApi32e.dll. GetLastError=0
LogInit: Display: Running engine for game: FamersVsAliens
LogPlatformFile: Not using cached read wrapper
LogInit: Display: RandInit(2027391908) SRandInit(2027391909).
LogTaskGraph: Started task graph with 5 named threads and 14 total threads with 3 sets of task threads.
LogStats: Stats thread started at 0.168378
LogD3D11RHI: Aftermath initialized
LogPluginManager: Mounting plugin Paper2D
LogPluginManager: Mounting plugin LightPropagationVolume
LogPluginManager: Mounting plugin CodeLiteSourceCodeAccess
LogPluginManager: Mounting plugin GitSourceControl
LogPluginManager: Mounting plugin KDevelopSourceCodeAccess
LogPluginManager: Mounting plugin NullSourceCodeAccess
LogPluginManager: Mounting plugin PerforceSourceControl
LogPluginManager: Mounting plugin SubversionSourceControl
LogPluginManager: Mounting plugin UObjectPlugin
LogPluginManager: Mounting plugin VisualStudioSourceCodeAccess
LogPluginManager: Mounting plugin XCodeSourceCodeAccess
LogPluginManager: Mounting plugin AssetManagerEditor
LogPluginManager: Mounting plugin AudioCapture
LogPluginManager: Mounting plugin FacialAnimation
LogPluginManager: Mounting plugin GameplayTagsEditor
LogPluginManager: Mounting plugin MobileLauncherProfileWizard
LogPluginManager: Mounting plugin PluginBrowser
LogPluginManager: Mounting plugin SpeedTreeImporter
LogPluginManager: Mounting plugin AlembicImporter
LogPluginManager: Mounting plugin CharacterAI
LogPluginManager: Mounting plugin HTML5Networking
LogPluginManager: Mounting plugin AndroidMedia
LogPluginManager: Mounting plugin AvfMedia
LogPluginManager: Mounting plugin MediaPlayerEditor
LogPluginManager: Mounting plugin WmfMedia
LogPluginManager: Mounting plugin TcpMessaging
LogPluginManager: Mounting plugin UdpMessaging
LogPluginManager: Mounting plugin LevelSequenceEditor
LogPluginManager: Mounting plugin MatineeToLevelSequence
LogPluginManager: Mounting plugin OnlineSubsystemGooglePlay
LogPluginManager: Mounting plugin OnlineSubsystemIOS
LogPluginManager: Mounting plugin OnlineSubsystem
LogPluginManager: Mounting plugin OnlineSubsystemNull
LogPluginManager: Mounting plugin OnlineSubsystemUtils
LogPluginManager: Mounting plugin AndroidDeviceProfileSelector
LogPluginManager: Mounting plugin AndroidMoviePlayer
LogPluginManager: Mounting plugin AndroidPermission
LogPluginManager: Mounting plugin AppleMoviePlayer
LogPluginManager: Mounting plugin ArchVisCharacter
LogPluginManager: Mounting plugin CableComponent
LogPluginManager: Mounting plugin CustomMeshComponent
LogPluginManager: Mounting plugin ExampleDeviceProfileSelector
LogPluginManager: Mounting plugin GoogleCloudMessaging
LogPluginManager: Mounting plugin ImmediatePhysics
LogPluginManager: Mounting plugin IOSDeviceProfileSelector
LogPluginManager: Mounting plugin LinuxDeviceProfileSelector
LogPluginManager: Mounting plugin LocationServicesBPLibrary
LogPluginManager: Mounting plugin MobilePatchingUtils
LogPluginManager: Mounting plugin OculusVR
LogPluginManager: Mounting plugin PhysXVehicles
LogPluginManager: Mounting plugin ProceduralMeshComponent
LogPluginManager: Mounting plugin RuntimePhysXCooking
LogPluginManager: Mounting plugin SteamVR
LogPluginManager: Mounting plugin WindowsMoviePlayer
LogInit: Using libcurl 7.47.1
LogInit:  - built for x86_64-pc-win32
LogInit:  - supports SSL with OpenSSL/1.0.2g
LogInit:  - supports HTTP deflate (compression) using libz 1.2.8
LogInit:  - other features:
LogInit:      CURL_VERSION_SSL
LogInit:      CURL_VERSION_LIBZ
LogInit:      CURL_VERSION_IPV6
LogInit:      CURL_VERSION_ASYNCHDNS
LogInit:      CURL_VERSION_LARGEFILE
LogInit:      CURL_VERSION_IDN
LogInit:  CurlRequestOptions (configurable via config and command line):
LogInit:  - bVerifyPeer = false  - Libcurl will NOT verify peer certificate
LogInit:  - bUseHttpProxy = false  - Libcurl will NOT use HTTP proxy
LogInit:  - bDontReuseConnections = false  - Libcurl will reuse connections
LogInit:  - CertBundlePath = nullptr  - Libcurl will use whatever was configured at build time.
LogInit: Build: ++UE4+Release-4.17-CL-3586342
LogInit: Engine Version: 4.17.1-3586342+++UE4+Release-4.17
LogInit: Compatible Engine Version: 4.17.0-3573198+++UE4+Release-4.17
LogInit: Net CL: 3573198
LogDevObjectVersion: Number of dev versions registered: 16
LogDevObjectVersion:   Dev-Blueprints (B0D832E4-1F89-4F0D-ACCF-7EB736FD4AA2): 10
LogDevObjectVersion:   Dev-Build (E1C64328-A22C-4D53-A36C-8E866417BD8C): 0
LogDevObjectVersion:   Dev-Core (375EC13C-06E4-48FB-B500-84F0262A717E): 2
LogDevObjectVersion:   Dev-Editor (E4B068ED-F494-42E9-A231-DA0B2E46BB41): 20
LogDevObjectVersion:   Dev-Framework (CFFC743F-43B0-4480-9391-14DF171D2073): 28
LogDevObjectVersion:   Dev-Mobile (B02B49B5-BB20-44E9-A304-32B752E40360): 0
LogDevObjectVersion:   Dev-Networking (A4E4105C-59A1-49B5-A7C5-40C4547EDFEE): 0
LogDevObjectVersion:   Dev-Online (39C831C9-5AE6-47DC-9A44-9C173E1C8E7C): 0
LogDevObjectVersion:   Dev-Physics (78F01B33-EBEA-4F98-B9B4-84EACCB95AA2): 0
LogDevObjectVersion:   Dev-Platform (6631380F-2D4D-43E0-8009-CF276956A95A): 0
LogDevObjectVersion:   Dev-Rendering (12F88B9F-8875-4AFC-A67C-D90C383ABD29): 19
LogDevObjectVersion:   Dev-Sequencer (7B5AE74C-D270-4C10-A958-57980B212A5A): 4
LogDevObjectVersion:   Dev-VR (D7296918-1DD6-4BDD-9DE2-64A83CC13884): 0
LogDevObjectVersion:   Dev-LoadTimes (C2A15278-BFE7-4AFE-6C17-90FF531DF755): 1
LogDevObjectVersion:   Private-Geometry (6EACA3D4-40EC-4CC1-B786-8BED09428FC5): 1
LogDevObjectVersion:   Dev-AnimPhys (29E575DD-E0A3-4627-9D10-D276232CDCEA): 7
LogInit: Compiled (64-bit): Aug 15 2017 02:05:26
LogInit: Compiled with Visual C++: 19.00.24215.01
LogInit: Build Configuration: Development
LogInit: Branch Name: ++UE4+Release-4.17
LogInit: Command line: -EpicPortal 
LogInit: Base directory: F:/UE_4.17/Engine/Binaries/Win64/
LogInit: Installed Engine Build: 1
LogInit: Presizing for max 8388607 objects, including 0 objects not considered by GC, pre-allocating 0 bytes for permanent pool.
LogInit: Object subsystem initialized
[2017.09.18-00.08.22:815][  0]LogInit: Selected Device Profile: [Windows]
[2017.09.18-00.08.22:815][  0]LogInit: Applying CVar settings loaded from the selected device profile: [Windows]
[2017.09.18-00.08.22:822][  0]LogInit: Computer: DESKTOP-CICTV3V
[2017.09.18-00.08.22:822][  0]LogInit: User: Smailin
[2017.09.18-00.08.22:822][  0]LogInit: CPU Page size=4096, Cores=4
[2017.09.18-00.08.22:822][  0]LogInit: High frequency timer resolution =3.312782 MHz
[2017.09.18-00.08.22:822][  0]LogMemory: Memory total: Physical=8.0GB (8GB approx)
[2017.09.18-00.08.22:822][  0]LogMemory: Platform Memory Stats for Windows
[2017.09.18-00.08.22:822][  0]LogMemory: Process Physical Memory: 278.27 MB used, 278.27 MB peak
[2017.09.18-00.08.22:822][  0]LogMemory: Process Virtual Memory: 274.36 MB used, 274.36 MB peak
[2017.09.18-00.08.22:822][  0]LogMemory: Physical Memory: 5294.96 MB used,  2859.71 MB free, 8154.68 MB total
[2017.09.18-00.08.22:822][  0]LogMemory: Virtual Memory: 654.70 MB used,  2859.71 MB free, 134217728.00 MB total
[2017.09.18-00.08.22:952][  0]LogInit: Overriding language with editor language configuration option (en).
[2017.09.18-00.08.22:952][  0]LogInit: Overriding locale with editor locale configuration option (en).
[2017.09.18-00.08.23:662][  0]LogD3D11RHI: D3D11 adapters:
[2017.09.18-00.08.24:223][  0]LogD3D11RHI:    0. 'NVIDIA GeForce GTX 660' (Feature Level 11_0)
[2017.09.18-00.08.24:223][  0]LogD3D11RHI:       2015/0/4077 MB DedicatedVideo/DedicatedSystem/SharedSystem, Outputs:2, VendorId:0x10de
[2017.09.18-00.08.24:225][  0]LogD3D11RHI:    1. 'Microsoft Basic Render Driver' (Feature Level 11_0)
[2017.09.18-00.08.24:225][  0]LogD3D11RHI:       0/0/4077 MB DedicatedVideo/DedicatedSystem/SharedSystem, Outputs:0, VendorId:0x1414
[2017.09.18-00.08.24:225][  0]LogD3D11RHI: Chosen D3D11 Adapter: 0
[2017.09.18-00.08.24:230][  0]LogD3D11RHI: Creating new Direct3DDevice
[2017.09.18-00.08.24:230][  0]LogD3D11RHI:     GPU DeviceId: 0x11c0 (for the marketing name, search the web for "GPU Device Id")
[2017.09.18-00.08.24:230][  0]LogWindows: EnumDisplayDevices:
[2017.09.18-00.08.24:230][  0]LogWindows:    0. 'NVIDIA GeForce GTX 660' (P:0 D:1)
[2017.09.18-00.08.24:230][  0]LogWindows:    1. 'NVIDIA GeForce GTX 660' (P:1 D:1)
[2017.09.18-00.08.24:231][  0]LogWindows:    2. 'NVIDIA GeForce GTX 660' (P:0 D:0)
[2017.09.18-00.08.24:231][  0]LogWindows:    3. 'NVIDIA GeForce GTX 660' (P:0 D:0)
[2017.09.18-00.08.24:231][  0]LogWindows: DebugString: FoundDriverCount:4 
[2017.09.18-00.08.24:231][  0]LogD3D11RHI:     Adapter Name: NVIDIA GeForce GTX 660
[2017.09.18-00.08.24:231][  0]LogD3D11RHI:   Driver Version: 385.41 (internal:22.21.13.8541, unified:385.41)
[2017.09.18-00.08.24:231][  0]LogD3D11RHI:      Driver Date: 8-21-2017
[2017.09.18-00.08.24:231][  0]LogRHI: Texture pool is 1361 MB (70% of 1945 MB)
[2017.09.18-00.08.24:752][  0]LogD3D11RHI: Async texture creation enabled
[2017.09.18-00.08.24:893][  0]LogD3D11RHI: GPU Timing Frequency: 1000.000000 (Debug: 2 2)
[2017.09.18-00.08.24:895][  0]LogShaderCompilers: Guid format shader working directory is 15 characters bigger than the processId version (E:/Projetos Unreal/FamersVsAliens/Intermediate/Shaders/WorkingDirectory/1316/).
[2017.09.18-00.08.24:896][  0]LogShaderCompilers: Cleaned the shader compiler working directory 'C:/Users/Smailin/AppData/Local/Temp/UnrealShaderWorkingDir/210C7819493228A3653D3089CC939619/'.
[2017.09.18-00.08.24:896][  0]LogShaderCompilers: Display: Using Local Shader Compiler.
[2017.09.18-00.08.25:836][  0]LogTemp: Display: Loaded TP AllDesktopTargetPlatform
[2017.09.18-00.08.25:884][  0]LogTemp: Display: Loaded TP MacClientTargetPlatform
[2017.09.18-00.08.25:931][  0]LogTemp: Display: Loaded TP MacNoEditorTargetPlatform
[2017.09.18-00.08.25:978][  0]LogTemp: Display: Loaded TP MacServerTargetPlatform
[2017.09.18-00.08.26:026][  0]LogTemp: Display: Loaded TP MacTargetPlatform
[2017.09.18-00.08.26:073][  0]LogTemp: Display: Loaded TP WindowsClientTargetPlatform
[2017.09.18-00.08.26:120][  0]LogTemp: Display: Loaded TP WindowsNoEditorTargetPlatform
[2017.09.18-00.08.26:167][  0]LogTemp: Display: Loaded TP WindowsServerTargetPlatform
[2017.09.18-00.08.26:208][  0]LogTemp: Display: Loaded TP WindowsTargetPlatform
[2017.09.18-00.08.26:257][  0]LogTemp: Display: Loaded TP AndroidTargetPlatform
[2017.09.18-00.08.26:305][  0]LogTemp: Display: Loaded TP Android_ASTCTargetPlatform
[2017.09.18-00.08.26:352][  0]LogTemp: Display: Loaded TP Android_ATCTargetPlatform
[2017.09.18-00.08.26:399][  0]LogTemp: Display: Loaded TP Android_DXTTargetPlatform
[2017.09.18-00.08.26:444][  0]LogTemp: Display: Loaded TP Android_ETC1TargetPlatform
[2017.09.18-00.08.26:489][  0]LogTemp: Display: Loaded TP Android_ETC2TargetPlatform
[2017.09.18-00.08.26:583][  0]LogTemp: Display: Loaded TP Android_MultiTargetPlatform
[2017.09.18-00.08.26:583][  0]LogTemp: Display: Loaded TP Android_PVRTCTargetPlatform
[2017.09.18-00.08.26:619][  0]LogTemp: Display: Loaded TP HTML5TargetPlatform
[2017.09.18-00.08.26:710][  0]LogTemp: Display: Loaded TP IOSTargetPlatform
[2017.09.18-00.08.26:736][  0]LogTemp: Display: Loaded TP TVOSTargetPlatform
[2017.09.18-00.08.26:783][  0]LogTemp: Display: Loaded TP LinuxClientTargetPlatform
[2017.09.18-00.08.26:829][  0]LogTemp: Display: Loaded TP LinuxNoEditorTargetPlatform
[2017.09.18-00.08.26:874][  0]LogTemp: Display: Loaded TP LinuxServerTargetPlatform
[2017.09.18-00.08.26:921][  0]LogTemp: Display: Loaded TP LinuxTargetPlatform
[2017.09.18-00.08.26:921][  0]LogTargetPlatformManager: Display: Building Assets For Windows
[2017.09.18-00.08.27:335][  0]LogDerivedDataCache: Display: Max Cache Size: 512 MB
[2017.09.18-00.08.27:426][  0]LogDerivedDataCache: Loaded boot cache 0.09s 93MB C:/Users/Smailin/AppData/Local/UnrealEngine/4.17/DerivedDataCache/Boot.ddc.
[2017.09.18-00.08.27:426][  0]LogDerivedDataCache: Display: Loaded Boot cache: C:/Users/Smailin/AppData/Local/UnrealEngine/4.17/DerivedDataCache/Boot.ddc
[2017.09.18-00.08.27:426][  0]LogDerivedDataCache: FDerivedDataBackendGraph:  Pak pak cache file E:/Projetos Unreal/FamersVsAliens/DerivedDataCache/DDC.ddp not found, will not use a pak cache.
[2017.09.18-00.08.27:426][  0]LogDerivedDataCache: Unable to find inner node Pak for hierarchical cache Hierarchy.
[2017.09.18-00.08.27:426][  0]LogDerivedDataCache: FDerivedDataBackendGraph:  CompressedPak pak cache file E:/Projetos Unreal/FamersVsAliens/DerivedDataCache/Compressed.ddp not found, will not use a pak cache.
[2017.09.18-00.08.27:426][  0]LogDerivedDataCache: Unable to find inner node CompressedPak for hierarchical cache Hierarchy.
[2017.09.18-00.08.27:441][  0]LogDerivedDataCache: Display: Pak cache opened for reading ../../../Engine/DerivedDataCache/Compressed.ddp.
[2017.09.18-00.08.27:453][  0]LogDerivedDataCache: Using Local data cache path C:/Users/Smailin/AppData/Local/UnrealEngine/Common/DerivedDataCache: Writable
[2017.09.18-00.08.27:465][  0]LogMaterial: Verifying Global Shaders for PCD3D_SM5
[2017.09.18-00.08.27:465][  0]LogSlate: Using Freetype 2.6.0
[2017.09.18-00.08.27:466][  0]LogSlate: SlateFontCache - WITH_FREETYPE: 1, WITH_HARFBUZZ: 1
[2017.09.18-00.08.27:466][  0]LogSlate: SlateFontCache - WITH_FREETYPE: 1, WITH_HARFBUZZ: 1
[2017.09.18-00.08.27:774][  0]LogAssetRegistry: FAssetRegistry took 0.0265 seconds to start up
[2017.09.18-00.08.27:906][  0]LogInit: Selected Device Profile: [Windows]
[2017.09.18-00.08.28:062][  0]LogContentStreaming: Texture pool size is 0.00 MB
[2017.09.18-00.08.28:375][  0]LogSimplygon: Simplygon DLL not present - disabling.
[2017.09.18-00.08.28:415][  0]LogMeshReduction: Using SimplygonSwarm for distributed automatic mesh merging
[2017.09.18-00.08.28:415][  0]LogMeshReduction: Using QuadricMeshReduction for automatic static mesh reduction
[2017.09.18-00.08.28:415][  0]LogMeshReduction: No automatic skeletal mesh reduction module available
[2017.09.18-00.08.28:415][  0]LogMeshReduction: No automatic mesh merging module available
[2017.09.18-00.08.28:415][  0]LogMeshMerging: No automatic mesh merging module available
[2017.09.18-00.08.28:801][  0]LogNetVersion: FamersVsAliens , NetCL: 3573198, EngineNetVer: 2, GameNetVer: 0 (Checksum: 3801939757)
[2017.09.18-00.08.28:996][  0]LogPackageLocalizationCache: Processed 5 localized package path(s) for 1 prioritized culture(s) in 0.019985 seconds
[2017.09.18-00.08.29:006][  0]LogUObjectArray: 35825 objects as part of root set at end of initial load.
[2017.09.18-00.08.29:006][  0]LogUObjectAllocator: 7529104 out of 0 bytes used by permanent object pool.
[2017.09.18-00.08.29:006][  0]LogUObjectArray: CloseDisregardForGC: 0/0 objects in disregard for GC pool
[2017.09.18-00.08.29:057][  0]LogInit: WinSock: version 1.1 (2.2), MaxSocks=32767, MaxUdp=65467
[2017.09.18-00.08.31:852][  0]LogTcpMessaging: Initializing TcpMessaging bridge
[2017.09.18-00.08.31:894][  0]LogUdpMessaging: Initializing bridge on interface 0.0.0.0:0 to multicast group 230.0.0.1:6666.
[2017.09.18-00.08.32:532][  0]LogMaterial: Uniform references updated for custom material expression Custom.
[2017.09.18-00.08.32:907][  0]SourceControl: Source control is disabled
[2017.09.18-00.08.32:907][  0]SourceControl: Source control is disabled
[2017.09.18-00.08.32:951][  0]SourceControl: Source control is disabled
[2017.09.18-00.08.32:995][  0]SourceControl: Source control is disabled
[2017.09.18-00.08.33:518][  0]LogAndroidPermission: UAndroidPermissionCallbackProxy::GetInstance
[2017.09.18-00.08.33:743][  0]LogOcInput: OculusInput pre-init called
[2017.09.18-00.08.33:980][  0]LogEngine: Initializing Engine...
[2017.09.18-00.08.33:982][  0]LogHMD: Failed to initialize OpenVR with code 110
[2017.09.18-00.08.34:209][  0]LogStats: UGameplayTagsManager::ConstructGameplayTagTree: Construct from data asset -  0.000 s
[2017.09.18-00.08.34:209][  0]LogStats: UGameplayTagsManager::ConstructGameplayTagTree: GameplayTagTreeChangedEvent.Broadcast -  0.000 s
[2017.09.18-00.08.34:327][  0]LogAIModule: Creating AISystem for world Untitled
[2017.09.18-00.08.34:337][  0]LogInit: XAudio2 using 'Alto-falantes (Realtek High Definition Audio)' : 2 channels at 48 kHz using 32 bits per sample (channel mask 0x3)
[2017.09.18-00.08.34:352][  0]LogInit: FAudioDevice initialized.
[2017.09.18-00.08.34:615][  0]LogDerivedDataCache: Saved boot cache 0.26s 93MB C:/Users/Smailin/AppData/Local/UnrealEngine/4.17/DerivedDataCache/Boot.ddc.
[2017.09.18-00.08.34:621][  0]LogInit: Texture streaming: Enabled
[2017.09.18-00.08.34:712][  0]LogEngineSessionManager: EngineSessionManager initialized
[2017.09.18-00.08.34:909][  0]LogInit: Transaction tracking system initialized
[2017.09.18-00.08.35:181][  0]BlueprintLog: New page: Editor Load
[2017.09.18-00.08.36:008][  0]LocalizationService: Localization service is disabled
[2017.09.18-00.08.36:619][  0]LogConsoleResponse: Display: 
[2017.09.18-00.08.36:791][  0]LogFileCache: Scanning file cache for directory 'E:/Projetos Unreal/FamersVsAliens/Content/' took 0.01s
[2017.09.18-00.08.36:791][  0]LogCook: Display: Max memory allowance for cook 16384mb min free memory 0mb
[2017.09.18-00.08.36:791][  0]LogCook: Display: Mobile HDR setting 1
[2017.09.18-00.08.36:791][  0]LogGameplayTags: Display: UGameplayTagsManager::DoneAddingNativeTags. DelegateIsBound: 0
[2017.09.18-00.08.37:725][  0]SourceControl: Source control is disabled
[2017.09.18-00.08.37:725][  0]Cmd: MAP LOAD FILE="../../../Engine/Content/Maps/Templates/Template_Default.umap" TEMPLATE=1 SHOWPROGRESS=1 FEATURELEVEL=3
[2017.09.18-00.08.37:726][  0]LightingResults: New page: Lighting Build
[2017.09.18-00.08.37:762][  0]MapCheck: New page: Map Check
[2017.09.18-00.08.37:763][  0]LightingResults: New page: Lighting Build
[2017.09.18-00.08.37:967][  0]LogAIModule: Creating AISystem for world Untitled_1
[2017.09.18-00.08.37:973][  0]LogEditorServer: Finished looking for orphan Actors (0.000 secs)
[2017.09.18-00.08.37:983][  0]Cmd: MAP CHECKDEP NOCLEARLOG
[2017.09.18-00.08.38:047][  0]MapCheck: Map check complete: 0 Error(s), 0 Warning(s), took 64.053ms to complete.
[2017.09.18-00.08.38:047][  0]LogFileHelpers: Loading map 'Template_Default' took 0.322
[2017.09.18-00.08.38:138][  0]LogWindowsTextInputMethodSystem: Display: IME system now deactivated.
[2017.09.18-00.08.38:243][  0]LogCollectionManager: Loaded 0 collections in 0.001294 seconds
[2017.09.18-00.08.38:317][  0]LogFileCache: Scanning file cache for directory 'E:/Projetos Unreal/FamersVsAliens/Saved/Collections/' took 0.01s
[2017.09.18-00.08.38:317][  0]LogFileCache: Scanning file cache for directory 'E:/Projetos Unreal/FamersVsAliens/Content/Developers/Smailin/Collections/' took 0.01s
[2017.09.18-00.08.38:317][  0]LogFileCache: Scanning file cache for directory 'E:/Projetos Unreal/FamersVsAliens/Content/Collections/' took 0.01s
[2017.09.18-00.08.38:317][  0]LogCollectionManager: Rebuilt the GUID cache for 0 collections in 0.000001 seconds
[2017.09.18-00.08.38:327][  0]LogContentBrowser: Native class hierarchy populated in 0.0103 seconds. Added 2386 classes and 500 folders.
[2017.09.18-00.08.38:381][  0]LogContentBrowser: Native class hierarchy updated for 'WidgetCarousel' in 0.0007 seconds. Added 0 classes and 0 folders.
[2017.09.18-00.08.38:433][  0]LogContentBrowser: Native class hierarchy updated for 'AddContentDialog' in 0.0006 seconds. Added 0 classes and 0 folders.
[2017.09.18-00.08.38:471][  0]LogContentBrowser: Native class hierarchy updated for 'SceneOutliner' in 0.0007 seconds. Added 1 classes and 2 folders.
[2017.09.18-00.08.39:366][  0]LogSlate: Took 0.000337 seconds to synchronously load lazily loaded font '../../../Engine/Content/Slate/Fonts/Roboto-Regular.ttf' (155K)
[2017.09.18-00.08.39:370][  0]LogSlate: Took 0.000367 seconds to synchronously load lazily loaded font '../../../Engine/Content/Slate/Fonts/Roboto-Bold.ttf' (160K)
[2017.09.18-00.08.39:377][  0]LogSlate: Took 0.000258 seconds to synchronously load lazily loaded font '../../../Engine/Content/Editor/Slate/Fonts/FontAwesome.ttf' (139K)
[2017.09.18-00.08.39:538][  0]LogTemp: Executing iPhonePackager certificates Engine -bundlename com.YourCompany.FamersVsAliens
[2017.09.18-00.08.39:538][  0]LogTemp: CWD: F:\UE_4.17\Engine\Binaries\DotNET\IOS
[2017.09.18-00.08.39:538][  0]LogTemp: Initial Dir: F:\UE_4.17
[2017.09.18-00.08.39:538][  0]LogTemp: Env CWD: F:\UE_4.17\Engine\Binaries\DotNET\IOS
[2017.09.18-00.08.39:538][  0]LogTemp: BranchPath = DESKTOP-CICTV3V/F/UE_4.17/Engine/Binaries --- GameBranchPath = DESKTOP-CICTV3V/F/UE_4.17/Engine/Binaries
[2017.09.18-00.08.39:538][  0]LogTemp: IPP ERROR: Could not find provision directory 'C:\Users\Smailin\AppData\Local/Apple Computer/MobileDevice/Provisioning Profiles/'.
[2017.09.18-00.08.39:538][  0]LogRenderer: Reallocating scene render targets to support 816x456 Format 10 NumSamples 1 (Frame:1).
[2017.09.18-00.08.39:699][  0]LogContentBrowser: Native class hierarchy updated for 'HierarchicalLODOutliner' in 0.0008 seconds. Added 1 classes and 2 folders.
[2017.09.18-00.08.39:700][  0]LogLoad: (Engine Initialization) Total time: 18.47 seconds
[2017.09.18-00.08.39:700][  0]LogLoad: (Engine Initialization) Total Blueprint compile time: 0.00 seconds
[2017.09.18-00.08.39:700][  0]LogExternalProfiler: No external profilers were discovered.  External profiling features will not be available.
[2017.09.18-00.08.39:743][  0]LogContentStreaming: Texture pool size now 1000 MB
[2017.09.18-00.08.39:789][  1]LogAssetRegistry: Asset discovery search completed in 12.0373 seconds
[2017.09.18-00.08.39:791][  1]LogCollectionManager: Rebuilt the object cache for 0 collections in 0.000001 seconds (found 0 objects)
[2017.09.18-00.08.39:791][  1]LogCollectionManager: Fixed up redirectors for 0 collections in 0.000058 seconds (updated 0 objects)
