Log file open, 09/17/17 21:53:37
LogWindows: LoadLibraryWithSearchPaths failed for file aqProf.dll. GetLastError=0
LogWindows: LoadLibraryWithSearchPaths failed for file VSPerf140.dll. GetLastError=0
LogWindows: LoadLibraryWithSearchPaths failed for file VtuneApi.dll. GetLastError=0
LogWindows: LoadLibraryWithSearchPaths failed for file VtuneApi32e.dll. GetLastError=0
LogInit: Display: Running engine for game: FamersVsAliens
LogPlatformFile: Not using cached read wrapper
LogInit: Display: RandInit(-1101263279) SRandInit(-1101263279).
LogTaskGraph: Started task graph with 5 named threads and 8 total threads with 3 sets of task threads.
LogStats: Stats thread started at 0.149259
LogD3D11RHI: Aftermath initialized
LogPluginManager: Mounting plugin Paper2D
LogPluginManager: Mounting plugin LightPropagationVolume
LogPluginManager: Mounting plugin CodeLiteSourceCodeAccess
LogPluginManager: Mounting plugin GitSourceControl
LogPluginManager: Mounting plugin KDevelopSourceCodeAccess
LogPluginManager: Mounting plugin NullSourceCodeAccess
LogPluginManager: Mounting plugin PerforceSourceControl
LogPluginManager: Mounting plugin SubversionSourceControl
LogPluginManager: Mounting plugin UObjectPlugin
LogPluginManager: Mounting plugin VisualStudioSourceCodeAccess
LogPluginManager: Mounting plugin XCodeSourceCodeAccess
LogPluginManager: Mounting plugin AssetManagerEditor
LogPluginManager: Mounting plugin AudioCapture
LogPluginManager: Mounting plugin FacialAnimation
LogPluginManager: Mounting plugin GameplayTagsEditor
LogPluginManager: Mounting plugin MobileLauncherProfileWizard
LogPluginManager: Mounting plugin PluginBrowser
LogPluginManager: Mounting plugin SpeedTreeImporter
LogPluginManager: Mounting plugin AlembicImporter
LogPluginManager: Mounting plugin CharacterAI
LogPluginManager: Mounting plugin HTML5Networking
LogPluginManager: Mounting plugin AndroidMedia
LogPluginManager: Mounting plugin AvfMedia
LogPluginManager: Mounting plugin MediaPlayerEditor
LogPluginManager: Mounting plugin WmfMedia
LogPluginManager: Mounting plugin TcpMessaging
LogPluginManager: Mounting plugin UdpMessaging
LogPluginManager: Mounting plugin LevelSequenceEditor
LogPluginManager: Mounting plugin MatineeToLevelSequence
LogPluginManager: Mounting plugin OnlineSubsystemGooglePlay
LogPluginManager: Mounting plugin OnlineSubsystemIOS
LogPluginManager: Mounting plugin OnlineSubsystem
LogPluginManager: Mounting plugin OnlineSubsystemNull
LogPluginManager: Mounting plugin OnlineSubsystemUtils
LogPluginManager: Mounting plugin AndroidDeviceProfileSelector
LogPluginManager: Mounting plugin AndroidMoviePlayer
LogPluginManager: Mounting plugin AndroidPermission
LogPluginManager: Mounting plugin AppleMoviePlayer
LogPluginManager: Mounting plugin ArchVisCharacter
LogPluginManager: Mounting plugin CableComponent
LogPluginManager: Mounting plugin CustomMeshComponent
LogPluginManager: Mounting plugin ExampleDeviceProfileSelector
LogPluginManager: Mounting plugin GoogleCloudMessaging
LogPluginManager: Mounting plugin ImmediatePhysics
LogPluginManager: Mounting plugin IOSDeviceProfileSelector
LogPluginManager: Mounting plugin LinuxDeviceProfileSelector
LogPluginManager: Mounting plugin LocationServicesBPLibrary
LogPluginManager: Mounting plugin MobilePatchingUtils
LogPluginManager: Mounting plugin OculusVR
LogPluginManager: Mounting plugin PhysXVehicles
LogPluginManager: Mounting plugin ProceduralMeshComponent
LogPluginManager: Mounting plugin RuntimePhysXCooking
LogPluginManager: Mounting plugin SteamVR
LogPluginManager: Mounting plugin WindowsMoviePlayer
LogInit: Using libcurl 7.47.1
LogInit:  - built for x86_64-pc-win32
LogInit:  - supports SSL with OpenSSL/1.0.2g
LogInit:  - supports HTTP deflate (compression) using libz 1.2.8
LogInit:  - other features:
LogInit:      CURL_VERSION_SSL
LogInit:      CURL_VERSION_LIBZ
LogInit:      CURL_VERSION_IPV6
LogInit:      CURL_VERSION_ASYNCHDNS
LogInit:      CURL_VERSION_LARGEFILE
LogInit:      CURL_VERSION_IDN
LogInit:  CurlRequestOptions (configurable via config and command line):
LogInit:  - bVerifyPeer = false  - Libcurl will NOT verify peer certificate
LogInit:  - bUseHttpProxy = false  - Libcurl will NOT use HTTP proxy
LogInit:  - bDontReuseConnections = false  - Libcurl will reuse connections
LogInit:  - CertBundlePath = nullptr  - Libcurl will use whatever was configured at build time.
LogInit: Build: ++UE4+Release-4.17-CL-3586342
LogInit: Engine Version: 4.17.1-3586342+++UE4+Release-4.17
LogInit: Compatible Engine Version: 4.17.0-3573198+++UE4+Release-4.17
LogInit: Net CL: 3573198
LogDevObjectVersion: Number of dev versions registered: 16
LogDevObjectVersion:   Dev-Blueprints (B0D832E4-1F89-4F0D-ACCF-7EB736FD4AA2): 10
LogDevObjectVersion:   Dev-Build (E1C64328-A22C-4D53-A36C-8E866417BD8C): 0
LogDevObjectVersion:   Dev-Core (375EC13C-06E4-48FB-B500-84F0262A717E): 2
LogDevObjectVersion:   Dev-Editor (E4B068ED-F494-42E9-A231-DA0B2E46BB41): 20
LogDevObjectVersion:   Dev-Framework (CFFC743F-43B0-4480-9391-14DF171D2073): 28
LogDevObjectVersion:   Dev-Mobile (B02B49B5-BB20-44E9-A304-32B752E40360): 0
LogDevObjectVersion:   Dev-Networking (A4E4105C-59A1-49B5-A7C5-40C4547EDFEE): 0
LogDevObjectVersion:   Dev-Online (39C831C9-5AE6-47DC-9A44-9C173E1C8E7C): 0
LogDevObjectVersion:   Dev-Physics (78F01B33-EBEA-4F98-B9B4-84EACCB95AA2): 0
LogDevObjectVersion:   Dev-Platform (6631380F-2D4D-43E0-8009-CF276956A95A): 0
LogDevObjectVersion:   Dev-Rendering (12F88B9F-8875-4AFC-A67C-D90C383ABD29): 19
LogDevObjectVersion:   Dev-Sequencer (7B5AE74C-D270-4C10-A958-57980B212A5A): 4
LogDevObjectVersion:   Dev-VR (D7296918-1DD6-4BDD-9DE2-64A83CC13884): 0
LogDevObjectVersion:   Dev-LoadTimes (C2A15278-BFE7-4AFE-6C17-90FF531DF755): 1
LogDevObjectVersion:   Private-Geometry (6EACA3D4-40EC-4CC1-B786-8BED09428FC5): 1
LogDevObjectVersion:   Dev-AnimPhys (29E575DD-E0A3-4627-9D10-D276232CDCEA): 7
LogInit: Compiled (64-bit): Aug 15 2017 02:05:26
LogInit: Compiled with Visual C++: 19.00.24215.01
LogInit: Build Configuration: Development
LogInit: Branch Name: ++UE4+Release-4.17
LogInit: Command line:  
LogInit: Base directory: C:/Program Files/Epic Games/UE_4.17/Engine/Binaries/Win64/
LogInit: Installed Engine Build: 1
LogInit: Presizing for max 8388607 objects, including 0 objects not considered by GC, pre-allocating 0 bytes for permanent pool.
LogInit: Object subsystem initialized
[2017.09.18-00.53.39:185][  0]LogInit: Selected Device Profile: [Windows]
[2017.09.18-00.53.39:185][  0]LogInit: Applying CVar settings loaded from the selected device profile: [Windows]
[2017.09.18-00.53.39:250][  0]LogInit: Computer: DESKTOP-H9VC9LG
[2017.09.18-00.53.39:250][  0]LogInit: User: mari
[2017.09.18-00.53.39:250][  0]LogInit: CPU Page size=4096, Cores=2
[2017.09.18-00.53.39:250][  0]LogInit: High frequency timer resolution =2.338331 MHz
[2017.09.18-00.53.39:250][  0]LogMemory: Memory total: Physical=7.9GB (8GB approx)
[2017.09.18-00.53.39:250][  0]LogMemory: Platform Memory Stats for Windows
[2017.09.18-00.53.39:250][  0]LogMemory: Process Physical Memory: 278.40 MB used, 278.40 MB peak
[2017.09.18-00.53.39:250][  0]LogMemory: Process Virtual Memory: 275.64 MB used, 275.64 MB peak
[2017.09.18-00.53.39:250][  0]LogMemory: Physical Memory: 4520.83 MB used,  3577.09 MB free, 8097.92 MB total
[2017.09.18-00.53.39:250][  0]LogMemory: Virtual Memory: 666.80 MB used,  3577.09 MB free, 134217728.00 MB total
[2017.09.18-00.53.40:282][  0]LogInit: Using OS detected language (pt-BR).
[2017.09.18-00.53.40:282][  0]LogInit: Using OS detected locale (pt-BR).
[2017.09.18-00.53.46:779][  0]LogD3D11RHI: D3D11 adapters:
[2017.09.18-00.53.46:786][  0]LogD3D11RHI:    0. 'Intel(R) HD Graphics 5500' (Feature Level 11_0)
[2017.09.18-00.53.46:786][  0]LogD3D11RHI:       128/0/4048 MB DedicatedVideo/DedicatedSystem/SharedSystem, Outputs:1, VendorId:0x8086
[2017.09.18-00.53.46:789][  0]LogD3D11RHI:    1. 'Microsoft Basic Render Driver' (Feature Level 11_0)
[2017.09.18-00.53.46:789][  0]LogD3D11RHI:       0/0/4048 MB DedicatedVideo/DedicatedSystem/SharedSystem, Outputs:0, VendorId:0x1414
[2017.09.18-00.53.46:789][  0]LogD3D11RHI: Chosen D3D11 Adapter: 0
[2017.09.18-00.53.46:797][  0]LogD3D11RHI: Creating new Direct3DDevice
[2017.09.18-00.53.46:797][  0]LogD3D11RHI:     GPU DeviceId: 0x1616 (for the marketing name, search the web for "GPU Device Id")
[2017.09.18-00.53.46:797][  0]LogWindows: EnumDisplayDevices:
[2017.09.18-00.53.46:797][  0]LogWindows:    0. 'Intel(R) HD Graphics 5500' (P:1 D:1)
[2017.09.18-00.53.46:797][  0]LogWindows:    1. 'Intel(R) HD Graphics 5500' (P:0 D:0)
[2017.09.18-00.53.46:798][  0]LogWindows:    2. 'Intel(R) HD Graphics 5500' (P:0 D:0)
[2017.09.18-00.53.46:798][  0]LogWindows: DebugString: FoundDriverCount:3 
[2017.09.18-00.53.46:798][  0]LogD3D11RHI:     Adapter Name: Intel(R) HD Graphics 5500
[2017.09.18-00.53.46:798][  0]LogD3D11RHI:   Driver Version: 20.19.15.4624 (internal:20.19.15.4624, unified:20.19.15.4624)
[2017.09.18-00.53.46:798][  0]LogD3D11RHI:      Driver Date: 3-8-2017
[2017.09.18-00.53.46:798][  0]LogRHI: Texture pool is 1361 MB (70% of 1945 MB)
[2017.09.18-00.53.46:804][  0]LogD3D11RHI: Async texture creation enabled
[2017.09.18-00.53.46:809][  0]LogD3D11RHI: GPU Timing Frequency: 12.500000 (Debug: 2 0)
[2017.09.18-00.53.46:810][  0]LogShaderCompilers: Guid format shader working directory is -35 characters bigger than the processId version (../../../../../../Users/mari_/OneDrive/Documentos/Unreal Projects/FamersVsAliens/Intermediate/Shaders/WorkingDirectory/13676/).
[2017.09.18-00.53.46:811][  0]LogShaderCompilers: Cleaned the shader compiler working directory 'C:/Users/mari_/AppData/Local/Temp/UnrealShaderWorkingDir/A6467E304AFF2F962AF8ADB70197736A/'.
[2017.09.18-00.53.46:811][  0]LogShaderCompilers: Display: Using Local Shader Compiler.
[2017.09.18-00.53.51:155][  0]LogTemp: Display: Loaded TP AllDesktopTargetPlatform
[2017.09.18-00.53.51:285][  0]LogTemp: Display: Loaded TP MacClientTargetPlatform
[2017.09.18-00.53.51:418][  0]LogTemp: Display: Loaded TP MacNoEditorTargetPlatform
[2017.09.18-00.53.51:542][  0]LogTemp: Display: Loaded TP MacServerTargetPlatform
[2017.09.18-00.53.51:700][  0]LogTemp: Display: Loaded TP MacTargetPlatform
[2017.09.18-00.53.51:828][  0]LogTemp: Display: Loaded TP WindowsClientTargetPlatform
[2017.09.18-00.53.51:967][  0]LogTemp: Display: Loaded TP WindowsNoEditorTargetPlatform
[2017.09.18-00.53.52:089][  0]LogTemp: Display: Loaded TP WindowsServerTargetPlatform
[2017.09.18-00.53.52:211][  0]LogTemp: Display: Loaded TP WindowsTargetPlatform
[2017.09.18-00.53.52:340][  0]LogTemp: Display: Loaded TP AndroidTargetPlatform
[2017.09.18-00.53.52:462][  0]LogTemp: Display: Loaded TP Android_ASTCTargetPlatform
[2017.09.18-00.53.52:592][  0]LogTemp: Display: Loaded TP Android_ATCTargetPlatform
[2017.09.18-00.53.52:725][  0]LogTemp: Display: Loaded TP Android_DXTTargetPlatform
[2017.09.18-00.53.52:852][  0]LogTemp: Display: Loaded TP Android_ETC1TargetPlatform
[2017.09.18-00.53.52:980][  0]LogTemp: Display: Loaded TP Android_ETC2TargetPlatform
[2017.09.18-00.53.53:238][  0]LogTemp: Display: Loaded TP Android_MultiTargetPlatform
[2017.09.18-00.53.53:238][  0]LogTemp: Display: Loaded TP Android_PVRTCTargetPlatform
[2017.09.18-00.53.53:353][  0]LogTemp: Display: Loaded TP HTML5TargetPlatform
[2017.09.18-00.53.53:616][  0]LogTemp: Display: Loaded TP IOSTargetPlatform
[2017.09.18-00.53.53:696][  0]LogTemp: Display: Loaded TP TVOSTargetPlatform
[2017.09.18-00.53.53:823][  0]LogTemp: Display: Loaded TP LinuxClientTargetPlatform
[2017.09.18-00.53.53:954][  0]LogTemp: Display: Loaded TP LinuxNoEditorTargetPlatform
[2017.09.18-00.53.54:076][  0]LogTemp: Display: Loaded TP LinuxServerTargetPlatform
[2017.09.18-00.53.54:309][  0]LogTemp: Display: Loaded TP LinuxTargetPlatform
[2017.09.18-00.53.54:310][  0]LogTargetPlatformManager: Display: Building Assets For Windows
[2017.09.18-00.53.56:343][  0]LogDerivedDataCache: Display: Max Cache Size: 512 MB
[2017.09.18-00.53.58:225][  0]LogDerivedDataCache: Loaded boot cache 1.88s 93MB C:/Users/mari_/AppData/Local/UnrealEngine/4.17/DerivedDataCache/Boot.ddc.
[2017.09.18-00.53.58:226][  0]LogDerivedDataCache: Display: Loaded Boot cache: C:/Users/mari_/AppData/Local/UnrealEngine/4.17/DerivedDataCache/Boot.ddc
[2017.09.18-00.53.58:226][  0]LogDerivedDataCache: FDerivedDataBackendGraph:  Pak pak cache file ../../../../../../Users/mari_/OneDrive/Documentos/Unreal Projects/FamersVsAliens/DerivedDataCache/DDC.ddp not found, will not use a pak cache.
[2017.09.18-00.53.58:226][  0]LogDerivedDataCache: Unable to find inner node Pak for hierarchical cache Hierarchy.
[2017.09.18-00.53.58:226][  0]LogDerivedDataCache: FDerivedDataBackendGraph:  CompressedPak pak cache file ../../../../../../Users/mari_/OneDrive/Documentos/Unreal Projects/FamersVsAliens/DerivedDataCache/Compressed.ddp not found, will not use a pak cache.
[2017.09.18-00.53.58:226][  0]LogDerivedDataCache: Unable to find inner node CompressedPak for hierarchical cache Hierarchy.
[2017.09.18-00.53.58:305][  0]LogDerivedDataCache: Display: Pak cache opened for reading ../../../Engine/DerivedDataCache/Compressed.ddp.
[2017.09.18-00.53.58:319][  0]LogDerivedDataCache: Using Local data cache path C:/Users/mari_/AppData/Local/UnrealEngine/Common/DerivedDataCache: Writable
[2017.09.18-00.53.58:338][  0]LogMaterial: Verifying Global Shaders for PCD3D_SM5
[2017.09.18-00.53.58:338][  0]LogSlate: Using Freetype 2.6.0
[2017.09.18-00.53.58:381][  0]LogSlate: SlateFontCache - WITH_FREETYPE: 1, WITH_HARFBUZZ: 1
[2017.09.18-00.53.58:381][  0]LogSlate: SlateFontCache - WITH_FREETYPE: 1, WITH_HARFBUZZ: 1
[2017.09.18-00.54.00:240][  0]LogAssetRegistry: FAssetRegistry took 0.0306 seconds to start up
[2017.09.18-00.54.00:536][  0]LogInit: Selected Device Profile: [Windows]
[2017.09.18-00.54.03:255][  0]LogSimplygon: Simplygon DLL not present - disabling.
[2017.09.18-00.54.03:517][  0]LogMeshReduction: Using SimplygonSwarm for distributed automatic mesh merging
[2017.09.18-00.54.03:517][  0]LogMeshReduction: Using QuadricMeshReduction for automatic static mesh reduction
[2017.09.18-00.54.03:517][  0]LogMeshReduction: No automatic skeletal mesh reduction module available
[2017.09.18-00.54.03:517][  0]LogMeshReduction: No automatic mesh merging module available
[2017.09.18-00.54.03:517][  0]LogMeshMerging: No automatic mesh merging module available
[2017.09.18-00.54.03:544][  0]LogContentStreaming: Texture pool size is 0.00 MB
[2017.09.18-00.54.05:400][  0]LogNetVersion: FamersVsAliens , NetCL: 3573198, EngineNetVer: 2, GameNetVer: 0 (Checksum: 3801939757)
[2017.09.18-00.54.06:680][  0]LogPackageLocalizationCache: Processed 5 localized package path(s) for 2 prioritized culture(s) in 0.138324 seconds
[2017.09.18-00.54.06:692][  0]LogUObjectArray: 35825 objects as part of root set at end of initial load.
[2017.09.18-00.54.06:692][  0]LogUObjectAllocator: 7529112 out of 0 bytes used by permanent object pool.
[2017.09.18-00.54.06:692][  0]LogUObjectArray: CloseDisregardForGC: 0/0 objects in disregard for GC pool
[2017.09.18-00.54.06:903][  0]LogInit: WinSock: version 1.1 (2.2), MaxSocks=32767, MaxUdp=65467
[2017.09.18-00.55.10:223][  0]LogTcpMessaging: Initializing TcpMessaging bridge
[2017.09.18-00.55.10:315][  0]LogUdpMessaging: Initializing bridge on interface 0.0.0.0:0 to multicast group 230.0.0.1:6666.
[2017.09.18-00.55.12:400][  0]LogMaterial: Uniform references updated for custom material expression Custom.
[2017.09.18-00.55.13:522][  0]SourceControl: Controle de origem desativado
[2017.09.18-00.55.13:522][  0]SourceControl: Controle de origem desativado
[2017.09.18-00.55.13:667][  0]SourceControl: Controle de origem desativado
[2017.09.18-00.55.13:800][  0]SourceControl: Controle de origem desativado
[2017.09.18-00.55.15:698][  0]LogAndroidPermission: UAndroidPermissionCallbackProxy::GetInstance
[2017.09.18-00.55.16:394][  0]LogOcInput: OculusInput pre-init called
[2017.09.18-00.55.17:109][  0]LogEngine: Initializing Engine...
[2017.09.18-00.55.17:111][  0]LogHMD: Failed to initialize OpenVR with code 110
[2017.09.18-00.55.17:451][  0]LogStats: UGameplayTagsManager::ConstructGameplayTagTree: Construct from data asset -  0.000 s
[2017.09.18-00.55.17:451][  0]LogStats: UGameplayTagsManager::ConstructGameplayTagTree: GameplayTagTreeChangedEvent.Broadcast -  0.000 s
[2017.09.18-00.55.17:815][  0]LogAIModule: Creating AISystem for world Untitled
[2017.09.18-00.55.17:849][  0]LogInit: XAudio2 using 'Alto-falantes (Realtek High Definition Audio)' : 2 channels at 48 kHz using 32 bits per sample (channel mask 0x3)
[2017.09.18-00.55.18:110][  0]LogInit: FAudioDevice initialized.
[2017.09.18-00.55.18:384][  0]LogDerivedDataCache: Saved boot cache 0.27s 93MB C:/Users/mari_/AppData/Local/UnrealEngine/4.17/DerivedDataCache/Boot.ddc.
[2017.09.18-00.55.18:410][  0]LogInit: Texture streaming: Enabled
[2017.09.18-00.55.18:833][  0]LogEngineSessionManager: EngineSessionManager initialized
[2017.09.18-00.55.19:644][  0]LogInit: Transaction tracking system initialized
[2017.09.18-00.55.20:563][  0]BlueprintLog: New page: Carregar Editor
[2017.09.18-00.55.23:217][  0]LocalizationService: Localization service is disabled
[2017.09.18-00.55.25:601][  0]LogConsoleResponse: Display: 
[2017.09.18-00.55.26:269][  0]LogCook: Display: Max memory allowance for cook 16384mb min free memory 0mb
[2017.09.18-00.55.26:269][  0]LogCook: Display: Mobile HDR setting 1
[2017.09.18-00.55.26:269][  0]LogGameplayTags: Display: UGameplayTagsManager::DoneAddingNativeTags. DelegateIsBound: 0
[2017.09.18-00.55.27:295][  0]LogFileCache: Scanning file cache for directory 'C:/Users/mari_/OneDrive/Documentos/Unreal Projects/FamersVsAliens/Content/' took 0.01s
[2017.09.18-00.55.29:985][  0]SourceControl: Controle de origem desativado
[2017.09.18-00.55.29:985][  0]Cmd: MAP LOAD FILE="../../../Engine/Content/Maps/Templates/Template_Default.umap" TEMPLATE=1 SHOWPROGRESS=1 FEATURELEVEL=3
[2017.09.18-00.55.29:986][  0]LightingResults: New page: Compilação de Iluminação
[2017.09.18-00.55.30:130][  0]MapCheck: New page: Verificação de Mapa
[2017.09.18-00.55.30:130][  0]LightingResults: New page: Compilação de Iluminação
[2017.09.18-00.55.30:596][  0]LogAIModule: Creating AISystem for world Untitled_1
[2017.09.18-00.55.30:635][  0]LogEditorServer: Finished looking for orphan Actors (0.000 secs)
[2017.09.18-00.55.30:663][  0]Cmd: MAP CHECKDEP NOCLEARLOG
[2017.09.18-00.55.30:771][  0]MapCheck: Map check complete: 0 Error(s), 0 Warning(s), took 107,128ms to complete.
[2017.09.18-00.55.30:771][  0]LogFileHelpers: Loading map 'Template_Default' took 0.786
[2017.09.18-00.55.31:103][  0]LogCollectionManager: Loaded 0 collections in 0.002824 seconds
[2017.09.18-00.55.31:275][  0]LogFileCache: Scanning file cache for directory 'C:/Users/mari_/OneDrive/Documentos/Unreal Projects/FamersVsAliens/Saved/Collections/' took 0.01s
[2017.09.18-00.55.31:275][  0]LogFileCache: Scanning file cache for directory 'C:/Users/mari_/OneDrive/Documentos/Unreal Projects/FamersVsAliens/Content/Developers/mari/Collections/' took 0.01s
[2017.09.18-00.55.31:275][  0]LogFileCache: Scanning file cache for directory 'C:/Users/mari_/OneDrive/Documentos/Unreal Projects/FamersVsAliens/Content/Collections/' took 0.01s
[2017.09.18-00.55.31:275][  0]LogCollectionManager: Rebuilt the GUID cache for 0 collections in 0.000000 seconds
[2017.09.18-00.55.31:291][  0]LogContentBrowser: Native class hierarchy populated in 0.0151 seconds. Added 2386 classes and 500 folders.
[2017.09.18-00.55.31:473][  0]LogContentBrowser: Native class hierarchy updated for 'WidgetCarousel' in 0.0008 seconds. Added 0 classes and 0 folders.
[2017.09.18-00.55.32:770][  0]LogContentBrowser: Native class hierarchy updated for 'AddContentDialog' in 0.0012 seconds. Added 0 classes and 0 folders.
[2017.09.18-00.55.32:894][  0]LogContentBrowser: Native class hierarchy updated for 'SceneOutliner' in 0.0010 seconds. Added 1 classes and 2 folders.
[2017.09.18-00.55.32:997][  0]LogSlate: Took 0.006937 seconds to synchronously load lazily loaded font '../../../Engine/Content/Slate/Fonts/Roboto-Regular.ttf' (155K)
[2017.09.18-00.55.33:021][  0]LogSlate: Took 0.021976 seconds to synchronously load lazily loaded font '../../../Engine/Content/Slate/Fonts/Roboto-Bold.ttf' (160K)
[2017.09.18-00.55.33:050][  0]LogSlate: Took 0.022304 seconds to synchronously load lazily loaded font '../../../Engine/Content/Editor/Slate/Fonts/FontAwesome.ttf' (139K)
[2017.09.18-00.55.33:230][  0]LogRenderer: Reallocating scene render targets to support 480x340 Format 10 NumSamples 1 (Frame:1).
[2017.09.18-00.55.34:045][  0]LogContentBrowser: Native class hierarchy updated for 'HierarchicalLODOutliner' in 0.0012 seconds. Added 1 classes and 2 folders.
[2017.09.18-00.55.34:045][  0]LogLoad: (Engine Initialization) Total time: 119.78 seconds
[2017.09.18-00.55.34:045][  0]LogLoad: (Engine Initialization) Total Blueprint compile time: 0.00 seconds
[2017.09.18-00.55.34:045][  0]LogExternalProfiler: No external profilers were discovered.  External profiling features will not be available.
[2017.09.18-00.55.34:084][  0]LogContentStreaming: Texture pool size now 1000 MB
[2017.09.18-00.55.34:125][  0]LogSlate: Took 0.005541 seconds to synchronously load lazily loaded font '../../../Engine/Content/Slate/Fonts/Roboto-Light.ttf' (159K)
[2017.09.18-00.55.34:147][  1]LogAssetRegistry: Asset discovery search completed in 93.9290 seconds
[2017.09.18-00.55.34:225][  1]LogCollectionManager: Rebuilt the object cache for 0 collections in 0.000000 seconds (found 0 objects)
[2017.09.18-00.55.34:225][  1]LogCollectionManager: Fixed up redirectors for 0 collections in 0.000073 seconds (updated 0 objects)
[2017.09.18-00.56.12:509][332]SourceControl: On branch master
[2017.09.18-00.56.12:509][332]SourceControl: Your branch is up-to-date with 'origin/master'.
[2017.09.18-00.56.12:509][332]SourceControl: Changes not staged for commit:
[2017.09.18-00.56.12:509][332]SourceControl:   (use "git add <file>..." to update what will be committed)
[2017.09.18-00.56.12:509][332]SourceControl:   (use "git checkout -- <file>..." to discard changes in working directory)
[2017.09.18-00.56.12:509][332]SourceControl: 	modified:   Intermediate/CachedAssetRegistry.bin
[2017.09.18-00.56.12:509][332]SourceControl: 	modified:   Intermediate/Config/CoalescedSourceConfigs/Engine.ini
[2017.09.18-00.56.12:509][332]SourceControl: 	modified:   Intermediate/Config/CoalescedSourceConfigs/Game.ini
[2017.09.18-00.56.12:509][332]SourceControl: 	modified:   Intermediate/Config/CoalescedSourceConfigs/Input.ini
[2017.09.18-00.56.12:509][332]SourceControl: 	modified:   Saved/Config/Windows/EditorPerProjectUserSettings.ini
[2017.09.18-00.56.12:509][332]SourceControl: 	modified:   Saved/Logs/FamersVsAliens.log
[2017.09.18-00.56.12:509][332]SourceControl: Untracked files:
[2017.09.18-00.56.12:509][332]SourceControl:   (use "git add <file>..." to include in what will be committed)
[2017.09.18-00.56.12:509][332]SourceControl: 	Intermediate/AssetRegistryCache/1c1156c6.bin
[2017.09.18-00.56.12:509][332]SourceControl: 	Intermediate/AssetRegistryCache/252ea18c.bin
[2017.09.18-00.56.12:509][332]SourceControl: 	Intermediate/AssetRegistryCache/3d26461c.bin
[2017.09.18-00.56.12:509][332]SourceControl: 	Intermediate/AssetRegistryCache/7a1554cf.bin
[2017.09.18-00.56.12:509][332]SourceControl: 	Intermediate/AssetRegistryCache/9f653f2c.bin
[2017.09.18-00.56.12:509][332]SourceControl: 	Intermediate/AssetRegistryCache/b4b2f441.bin
[2017.09.18-00.56.12:509][332]SourceControl: 	Intermediate/AssetRegistryCache/b648818b.bin
[2017.09.18-00.56.12:509][332]SourceControl: 	Intermediate/AssetRegistryCache/bc231332.bin
[2017.09.18-00.56.12:509][332]SourceControl: 	Intermediate/AssetRegistryCache/ca9391c3.bin
[2017.09.18-00.56.12:509][332]SourceControl: 	Intermediate/AssetRegistryCache/ee85c077.bin
[2017.09.18-00.56.12:509][332]SourceControl: 	Saved/Config/CrashReportClient/UE4CC-Windows-0B1F74654D117BAF815F1B9EFCD19A52/
[2017.09.18-00.56.12:509][332]SourceControl: 	Saved/Logs/FamersVsAliens-backup-2017.09.17-21.53.37.log
[2017.09.18-00.56.12:509][332]SourceControl: no changes added to commit (use "git add" and/or "git commit -a")
[2017.09.18-01.06.38:459][120]LogEditorViewport: Clicking on Actor (LMB): StaticMeshActor (Floor)
[2017.09.18-01.06.40:914][191]LogMaterial: Missing cached shader map for material MaterialBase, compiling. 
[2017.09.18-01.06.42:000][233]LogTemp: Repeating last play command: Selected Viewport
[2017.09.18-01.06.42:156][233]LogPlayLevel: PlayLevel: No blueprints needed recompiling
[2017.09.18-01.06.42:308][233]PIE: New page: Sessão de PIE : Untitled_1 (17/09/2017 19:06:42)
[2017.09.18-01.06.42:340][233]LogPlayLevel: Creating play world package: /Temp/UEDPIE_0_Untitled_1
[2017.09.18-01.06.42:376][233]LogPlayLevel: PIE: StaticDuplicateObject took: (0.035279s)
[2017.09.18-01.06.42:377][233]LogAIModule: Creating AISystem for world Untitled_1
[2017.09.18-01.06.42:378][233]LogPlayLevel: PIE: World Init took: (0.001466s)
[2017.09.18-01.06.42:392][233]LogPlayLevel: PIE: Created PIE world by copying editor world from /Temp/Untitled_1.Untitled_1 to /Temp/UEDPIE_0_Untitled_1.Untitled_1 (0.051055s)
[2017.09.18-01.06.42:437][233]LogInit: XAudio2 using 'Alto-falantes (Realtek High Definition Audio)' : 2 channels at 48 kHz using 32 bits per sample (channel mask 0x3)
[2017.09.18-01.06.42:461][233]LogInit: FAudioDevice initialized.
[2017.09.18-01.06.42:557][233]LogLoad: Game class is 'ModoDeJogo_C'
[2017.09.18-01.06.42:717][233]LogWorld: Bringing World /Temp/UEDPIE_0_Untitled_1.Untitled_1 up for play (max tick rate 60) at 2017.09.17-22.06.42
[2017.09.18-01.06.42:812][233]LogWorld: Bringing up level for play took: 0.107992
[2017.09.18-01.06.43:289][233]LogContentBrowser: Native class hierarchy updated for 'MovieSceneCapture' in 0.0015 seconds. Added 11 classes and 0 folders.
[2017.09.18-01.06.43:442][233]PIE: Momento de início de reprodução no editor para /Temp/UEDPIE_0_Untitled_1 1,21
[2017.09.18-01.07.15:293][353]LogTemp: Repeating last play command: Selected Viewport
[2017.09.18-01.07.15:639][353]LogPlayLevel: PlayLevel: No blueprints needed recompiling
[2017.09.18-01.07.15:639][353]PIE: New page: Sessão de PIE : Untitled_1 (17/09/2017 19:07:15)
[2017.09.18-01.07.15:639][353]LogPlayLevel: Creating play world package: /Temp/UEDPIE_0_Untitled_1
[2017.09.18-01.07.15:642][353]LogPlayLevel: PIE: StaticDuplicateObject took: (0.002689s)
[2017.09.18-01.07.15:643][353]LogAIModule: Creating AISystem for world Untitled_1
[2017.09.18-01.07.15:643][353]LogPlayLevel: PIE: World Init took: (0.001125s)
[2017.09.18-01.07.15:643][353]LogPlayLevel: PIE: Created PIE world by copying editor world from /Temp/Untitled_1.Untitled_1 to /Temp/UEDPIE_0_Untitled_1.Untitled_1 (0.004208s)
[2017.09.18-01.07.15:671][353]LogInit: XAudio2 using 'Alto-falantes (Realtek High Definition Audio)' : 2 channels at 48 kHz using 32 bits per sample (channel mask 0x3)
[2017.09.18-01.07.15:694][353]LogInit: FAudioDevice initialized.
[2017.09.18-01.07.15:741][353]LogLoad: Game class is 'ModoDeJogo_C'
[2017.09.18-01.07.15:743][353]LogWorld: Bringing World /Temp/UEDPIE_0_Untitled_1.Untitled_1 up for play (max tick rate 60) at 2017.09.17-22.07.15
[2017.09.18-01.07.15:743][353]LogWorld: Bringing up level for play took: 0.001552
[2017.09.18-01.07.15:748][353]PIE: Momento de início de reprodução no editor para /Temp/UEDPIE_0_Untitled_1 -0,484
[2017.09.18-01.08.33:500][ 18]SourceControl: Error: fatal: Invalid path '/Temp': No such file or directory
[2017.09.18-01.08.36:468][123]Cmd: SELECT NONE
[2017.09.18-01.08.38:174][175]LogEditorViewport: Clicking on Actor (LMB): StaticMeshActor (Floor)
[2017.09.18-01.08.41:643][286]LogEditorActor: Deleted Actor: NavModifierVolume
[2017.09.18-01.08.41:679][286]LogEditorActor: Deleted 1 Actors (0.037 secs)
[2017.09.18-01.09.08:719][793]LogSlate: Took 0.000450 seconds to synchronously load lazily loaded font '../../../Engine/Content/Slate/Fonts/Roboto-Light.ttf' (159K)
[2017.09.18-01.09.17:322][819]LogSlate: Took 0.000254 seconds to synchronously load lazily loaded font '../../../Engine/Content/Slate/Fonts/Roboto-Light.ttf' (159K)
[2017.09.18-01.09.17:656][819]LogSavePackage: Save=108.93ms
[2017.09.18-01.09.17:657][819]LogSavePackage: Moving '../../../../../../Users/mari_/OneDrive/Documentos/Unreal Projects/FamersVsAliens/Saved/Untitled_1_Auto1F231FCFA4362E418D4F0F4A0D80437A5.tmp' to '../../../../../../Users/mari_/OneDrive/Documentos/Unreal Projects/FamersVsAliens/Saved/Autosaves/Temp/Untitled_1_Auto1.umap'
[2017.09.18-01.09.17:660][819]LogSavePackage: Display: Finished SavePackage ../../../../../../Users/mari_/OneDrive/Documentos/Unreal Projects/FamersVsAliens/Saved/Autosaves/Temp/Untitled_1_Auto1.umap
[2017.09.18-01.09.17:672][819]LogFileHelpers: Editor autosave (incl. sublevels) for '/Temp/Untitled_1' took 0.194
[2017.09.18-01.09.17:672][819]LogFileHelpers: Editor autosave (incl. sublevels) for all levels took 0.194
[2017.09.18-01.14.07:856][496]LogEditorViewport: Clicking on Actor (LMB): StaticMeshActor (Floor)
[2017.09.18-01.14.09:230][592]LogEditorViewport: Clicking on Actor (LMB): StaticMeshActor (Floor)
[2017.09.18-01.14.09:907][640]LogEditorViewport: Clicking on Actor (LMB): StaticMeshActor (Floor)
[2017.09.18-01.14.10:998][723]LogEditorViewport: Clicking Background
[2017.09.18-01.14.12:228][809]LogEditorViewport: Clicking on Actor (LMB): StaticMeshActor (Floor)
[2017.09.18-01.14.13:160][874]LogEditorViewport: Clicking on Actor (LMB): AtmosphericFog (Atmospheric Fog)
[2017.09.18-01.14.17:055][107]LogEditorViewport: Clicking on Actor (LMB): StaticMeshActor (Floor)
[2017.09.18-01.14.18:600][158]LogEditorViewport: Clicking on Actor (LMB): BP_Sky_Sphere_C (Sky Sphere)
[2017.09.18-01.14.58:216][520]LogEditorViewport: Clicking on Actor (LMB): BP_Sky_Sphere_C (Sky Sphere)
[2017.09.18-01.19.18:514][ 98]LogSavePackage: Save=103.08ms
[2017.09.18-01.19.18:514][ 98]LogSavePackage: Moving '../../../../../../Users/mari_/OneDrive/Documentos/Unreal Projects/FamersVsAliens/Saved/Untitled_1_Auto2482D199445F1DF88C4C1F5B4E64D062B.tmp' to '../../../../../../Users/mari_/OneDrive/Documentos/Unreal Projects/FamersVsAliens/Saved/Autosaves/Temp/Untitled_1_Auto2.umap'
[2017.09.18-01.19.18:522][ 98]LogSavePackage: Display: Finished SavePackage ../../../../../../Users/mari_/OneDrive/Documentos/Unreal Projects/FamersVsAliens/Saved/Autosaves/Temp/Untitled_1_Auto2.umap
[2017.09.18-01.19.18:532][ 98]LogFileHelpers: Editor autosave (incl. sublevels) for '/Temp/Untitled_1' took 0.271
[2017.09.18-01.19.18:532][ 98]LogFileHelpers: Editor autosave (incl. sublevels) for all levels took 0.271
[2017.09.18-01.19.18:539][ 98]OBJ SavePackage: Generating thumbnails for [0] asset(s) in package [/Game/NewBlueprint] ([1] browsable assets)...
[2017.09.18-01.19.18:539][ 98]OBJ SavePackage: Finished generating thumbnails for package [/Game/NewBlueprint]
[2017.09.18-01.19.18:621][ 98]LogSavePackage: Save=67.24ms
[2017.09.18-01.19.18:622][ 98]LogSavePackage: Moving '../../../../../../Users/mari_/OneDrive/Documentos/Unreal Projects/FamersVsAliens/Saved/NewBlueprint_Auto212E9EDEC46FBE8817F4305A37BA38FB1.tmp' to '../../../../../../Users/mari_/OneDrive/Documentos/Unreal Projects/FamersVsAliens/Saved/Autosaves/Game/NewBlueprint_Auto2.uasset'
[2017.09.18-01.19.18:628][ 98]LogSavePackage: Display: Finished SavePackage ../../../../../../Users/mari_/OneDrive/Documentos/Unreal Projects/FamersVsAliens/Saved/Autosaves/Game/NewBlueprint_Auto2.uasset
[2017.09.18-01.19.18:632][ 98]OBJ SavePackage: Generating thumbnails for [0] asset(s) in package [/Game/VacasController] ([1] browsable assets)...
[2017.09.18-01.19.18:632][ 98]OBJ SavePackage: Finished generating thumbnails for package [/Game/VacasController]
[2017.09.18-01.19.18:677][ 98]LogSavePackage: Save=38.16ms
[2017.09.18-01.19.18:677][ 98]LogSavePackage: Moving '../../../../../../Users/mari_/OneDrive/Documentos/Unreal Projects/FamersVsAliens/Saved/VacasController_Auto2CDF419304BC8AE089E279088DA28C1DA.tmp' to '../../../../../../Users/mari_/OneDrive/Documentos/Unreal Projects/FamersVsAliens/Saved/Autosaves/Game/VacasController_Auto2.uasset'
[2017.09.18-01.19.18:681][ 98]LogSavePackage: Display: Finished SavePackage ../../../../../../Users/mari_/OneDrive/Documentos/Unreal Projects/FamersVsAliens/Saved/Autosaves/Game/VacasController_Auto2.uasset
[2017.09.18-01.19.18:681][ 98]LogFileHelpers: Auto-saving content packages took 0.147
[2017.09.18-01.19.54:164][930]SourceControl: On branch master
[2017.09.18-01.19.54:164][930]SourceControl: Your branch is up-to-date with 'origin/master'.
[2017.09.18-01.19.54:164][930]SourceControl: Changes not staged for commit:
[2017.09.18-01.19.54:164][930]SourceControl:   (use "git add <file>..." to update what will be committed)
[2017.09.18-01.19.54:164][930]SourceControl:   (use "git checkout -- <file>..." to discard changes in working directory)
[2017.09.18-01.19.54:164][930]SourceControl: 	modified:   Intermediate/CachedAssetRegistry.bin
[2017.09.18-01.19.54:164][930]SourceControl: 	modified:   Intermediate/Config/CoalescedSourceConfigs/Engine.ini
[2017.09.18-01.19.54:164][930]SourceControl: 	modified:   Intermediate/Config/CoalescedSourceConfigs/Game.ini
[2017.09.18-01.19.54:164][930]SourceControl: 	modified:   Intermediate/Config/CoalescedSourceConfigs/Input.ini
[2017.09.18-01.19.54:164][930]SourceControl: 	modified:   Saved/Config/Windows/Editor.ini
[2017.09.18-01.19.54:164][930]SourceControl: 	modified:   Saved/Config/Windows/EditorPerProjectUserSettings.ini
[2017.09.18-01.19.54:164][930]SourceControl: 	modified:   Saved/Logs/FamersVsAliens.log
[2017.09.18-01.19.54:164][930]SourceControl: Untracked files:
[2017.09.18-01.19.54:164][930]SourceControl:   (use "git add <file>..." to include in what will be committed)
[2017.09.18-01.19.54:164][930]SourceControl: 	Intermediate/AssetRegistryCache/1c1156c6.bin
[2017.09.18-01.19.54:164][930]SourceControl: 	Intermediate/AssetRegistryCache/252ea18c.bin
[2017.09.18-01.19.54:164][930]SourceControl: 	Intermediate/AssetRegistryCache/311563bb.bin
[2017.09.18-01.19.54:164][930]SourceControl: 	Intermediate/AssetRegistryCache/3d26461c.bin
[2017.09.18-01.19.54:164][930]SourceControl: 	Intermediate/AssetRegistryCache/7a1554cf.bin
[2017.09.18-01.19.54:164][930]SourceControl: 	Intermediate/AssetRegistryCache/9f653f2c.bin
[2017.09.18-01.19.54:164][930]SourceControl: 	Intermediate/AssetRegistryCache/b4b2f441.bin
[2017.09.18-01.19.54:164][930]SourceControl: 	Intermediate/AssetRegistryCache/b648818b.bin
[2017.09.18-01.19.54:164][930]SourceControl: 	Intermediate/AssetRegistryCache/bc231332.bin
[2017.09.18-01.19.54:164][930]SourceControl: 	Intermediate/AssetRegistryCache/c90e3f55.bin
[2017.09.18-01.19.54:164][930]SourceControl: 	Intermediate/AssetRegistryCache/ca9391c3.bin
[2017.09.18-01.19.54:164][930]SourceControl: 	Intermediate/AssetRegistryCache/ee85c077.bin
[2017.09.18-01.19.54:164][930]SourceControl: 	Saved/Autosaves/
[2017.09.18-01.19.54:164][930]SourceControl: 	Saved/Config/CrashReportClient/UE4CC-Windows-0B1F74654D117BAF815F1B9EFCD19A52/
[2017.09.18-01.19.54:164][930]SourceControl: 	Saved/Config/Windows/SourceControlSettings.ini
[2017.09.18-01.19.54:164][930]SourceControl: 	Saved/Config/WorldState/
[2017.09.18-01.19.54:164][930]SourceControl: 	Saved/Logs/FamersVsAliens-backup-2017.09.17-21.53.37.log
[2017.09.18-01.19.54:164][930]SourceControl: no changes added to commit (use "git add" and/or "git commit -a")
[2017.09.18-01.19.54:981][930]LogMetaData: Removing '/Game/BP_Vacas.BP_Vacas:UserConstructionScript.K2Node_FunctionEntry_0' ref from Metadata '/Game/NewBlueprint.PackageMetaData'
[2017.09.18-01.19.54:981][930]LogMetaData: Removing '/Game/BP_Vacas.SKEL_BP_Vacas_C' ref from Metadata '/Game/NewBlueprint.PackageMetaData'
[2017.09.18-01.19.54:981][930]LogMetaData: Removing '/Game/BP_Vacas.BP_Vacas_C' ref from Metadata '/Game/NewBlueprint.PackageMetaData'
[2017.09.18-01.19.54:981][930]LogMetaData: Removing '/Game/BP_Vacas.BP_Vacas:EventGraph.K2Node_Event_0' ref from Metadata '/Game/NewBlueprint.PackageMetaData'
[2017.09.18-01.19.54:981][930]LogMetaData: Removing '/Game/BP_Vacas.BP_Vacas:EventGraph.K2Node_Event_1' ref from Metadata '/Game/NewBlueprint.PackageMetaData'
[2017.09.18-01.19.54:981][930]LogMetaData: Removing '/Game/BP_Vacas.BP_Vacas:EventGraph.K2Node_Event_2' ref from Metadata '/Game/NewBlueprint.PackageMetaData'
[2017.09.18-01.19.55:053][930]Cmd: OBJ SAVEPACKAGE PACKAGE="/Game/BP_Vacas" FILE="../../../../../../Users/mari_/OneDrive/Documentos/Unreal Projects/FamersVsAliens/Content/BP_Vacas.uasset" SILENT=true
[2017.09.18-01.19.55:079][930]LogSavePackage: Save=22.32ms
[2017.09.18-01.19.55:080][930]LogSavePackage: Moving '../../../../../../Users/mari_/OneDrive/Documentos/Unreal Projects/FamersVsAliens/Saved/BP_Vacas8277A706455766092221F482FB731E80.tmp' to '../../../../../../Users/mari_/OneDrive/Documentos/Unreal Projects/FamersVsAliens/Content/BP_Vacas.uasset'
[2017.09.18-01.19.55:088][930]LogSavePackage: Display: Finished SavePackage ../../../../../../Users/mari_/OneDrive/Documentos/Unreal Projects/FamersVsAliens/Content/BP_Vacas.uasset
[2017.09.18-01.21.22:003][669]LogEditorViewport: Clicking on Actor (LMB): BP_Sky_Sphere_C (Sky Sphere)
[2017.09.18-01.22.58:028][923]SourceControl: On branch master
[2017.09.18-01.22.58:028][923]SourceControl: Your branch is up-to-date with 'origin/master'.
[2017.09.18-01.22.58:028][923]SourceControl: Changes to be committed:
[2017.09.18-01.22.58:028][923]SourceControl:   (use "git reset HEAD <file>..." to unstage)
[2017.09.18-01.22.58:028][923]SourceControl: 	new file:   Content/BP_Vacas.uasset
[2017.09.18-01.22.58:028][923]SourceControl: Changes not staged for commit:
[2017.09.18-01.22.58:028][923]SourceControl:   (use "git add <file>..." to update what will be committed)
[2017.09.18-01.22.58:028][923]SourceControl:   (use "git checkout -- <file>..." to discard changes in working directory)
[2017.09.18-01.22.58:028][923]SourceControl: 	modified:   Intermediate/CachedAssetRegistry.bin
[2017.09.18-01.22.58:028][923]SourceControl: 	modified:   Intermediate/Config/CoalescedSourceConfigs/Engine.ini
[2017.09.18-01.22.58:028][923]SourceControl: 	modified:   Intermediate/Config/CoalescedSourceConfigs/Game.ini
[2017.09.18-01.22.58:028][923]SourceControl: 	modified:   Intermediate/Config/CoalescedSourceConfigs/Input.ini
[2017.09.18-01.22.58:028][923]SourceControl: 	modified:   Saved/Config/Windows/Editor.ini
[2017.09.18-01.22.58:028][923]SourceControl: 	modified:   Saved/Config/Windows/EditorPerProjectUserSettings.ini
[2017.09.18-01.22.58:028][923]SourceControl: 	modified:   Saved/Logs/FamersVsAliens.log
[2017.09.18-01.22.58:028][923]SourceControl: Untracked files:
[2017.09.18-01.22.58:028][923]SourceControl:   (use "git add <file>..." to include in what will be committed)
[2017.09.18-01.22.58:028][923]SourceControl: 	Intermediate/AssetRegistryCache/1c1156c6.bin
[2017.09.18-01.22.58:028][923]SourceControl: 	Intermediate/AssetRegistryCache/252ea18c.bin
[2017.09.18-01.22.58:028][923]SourceControl: 	Intermediate/AssetRegistryCache/311563bb.bin
[2017.09.18-01.22.58:028][923]SourceControl: 	Intermediate/AssetRegistryCache/3d26461c.bin
[2017.09.18-01.22.58:028][923]SourceControl: 	Intermediate/AssetRegistryCache/7a1554cf.bin
[2017.09.18-01.22.58:028][923]SourceControl: 	Intermediate/AssetRegistryCache/9f653f2c.bin
[2017.09.18-01.22.58:028][923]SourceControl: 	Intermediate/AssetRegistryCache/b4b2f441.bin
[2017.09.18-01.22.58:028][923]SourceControl: 	Intermediate/AssetRegistryCache/b648818b.bin
[2017.09.18-01.22.58:028][923]SourceControl: 	Intermediate/AssetRegistryCache/bc231332.bin
[2017.09.18-01.22.58:028][923]SourceControl: 	Intermediate/AssetRegistryCache/c90e3f55.bin
[2017.09.18-01.22.58:028][923]SourceControl: 	Intermediate/AssetRegistryCache/ca9391c3.bin
[2017.09.18-01.22.58:028][923]SourceControl: 	Intermediate/AssetRegistryCache/ee85c077.bin
[2017.09.18-01.22.58:028][923]SourceControl: 	Saved/Autosaves/
[2017.09.18-01.22.58:028][923]SourceControl: 	Saved/Config/CrashReportClient/UE4CC-Windows-0B1F74654D117BAF815F1B9EFCD19A52/
[2017.09.18-01.22.58:028][923]SourceControl: 	Saved/Config/Windows/SourceControlSettings.ini
[2017.09.18-01.22.58:029][923]SourceControl: 	Saved/Config/WorldState/
[2017.09.18-01.22.58:029][923]SourceControl: 	Saved/Logs/FamersVsAliens-backup-2017.09.17-21.53.37.log
[2017.09.18-01.22.58:468][923]Cmd: OBJ SAVEPACKAGE PACKAGE="/Game/Vacas_BehaviorTree" FILE="../../../../../../Users/mari_/OneDrive/Documentos/Unreal Projects/FamersVsAliens/Content/Vacas_BehaviorTree.uasset" SILENT=true
[2017.09.18-01.22.58:487][923]LogSavePackage: Save=8.99ms
[2017.09.18-01.22.58:487][923]LogSavePackage: Moving '../../../../../../Users/mari_/OneDrive/Documentos/Unreal Projects/FamersVsAliens/Saved/Vacas_BehaviorTree81379F184A152F86FFAF639ED37ECF0D.tmp' to '../../../../../../Users/mari_/OneDrive/Documentos/Unreal Projects/FamersVsAliens/Content/Vacas_BehaviorTree.uasset'
[2017.09.18-01.22.58:511][923]LogSavePackage: Display: Finished SavePackage ../../../../../../Users/mari_/OneDrive/Documentos/Unreal Projects/FamersVsAliens/Content/Vacas_BehaviorTree.uasset
[2017.09.18-01.23.35:070][782]SourceControl: On branch master
[2017.09.18-01.23.35:070][782]SourceControl: Your branch is up-to-date with 'origin/master'.
[2017.09.18-01.23.35:070][782]SourceControl: Changes to be committed:
[2017.09.18-01.23.35:070][782]SourceControl:   (use "git reset HEAD <file>..." to unstage)
[2017.09.18-01.23.35:071][782]SourceControl: 	new file:   Content/BP_Vacas.uasset
[2017.09.18-01.23.35:071][782]SourceControl: 	new file:   Content/Vacas_BehaviorTree.uasset
[2017.09.18-01.23.35:071][782]SourceControl: Changes not staged for commit:
[2017.09.18-01.23.35:071][782]SourceControl:   (use "git add <file>..." to update what will be committed)
[2017.09.18-01.23.35:071][782]SourceControl:   (use "git checkout -- <file>..." to discard changes in working directory)
[2017.09.18-01.23.35:071][782]SourceControl: 	modified:   Intermediate/CachedAssetRegistry.bin
[2017.09.18-01.23.35:071][782]SourceControl: 	modified:   Intermediate/Config/CoalescedSourceConfigs/Engine.ini
[2017.09.18-01.23.35:071][782]SourceControl: 	modified:   Intermediate/Config/CoalescedSourceConfigs/Game.ini
[2017.09.18-01.23.35:071][782]SourceControl: 	modified:   Intermediate/Config/CoalescedSourceConfigs/Input.ini
[2017.09.18-01.23.35:071][782]SourceControl: 	modified:   Saved/Config/Windows/Editor.ini
[2017.09.18-01.23.35:071][782]SourceControl: 	modified:   Saved/Config/Windows/EditorPerProjectUserSettings.ini
[2017.09.18-01.23.35:071][782]SourceControl: 	modified:   Saved/Logs/FamersVsAliens.log
[2017.09.18-01.23.35:071][782]SourceControl: Untracked files:
[2017.09.18-01.23.35:071][782]SourceControl:   (use "git add <file>..." to include in what will be committed)
[2017.09.18-01.23.35:071][782]SourceControl: 	Intermediate/AssetRegistryCache/1c1156c6.bin
[2017.09.18-01.23.35:071][782]SourceControl: 	Intermediate/AssetRegistryCache/252ea18c.bin
[2017.09.18-01.23.35:071][782]SourceControl: 	Intermediate/AssetRegistryCache/311563bb.bin
[2017.09.18-01.23.35:071][782]SourceControl: 	Intermediate/AssetRegistryCache/3d26461c.bin
[2017.09.18-01.23.35:071][782]SourceControl: 	Intermediate/AssetRegistryCache/7a1554cf.bin
[2017.09.18-01.23.35:071][782]SourceControl: 	Intermediate/AssetRegistryCache/9f653f2c.bin
[2017.09.18-01.23.35:071][782]SourceControl: 	Intermediate/AssetRegistryCache/b4b2f441.bin
[2017.09.18-01.23.35:071][782]SourceControl: 	Intermediate/AssetRegistryCache/b648818b.bin
[2017.09.18-01.23.35:072][782]SourceControl: 	Intermediate/AssetRegistryCache/bc231332.bin
[2017.09.18-01.23.35:072][782]SourceControl: 	Intermediate/AssetRegistryCache/c90e3f55.bin
[2017.09.18-01.23.35:072][782]SourceControl: 	Intermediate/AssetRegistryCache/ca9391c3.bin
[2017.09.18-01.23.35:072][782]SourceControl: 	Intermediate/AssetRegistryCache/ee85c077.bin
[2017.09.18-01.23.35:072][782]SourceControl: 	Saved/Autosaves/
[2017.09.18-01.23.35:072][782]SourceControl: 	Saved/Config/CrashReportClient/UE4CC-Windows-0B1F74654D117BAF815F1B9EFCD19A52/
[2017.09.18-01.23.35:072][782]SourceControl: 	Saved/Config/Windows/SourceControlSettings.ini
[2017.09.18-01.23.35:072][782]SourceControl: 	Saved/Config/WorldState/
[2017.09.18-01.23.35:072][782]SourceControl: 	Saved/Logs/FamersVsAliens-backup-2017.09.17-21.53.37.log
[2017.09.18-01.23.36:526][782]Cmd: OBJ SAVEPACKAGE PACKAGE="/Game/Vacas_Blackboard" FILE="../../../../../../Users/mari_/OneDrive/Documentos/Unreal Projects/FamersVsAliens/Content/Vacas_Blackboard.uasset" SILENT=true
[2017.09.18-01.23.36:546][782]LogSavePackage: Save=12.88ms
[2017.09.18-01.23.36:546][782]LogSavePackage: Moving '../../../../../../Users/mari_/OneDrive/Documentos/Unreal Projects/FamersVsAliens/Saved/Vacas_Blackboard4A8D7E214EAC793F83C743B26F3FF73D.tmp' to '../../../../../../Users/mari_/OneDrive/Documentos/Unreal Projects/FamersVsAliens/Content/Vacas_Blackboard.uasset'
[2017.09.18-01.23.36:555][782]LogSavePackage: Display: Finished SavePackage ../../../../../../Users/mari_/OneDrive/Documentos/Unreal Projects/FamersVsAliens/Content/Vacas_Blackboard.uasset
[2017.09.18-01.29.20:080][940]LogSavePackage: Save=38.59ms
[2017.09.18-01.29.20:080][940]LogSavePackage: Moving '../../../../../../Users/mari_/OneDrive/Documentos/Unreal Projects/FamersVsAliens/Saved/Untitled_1_Auto310615A0045AC5F5568BB6AB24BB52CA0.tmp' to '../../../../../../Users/mari_/OneDrive/Documentos/Unreal Projects/FamersVsAliens/Saved/Autosaves/Temp/Untitled_1_Auto3.umap'
[2017.09.18-01.29.20:197][940]LogSavePackage: Display: Finished SavePackage ../../../../../../Users/mari_/OneDrive/Documentos/Unreal Projects/FamersVsAliens/Saved/Autosaves/Temp/Untitled_1_Auto3.umap
[2017.09.18-01.29.20:214][940]LogFileHelpers: Editor autosave (incl. sublevels) for '/Temp/Untitled_1' took 0.201
[2017.09.18-01.29.20:214][940]LogFileHelpers: Editor autosave (incl. sublevels) for all levels took 0.201
[2017.09.18-01.29.20:226][940]OBJ SavePackage: Generating thumbnails for [0] asset(s) in package [/Game/NewBlueprint] ([1] browsable assets)...
[2017.09.18-01.29.20:226][940]OBJ SavePackage: Finished generating thumbnails for package [/Game/NewBlueprint]
[2017.09.18-01.29.20:258][940]LogSavePackage: Save=20.90ms
[2017.09.18-01.29.20:258][940]LogSavePackage: Moving '../../../../../../Users/mari_/OneDrive/Documentos/Unreal Projects/FamersVsAliens/Saved/NewBlueprint_Auto34247BE41408F9B7354B7059C41D7F27C.tmp' to '../../../../../../Users/mari_/OneDrive/Documentos/Unreal Projects/FamersVsAliens/Saved/Autosaves/Game/NewBlueprint_Auto3.uasset'
[2017.09.18-01.29.20:263][940]LogSavePackage: Display: Finished SavePackage ../../../../../../Users/mari_/OneDrive/Documentos/Unreal Projects/FamersVsAliens/Saved/Autosaves/Game/NewBlueprint_Auto3.uasset
[2017.09.18-01.29.20:265][940]OBJ SavePackage: Generating thumbnails for [0] asset(s) in package [/Game/VacasController] ([1] browsable assets)...
[2017.09.18-01.29.20:265][940]OBJ SavePackage: Finished generating thumbnails for package [/Game/VacasController]
[2017.09.18-01.29.20:294][940]LogSavePackage: Save=23.54ms
[2017.09.18-01.29.20:294][940]LogSavePackage: Moving '../../../../../../Users/mari_/OneDrive/Documentos/Unreal Projects/FamersVsAliens/Saved/VacasController_Auto306022ABB4F7B9AA3E190F088B97F44EB.tmp' to '../../../../../../Users/mari_/OneDrive/Documentos/Unreal Projects/FamersVsAliens/Saved/Autosaves/Game/VacasController_Auto3.uasset'
[2017.09.18-01.29.20:298][940]LogSavePackage: Display: Finished SavePackage ../../../../../../Users/mari_/OneDrive/Documentos/Unreal Projects/FamersVsAliens/Saved/Autosaves/Game/VacasController_Auto3.uasset
[2017.09.18-01.29.20:298][940]LogFileHelpers: Auto-saving content packages took 0.079
[2017.09.18-01.31.29:165][348]SourceControl: fatal: C:/Program Files/Epic Games/UE_4.17/Engine/Content/: 'C:/Program Files/Epic Games/UE_4.17/Engine/Content/' is outside repository
[2017.09.18-01.32.02:993][348]LogSourceControl: FGitCheckInWorker: commit successful
[2017.09.18-01.32.03:114][348]SourceControl: [master 6fe4f84] Inicio Movimentação da vaca
[2017.09.18-01.32.03:114][348]SourceControl:  3 files changed, 0 insertions(+), 0 deletions(-)
[2017.09.18-01.32.03:114][348]SourceControl:  create mode 100644 Content/BP_Vacas.uasset
[2017.09.18-01.32.03:114][348]SourceControl:  create mode 100644 Content/Vacas_BehaviorTree.uasset
[2017.09.18-01.32.03:114][348]SourceControl:  create mode 100644 Content/Vacas_Blackboard.uasset
[2017.09.18-01.32.03:122][348]SourceControl: Commited [master 6fe4f84] Inicio Movimentação da vaca.
[2017.09.18-01.44.12:338][ 38]SourceControl: Error: fatal: Invalid path '/Temp': No such file or directory
[2017.09.18-01.44.19:355][ 59]SourceControl: Error: fatal: Invalid path '/Temp': No such file or directory
[2017.09.18-01.44.22:830][160]SourceControl: Error: fatal: Invalid path '/Temp': No such file or directory
[2017.09.18-01.44.36:191][180]SourceControl: Error: fatal: Invalid path '/Temp': No such file or directory
[2017.09.18-01.44.42:419][377]SourceControl: Error: fatal: Invalid path '/Temp': No such file or directory
[2017.09.18-01.45.07:569][377]Cmd: OBJ SAVEPACKAGE PACKAGE="/Game/Untitled" FILE="../../../../../../Users/mari_/OneDrive/Documentos/Unreal Projects/FamersVsAliens/Content/Untitled.umap" SILENT=true AUTOSAVING=false KEEPDIRTY=false
[2017.09.18-01.45.07:700][377]LogSavePackage: Save=73.32ms
[2017.09.18-01.45.07:700][377]LogSavePackage: Moving '../../../../../../Users/mari_/OneDrive/Documentos/Unreal Projects/FamersVsAliens/Saved/UntitledC28B89A742DEA21505CC6D89D184E10A.tmp' to '../../../../../../Users/mari_/OneDrive/Documentos/Unreal Projects/FamersVsAliens/Content/Untitled.umap'
[2017.09.18-01.45.07:726][377]LogSavePackage: Display: Finished SavePackage ../../../../../../Users/mari_/OneDrive/Documentos/Unreal Projects/FamersVsAliens/Content/Untitled.umap
[2017.09.18-01.45.08:092][377]LogSlate: Took 0.000297 seconds to synchronously load lazily loaded font '../../../Engine/Content/Slate/Fonts/Roboto-Regular.ttf' (155K)
[2017.09.18-01.45.08:164][377]LogFileHelpers: Saving map 'Untitled' took 2.998
[2017.09.18-01.45.08:169][377]Cmd: OBJ SAVEPACKAGE PACKAGE="/Game/NewBlueprint" FILE="../../../../../../Users/mari_/OneDrive/Documentos/Unreal Projects/FamersVsAliens/Content/NewBlueprint.uasset" SILENT=true
[2017.09.18-01.45.08:186][377]LogSavePackage: Save=11.77ms
[2017.09.18-01.45.08:186][377]LogSavePackage: Moving '../../../../../../Users/mari_/OneDrive/Documentos/Unreal Projects/FamersVsAliens/Saved/NewBlueprintA7FCCED94377A59B608DA29500D51420.tmp' to '../../../../../../Users/mari_/OneDrive/Documentos/Unreal Projects/FamersVsAliens/Content/NewBlueprint.uasset'
[2017.09.18-01.45.08:197][377]LogSavePackage: Display: Finished SavePackage ../../../../../../Users/mari_/OneDrive/Documentos/Unreal Projects/FamersVsAliens/Content/NewBlueprint.uasset
[2017.09.18-01.45.08:555][377]Cmd: OBJ SAVEPACKAGE PACKAGE="/Game/VacasController" FILE="../../../../../../Users/mari_/OneDrive/Documentos/Unreal Projects/FamersVsAliens/Content/VacasController.uasset" SILENT=true
[2017.09.18-01.45.08:579][377]LogSavePackage: Save=17.45ms
[2017.09.18-01.45.08:579][377]LogSavePackage: Moving '../../../../../../Users/mari_/OneDrive/Documentos/Unreal Projects/FamersVsAliens/Saved/VacasController939FA88E4D64DAE2F97E778CD6B06047.tmp' to '../../../../../../Users/mari_/OneDrive/Documentos/Unreal Projects/FamersVsAliens/Content/VacasController.uasset'
[2017.09.18-01.45.08:590][377]LogSavePackage: Display: Finished SavePackage ../../../../../../Users/mari_/OneDrive/Documentos/Unreal Projects/FamersVsAliens/Content/VacasController.uasset
[2017.09.18-01.45.09:280][393]SourceControl: Error: fatal: Invalid path '/Temp': No such file or directory
[2017.09.18-01.45.24:214][898]SourceControl: fatal: C:/Program Files/Epic Games/UE_4.17/Engine/Content/: 'C:/Program Files/Epic Games/UE_4.17/Engine/Content/' is outside repository
[2017.09.18-01.45.48:144][898]LogSourceControl: FGitCheckInWorker: commit successful
[2017.09.18-01.45.48:267][898]SourceControl: [master 94f4a96] Atualização das vacas
[2017.09.18-01.45.48:267][898]SourceControl:  3 files changed, 0 insertions(+), 0 deletions(-)
[2017.09.18-01.45.48:267][898]SourceControl:  create mode 100644 Content/NewBlueprint.uasset
[2017.09.18-01.45.48:267][898]SourceControl:  create mode 100644 Content/Untitled.umap
[2017.09.18-01.45.48:267][898]SourceControl:  create mode 100644 Content/VacasController.uasset
[2017.09.18-01.45.48:275][898]SourceControl: Commited [master 94f4a96] Atualização das vacas.
[2017.09.18-01.46.26:250][ 68]Cmd: QUIT_EDITOR
[2017.09.18-01.46.27:242][ 68]LogWindowsTextInputMethodSystem: Display: IME system now deactivated.
[2017.09.18-01.46.27:242][ 68]LogWindowsTextInputMethodSystem: Display: IME system now deactivated.
[2017.09.18-01.46.27:310][ 68]LogExit: Preparing to exit.
[2017.09.18-01.46.27:691][ 68]LogDirectoryWatcher: A directory notification for 'C:/Users/mari_/OneDrive/Documentos/Unreal Projects/FamersVsAliens/Content/' was aborted.
[2017.09.18-01.46.27:800][ 68]LogExit: Editor shut down
[2017.09.18-01.46.27:808][ 68]LogExit: Transaction tracking system shut down
[2017.09.18-01.46.28:040][ 68]LogDirectoryWatcher: A directory notification for '../../../Engine/Content/' was aborted.
[2017.09.18-01.46.28:040][ 68]LogDirectoryWatcher: A directory notification for '../../../../../../Users/mari_/OneDrive/Documentos/Unreal Projects/FamersVsAliens/Content/' was aborted.
[2017.09.18-01.46.28:040][ 68]LogDirectoryWatcher: A directory notification for '../../../Engine/Plugins/2D/Paper2D/Content/' was aborted.
[2017.09.18-01.46.28:040][ 68]LogDirectoryWatcher: A directory notification for '../../../Engine/Plugins/Runtime/Oculus/OculusVR/Content/' was aborted.
[2017.09.18-01.46.28:040][ 68]LogDirectoryWatcher: A directory notification for '../../../Engine/Plugins/Runtime/Steam/SteamVR/Content/' was aborted.
[2017.09.18-01.46.28:138][ 68]LogExit: Object subsystem successfully closed.
[2017.09.18-01.46.28:165][ 68]LogD3D11RHI: Shutdown
[2017.09.18-01.46.28:165][ 68]LogD3D11RHI: CleanupD3DDevice
[2017.09.18-01.46.28:303][ 68]LogD3D11RHI: ~FD3D11DynamicRHI
[2017.09.18-01.46.28:341][ 68]LogModuleManager: Shutting down and abandoning module MovieSceneCapture (532)
[2017.09.18-01.46.28:341][ 68]LogModuleManager: Shutting down and abandoning module HierarchicalLODOutliner (530)
[2017.09.18-01.46.28:341][ 68]LogModuleManager: Shutting down and abandoning module SceneOutliner (528)
[2017.09.18-01.46.28:341][ 68]LogModuleManager: Shutting down and abandoning module AddContentDialog (526)
[2017.09.18-01.46.28:341][ 68]LogDirectoryWatcher: A directory notification for 'C:/Program Files/Epic Games/UE_4.17/FeaturePacks/' was aborted.
[2017.09.18-01.46.28:347][ 68]LogModuleManager: Shutting down and abandoning module WidgetCarousel (525)
[2017.09.18-01.46.28:347][ 68]LogModuleManager: Shutting down and abandoning module EditorWidgets (522)
[2017.09.18-01.46.28:347][ 68]LogModuleManager: Shutting down and abandoning module CollectionManager (520)
[2017.09.18-01.46.28:347][ 68]LogDirectoryWatcher: A directory notification for 'C:/Users/mari_/OneDrive/Documentos/Unreal Projects/FamersVsAliens/Content/Collections/' was aborted.
[2017.09.18-01.46.28:347][ 68]LogDirectoryWatcher: A directory notification for 'C:/Users/mari_/OneDrive/Documentos/Unreal Projects/FamersVsAliens/Content/Developers/mari/Collections/' was aborted.
[2017.09.18-01.46.28:347][ 68]LogDirectoryWatcher: A directory notification for 'C:/Users/mari_/OneDrive/Documentos/Unreal Projects/FamersVsAliens/Saved/Collections/' was aborted.
[2017.09.18-01.46.28:348][ 68]LogModuleManager: Shutting down and abandoning module StatsViewer (518)
[2017.09.18-01.46.28:348][ 68]LogModuleManager: Shutting down and abandoning module FoliageEdit (516)
[2017.09.18-01.46.28:348][ 68]LogModuleManager: Shutting down and abandoning module LandscapeEditor (514)
[2017.09.18-01.46.28:348][ 68]LogModuleManager: Shutting down and abandoning module MeshPaintMode (512)
[2017.09.18-01.46.28:348][ 68]LogModuleManager: Shutting down and abandoning module SceneDepthPickerMode (510)
[2017.09.18-01.46.28:348][ 68]LogModuleManager: Shutting down and abandoning module ActorPickerMode (508)
[2017.09.18-01.46.28:348][ 68]LogModuleManager: Shutting down and abandoning module GeometryMode (506)
[2017.09.18-01.46.28:348][ 68]LogModuleManager: Shutting down and abandoning module TextureAlignMode (504)
[2017.09.18-01.46.28:348][ 68]LogModuleManager: Shutting down and abandoning module BspMode (502)
[2017.09.18-01.46.28:348][ 68]LogModuleManager: Shutting down and abandoning module PIEPreviewDeviceProfileSelector (500)
[2017.09.18-01.46.28:348][ 68]LogModuleManager: Shutting down and abandoning module HardwareSurvey (498)
[2017.09.18-01.46.28:348][ 68]LogModuleManager: Shutting down and abandoning module SequenceRecorderSections (496)
[2017.09.18-01.46.28:348][ 68]LogModuleManager: Shutting down and abandoning module AutomationWorker (494)
[2017.09.18-01.46.28:348][ 68]LogModuleManager: Shutting down and abandoning module MatineeToLevelSequence (492)
[2017.09.18-01.46.28:348][ 68]LogModuleManager: Shutting down and abandoning module LevelSequenceEditor (490)
[2017.09.18-01.46.28:348][ 68]LogModuleManager: Shutting down and abandoning module PlacementMode (489)
[2017.09.18-01.46.28:348][ 68]LogModuleManager: Shutting down and abandoning module WmfMediaFactory (486)
[2017.09.18-01.46.28:348][ 68]LogModuleManager: Shutting down and abandoning module WmfMediaEditor (484)
[2017.09.18-01.46.28:348][ 68]LogModuleManager: Shutting down and abandoning module AvfMediaFactory (482)
[2017.09.18-01.46.28:348][ 68]LogModuleManager: Shutting down and abandoning module AvfMediaEditor (480)
[2017.09.18-01.46.28:348][ 68]LogModuleManager: Shutting down and abandoning module AndroidMediaFactory (478)
[2017.09.18-01.46.28:348][ 68]LogModuleManager: Shutting down and abandoning module Media (477)
[2017.09.18-01.46.28:348][ 68]LogModuleManager: Shutting down and abandoning module AndroidMediaEditor (474)
[2017.09.18-01.46.28:348][ 68]LogModuleManager: Shutting down and abandoning module CharacterAI (472)
[2017.09.18-01.46.28:348][ 68]LogModuleManager: Shutting down and abandoning module AudioCapture (470)
[2017.09.18-01.46.28:349][ 68]LogModuleManager: Shutting down and abandoning module SequenceRecorder (469)
[2017.09.18-01.46.28:349][ 68]LogModuleManager: Shutting down and abandoning module SmartSnapping (466)
[2017.09.18-01.46.28:349][ 68]LogModuleManager: Shutting down and abandoning module SessionServices (464)
[2017.09.18-01.46.28:349][ 68]LogModuleManager: Shutting down and abandoning module ViewportSnapping (462)
[2017.09.18-01.46.28:349][ 68]LogModuleManager: Shutting down and abandoning module ViewportInteraction (460)
[2017.09.18-01.46.28:349][ 68]LogModuleManager: Shutting down and abandoning module ClothPainter (458)
[2017.09.18-01.46.28:349][ 68]LogModuleManager: Shutting down and abandoning module LogVisualizer (456)
[2017.09.18-01.46.28:349][ 68]LogModuleManager: Shutting down and abandoning module IntroTutorials (454)
[2017.09.18-01.46.28:349][ 68]LogModuleManager: Shutting down and abandoning module GameProjectGeneration (453)
[2017.09.18-01.46.28:349][ 68]LogModuleManager: Shutting down and abandoning module IOSPlatformEditor (450)
[2017.09.18-01.46.28:349][ 68]LogModuleManager: Shutting down and abandoning module HTML5PlatformEditor (448)
[2017.09.18-01.46.28:349][ 68]LogModuleManager: Shutting down and abandoning module AndroidPlatformEditor (446)
[2017.09.18-01.46.28:349][ 68]LogModuleManager: Shutting down and abandoning module AndroidDeviceDetection (445)
[2017.09.18-01.46.28:914][ 68]LogModuleManager: Shutting down and abandoning module WindowsPlatformEditor (442)
[2017.09.18-01.46.28:914][ 68]LogModuleManager: Shutting down and abandoning module IOSRuntimeSettings (440)
[2017.09.18-01.46.28:914][ 68]LogModuleManager: Shutting down and abandoning module AndroidRuntimeSettings (438)
[2017.09.18-01.46.28:915][ 68]LogModuleManager: Shutting down and abandoning module InputBindingEditor (436)
[2017.09.18-01.46.28:915][ 68]LogModuleManager: Shutting down and abandoning module MergeActors (434)
[2017.09.18-01.46.28:915][ 68]LogModuleManager: Shutting down and abandoning module SizeMap (432)
[2017.09.18-01.46.28:915][ 68]LogModuleManager: Shutting down and abandoning module TreeMap (430)
[2017.09.18-01.46.28:915][ 68]LogModuleManager: Shutting down and abandoning module ReferenceViewer (428)
[2017.09.18-01.46.28:915][ 68]LogModuleManager: Shutting down and abandoning module LocalizationDashboard (426)
[2017.09.18-01.46.28:915][ 68]LogModuleManager: Shutting down and abandoning module LocalizationService (425)
[2017.09.18-01.46.28:916][ 68]LogModuleManager: Shutting down and abandoning module HardwareTargeting (422)
[2017.09.18-01.46.28:916][ 68]LogModuleManager: Shutting down and abandoning module DeviceProfileEditor (420)
[2017.09.18-01.46.28:916][ 68]LogModuleManager: Shutting down and abandoning module UndoHistory (418)
[2017.09.18-01.46.28:916][ 68]LogModuleManager: Shutting down and abandoning module XmlParser (416)
[2017.09.18-01.46.28:916][ 68]LogModuleManager: Shutting down and abandoning module Blutility (414)
[2017.09.18-01.46.28:916][ 68]LogModuleManager: Shutting down and abandoning module ProjectSettingsViewer (412)
[2017.09.18-01.46.28:917][ 68]LogModuleManager: Shutting down and abandoning module ProjectTargetPlatformEditor (411)
[2017.09.18-01.46.28:918][ 68]LogModuleManager: Shutting down and abandoning module EditorSettingsViewer (408)
[2017.09.18-01.46.28:918][ 68]LogModuleManager: Shutting down and abandoning module SettingsEditor (406)
[2017.09.18-01.46.28:918][ 68]LogModuleManager: Shutting down and abandoning module ProjectLauncher (404)
[2017.09.18-01.46.28:919][ 68]LogModuleManager: Shutting down and abandoning module SessionFrontend (402)
[2017.09.18-01.46.28:919][ 68]LogModuleManager: Shutting down and abandoning module ProfilerClient (400)
[2017.09.18-01.46.28:919][ 68]LogModuleManager: Shutting down and abandoning module DeviceManager (398)
[2017.09.18-01.46.28:919][ 68]LogModuleManager: Shutting down and abandoning module TargetDeviceServices (397)
[2017.09.18-01.46.28:974][ 68]LogModuleManager: Shutting down and abandoning module AutomationController (394)
[2017.09.18-01.46.28:974][ 68]LogModuleManager: Shutting down and abandoning module AutomationWindow (392)
[2017.09.18-01.46.28:974][ 68]LogModuleManager: Shutting down and abandoning module Layers (390)
[2017.09.18-01.46.28:974][ 68]LogModuleManager: Shutting down and abandoning module ComponentVisualizers (388)
[2017.09.18-01.46.28:974][ 68]LogModuleManager: Shutting down and abandoning module DetailCustomizations (386)
[2017.09.18-01.46.28:975][ 68]LogModuleManager: Shutting down and abandoning module PackagesDialog (384)
[2017.09.18-01.46.28:975][ 68]LogModuleManager: Shutting down and abandoning module Persona (382)
[2017.09.18-01.46.28:975][ 68]LogModuleManager: Shutting down and abandoning module AdvancedPreviewScene (381)
[2017.09.18-01.46.28:975][ 68]LogModuleManager: Shutting down and abandoning module AnimGraph (379)
[2017.09.18-01.46.28:976][ 68]LogModuleManager: Shutting down and abandoning module Kismet (376)
[2017.09.18-01.46.28:977][ 68]LogModuleManager: Shutting down and abandoning module ClassViewer (374)
[2017.09.18-01.46.28:982][ 68]LogModuleManager: Shutting down and abandoning module Toolbox (372)
[2017.09.18-01.46.28:982][ 68]LogModuleManager: Shutting down and abandoning module ModuleUI (370)
[2017.09.18-01.46.28:982][ 68]LogModuleManager: Shutting down and abandoning module MovieSceneTools (368)
[2017.09.18-01.46.28:983][ 68]LogModuleManager: Shutting down and abandoning module OutputLog (366)
[2017.09.18-01.46.28:983][ 68]LogModuleManager: Shutting down and abandoning module GammaUI (364)
[2017.09.18-01.46.28:984][ 68]LogModuleManager: Shutting down and abandoning module Documentation (362)
[2017.09.18-01.46.28:985][ 68]LogModuleManager: Shutting down and abandoning module MovieSceneTracks (360)
[2017.09.18-01.46.28:985][ 68]LogModuleManager: Shutting down and abandoning module MovieScene (358)
[2017.09.18-01.46.28:985][ 68]LogModuleManager: Shutting down and abandoning module Niagara (356)
[2017.09.18-01.46.28:985][ 68]LogModuleManager: Shutting down and abandoning module NiagaraEditor (355)
[2017.09.18-01.46.28:986][ 68]LogModuleManager: Shutting down and abandoning module StreamingPauseRendering (352)
[2017.09.18-01.46.28:986][ 68]LogModuleManager: Shutting down and abandoning module LauncherPlatform (350)
[2017.09.18-01.46.28:986][ 68]LogModuleManager: Shutting down and abandoning module AnalyticsET (348)
[2017.09.18-01.46.28:986][ 68]LogModuleManager: Shutting down and abandoning module PortalServices (346)
[2017.09.18-01.46.28:986][ 68]LogModuleManager: Shutting down and abandoning module PortalRpc (344)
[2017.09.18-01.46.28:986][ 68]LogModuleManager: Shutting down and abandoning module MessagingRpc (342)
[2017.09.18-01.46.28:986][ 68]LogModuleManager: Shutting down and abandoning module AIModule (340)
[2017.09.18-01.46.28:986][ 68]LogModuleManager: Shutting down and abandoning module GameplayDebugger (339)
[2017.09.18-01.46.28:986][ 68]LogModuleManager: Shutting down and abandoning module AITestSuite (337)
[2017.09.18-01.46.28:986][ 68]LogModuleManager: Shutting down and abandoning module ProfilerService (334)
[2017.09.18-01.46.29:159][ 68]LogModuleManager: Shutting down and abandoning module TaskGraph (332)
[2017.09.18-01.46.29:159][ 68]LogModuleManager: Shutting down and abandoning module SteamVRController (330)
[2017.09.18-01.46.29:160][ 68]LogModuleManager: Shutting down and abandoning module ProceduralMeshComponentEditor (328)
[2017.09.18-01.46.29:160][ 68]LogModuleManager: Shutting down and abandoning module ProceduralMeshComponent (326)
[2017.09.18-01.46.29:160][ 68]LogModuleManager: Shutting down and abandoning module OculusInput (324)
[2017.09.18-01.46.29:160][ 68]LogModuleManager: Shutting down and abandoning module MobilePatchingUtils (322)
[2017.09.18-01.46.29:160][ 68]LogModuleManager: Shutting down and abandoning module CustomMeshComponent (320)
[2017.09.18-01.46.29:160][ 68]LogModuleManager: Shutting down and abandoning module CableComponent (318)
[2017.09.18-01.46.29:160][ 68]LogModuleManager: Shutting down and abandoning module ArchVisCharacter (316)
[2017.09.18-01.46.29:160][ 68]LogModuleManager: Shutting down and abandoning module AndroidPermission (314)
[2017.09.18-01.46.29:160][ 68]LogModuleManager: Shutting down and abandoning module MediaPlayerEditor (310)
[2017.09.18-01.46.29:160][ 68]LogModuleManager: Shutting down and abandoning module HTML5Networking (308)
[2017.09.18-01.46.29:160][ 68]LogModuleManager: Shutting down and abandoning module AlembicImporter (306)
[2017.09.18-01.46.29:160][ 68]LogModuleManager: Shutting down and abandoning module AlembicLibrary (305)
[2017.09.18-01.46.29:161][ 68]LogModuleManager: Shutting down and abandoning module GeometryCache (304)
[2017.09.18-01.46.29:161][ 68]LogModuleManager: Shutting down and abandoning module GeometryCacheEd (303)
[2017.09.18-01.46.29:161][ 68]LogModuleManager: Shutting down and abandoning module SpeedTreeImporter (298)
[2017.09.18-01.46.29:161][ 68]LogModuleManager: Shutting down and abandoning module PluginBrowser (296)
[2017.09.18-01.46.29:161][ 68]LogModuleManager: Shutting down and abandoning module MobileLauncherProfileWizard (294)
[2017.09.18-01.46.29:161][ 68]LogModuleManager: Shutting down and abandoning module VisualStudioSourceCodeAccess (292)
[2017.09.18-01.46.29:161][ 68]LogModuleManager: Shutting down and abandoning module DesktopPlatform (291)
[2017.09.18-01.46.29:161][ 68]LogModuleManager: Shutting down and abandoning module UObjectPlugin (288)
[2017.09.18-01.46.29:161][ 68]LogModuleManager: Shutting down and abandoning module SubversionSourceControl (286)
[2017.09.18-01.46.29:161][ 68]LogModuleManager: Shutting down and abandoning module PerforceSourceControl (284)
[2017.09.18-01.46.29:162][ 68]LogModuleManager: Shutting down and abandoning module GitSourceControl (282)
[2017.09.18-01.46.29:162][ 68]LogModuleManager: Shutting down and abandoning module SourceControl (281)
[2017.09.18-01.46.29:162][ 68]LogModuleManager: Shutting down and abandoning module LightPropagationVolumeEditor (278)
[2017.09.18-01.46.29:162][ 68]LogModuleManager: Shutting down and abandoning module PaperTiledImporter (276)
[2017.09.18-01.46.29:162][ 68]LogModuleManager: Shutting down and abandoning module PaperSpriteSheetImporter (274)
[2017.09.18-01.46.29:162][ 68]LogModuleManager: Shutting down and abandoning module Paper2DEditor (272)
[2017.09.18-01.46.29:162][ 68]LogModuleManager: Shutting down and abandoning module MeshPaint (271)
[2017.09.18-01.46.29:162][ 68]LogModuleManager: Shutting down and abandoning module LevelEditor (269)
[2017.09.18-01.46.29:168][ 68]LogModuleManager: Shutting down and abandoning module PixelInspectorModule (268)
[2017.09.18-01.46.29:168][ 68]LogModuleManager: Shutting down and abandoning module MainFrame (266)
[2017.09.18-01.46.29:169][ 68]LogModuleManager: Shutting down and abandoning module HotReload (265)
[2017.09.18-01.46.29:170][ 68]LogModuleManager: Shutting down and abandoning module RuntimePhysXCooking (260)
[2017.09.18-01.46.29:171][ 68]LogModuleManager: Shutting down and abandoning module PhysXVehiclesEditor (258)
[2017.09.18-01.46.29:171][ 68]LogModuleManager: Shutting down and abandoning module PhysXVehicles (256)
[2017.09.18-01.46.29:171][ 68]LogModuleManager: Shutting down and abandoning module OculusEditor (254)
[2017.09.18-01.46.29:171][ 68]LogModuleManager: Shutting down and abandoning module LocationServicesBPLibrary (252)
[2017.09.18-01.46.29:171][ 68]LogModuleManager: Shutting down and abandoning module ImmediatePhysicsEditor (250)
[2017.09.18-01.46.29:171][ 68]LogModuleManager: Shutting down and abandoning module ImmediatePhysics (248)
[2017.09.18-01.46.29:171][ 68]LogModuleManager: Shutting down and abandoning module UdpMessaging (246)
[2017.09.18-01.46.29:272][ 68]LogModuleManager: Shutting down and abandoning module TcpMessaging (244)
[2017.09.18-01.46.29:372][ 68]LogModuleManager: Shutting down and abandoning module GameplayTagsEditor (242)
[2017.09.18-01.46.29:372][ 68]LogModuleManager: Shutting down and abandoning module FacialAnimationEditor (240)
[2017.09.18-01.46.29:372][ 68]LogModuleManager: Shutting down and abandoning module FacialAnimation (238)
[2017.09.18-01.46.29:372][ 68]LogModuleManager: Shutting down and abandoning module AssetManagerEditor (236)
[2017.09.18-01.46.29:372][ 68]LogModuleManager: Shutting down and abandoning module GraphEditor (235)
[2017.09.18-01.46.29:373][ 68]LogModuleManager: Shutting down and abandoning module ContentBrowser (233)
[2017.09.18-01.46.29:379][ 68]LogModuleManager: Shutting down and abandoning module LightPropagationVolumeRuntime (230)
[2017.09.18-01.46.29:379][ 68]LogModuleManager: Shutting down and abandoning module Paper2D (228)
[2017.09.18-01.46.29:379][ 68]LogModuleManager: Shutting down and abandoning module WindowsMoviePlayer (226)
[2017.09.18-01.46.29:379][ 68]LogModuleManager: Shutting down and abandoning module WmfMedia (224)
[2017.09.18-01.46.29:380][ 68]LogModuleManager: Shutting down and abandoning module PacketHandler (222)
[2017.09.18-01.46.29:380][ 68]LogModuleManager: Shutting down and abandoning module ClothingSystemEditor (220)
[2017.09.18-01.46.29:380][ 68]LogModuleManager: Shutting down and abandoning module ClothingSystemRuntime (218)
[2017.09.18-01.46.29:380][ 68]LogModuleManager: Shutting down and abandoning module Overlay (216)
[2017.09.18-01.46.29:380][ 68]LogModuleManager: Shutting down and abandoning module OverlayEditor (215)
[2017.09.18-01.46.29:380][ 68]LogModuleManager: Shutting down and abandoning module MediaAssets (212)
[2017.09.18-01.46.29:380][ 68]LogModuleManager: Shutting down and abandoning module VREditor (210)
[2017.09.18-01.46.29:381][ 68]LogModuleManager: Shutting down and abandoning module StringTableEditor (208)
[2017.09.18-01.46.29:381][ 68]LogModuleManager: Shutting down and abandoning module GameplayTasksEditor (206)
[2017.09.18-01.46.29:381][ 68]LogModuleManager: Shutting down and abandoning module BehaviorTreeEditor (204)
[2017.09.18-01.46.29:381][ 68]LogModuleManager: Shutting down and abandoning module FunctionalTesting (202)
[2017.09.18-01.46.29:381][ 68]LogModuleManager: Shutting down and abandoning module CollisionAnalyzer (200)
[2017.09.18-01.46.29:381][ 68]LogModuleManager: Shutting down and abandoning module WorkspaceMenuStructure (199)
[2017.09.18-01.46.29:381][ 68]LogModuleManager: Shutting down and abandoning module UMG (196)
[2017.09.18-01.46.29:381][ 68]LogModuleManager: Shutting down and abandoning module UMGEditor (195)
[2017.09.18-01.46.29:382][ 68]LogModuleManager: Shutting down and abandoning module Sequencer (194)
[2017.09.18-01.46.29:382][ 68]LogModuleManager: Shutting down and abandoning module MessageLog (191)
[2017.09.18-01.46.29:382][ 68]LogModuleManager: Shutting down and abandoning module SlateReflector (186)
[2017.09.18-01.46.29:382][ 68]LogModuleManager: Shutting down and abandoning module Slate (184)
[2017.09.18-01.46.29:382][ 68]LogModuleManager: Shutting down and abandoning module EditorStyle (182)
[2017.09.18-01.46.29:395][ 68]LogModuleManager: Shutting down and abandoning module MRMesh (180)
[2017.09.18-01.46.29:395][ 68]LogModuleManager: Shutting down and abandoning module SourceCodeAccess (178)
[2017.09.18-01.46.29:396][ 68]LogModuleManager: Shutting down and abandoning module HeadMountedDisplay (176)
[2017.09.18-01.46.29:396][ 68]LogModuleManager: Shutting down and abandoning module XAudio2 (174)
[2017.09.18-01.46.29:396][ 68]LogModuleManager: Shutting down and abandoning module Networking (172)
[2017.09.18-01.46.29:396][ 68]LogModuleManager: Shutting down and abandoning module Core (168)
[2017.09.18-01.46.29:396][ 68]LogModuleManager: Shutting down and abandoning module KismetCompiler (164)
[2017.09.18-01.46.29:396][ 68]LogModuleManager: Shutting down and abandoning module LevelSequence (162)
[2017.09.18-01.46.29:396][ 68]LogModuleManager: Shutting down and abandoning module MeshUtilities (160)
[2017.09.18-01.46.29:399][ 68]LogModuleManager: Shutting down and abandoning module MeshMergeUtilities (159)
[2017.09.18-01.46.29:399][ 68]LogModuleManager: Shutting down and abandoning module MeshReductionInterface (158)
[2017.09.18-01.46.29:399][ 68]LogModuleManager: Shutting down and abandoning module SimplygonSwarm (157)
[2017.09.18-01.46.29:399][ 68]LogModuleManager: Shutting down and abandoning module SimplygonMeshReduction (155)
[2017.09.18-01.46.29:399][ 68]LogModuleManager: Shutting down and abandoning module QuadricMeshReduction (153)
[2017.09.18-01.46.29:399][ 68]LogModuleManager: Shutting down and abandoning module MaterialBaking (149)
[2017.09.18-01.46.29:399][ 68]LogModuleManager: Shutting down and abandoning module DirectoryWatcher (146)
[2017.09.18-01.46.29:415][ 68]LogModuleManager: Shutting down and abandoning module DerivedDataCache (144)
[2017.09.18-01.46.29:486][ 68]LogDerivedDataCache: Shutdown
[2017.09.18-01.46.29:486][ 68]LogModuleManager: Shutting down and abandoning module TargetPlatform (142)
[2017.09.18-01.46.29:487][ 68]LogModuleManager: Shutting down and abandoning module VulkanShaderFormat (141)
[2017.09.18-01.46.29:487][ 68]LogModuleManager: Shutting down and abandoning module ShaderFormatVectorVM (139)
[2017.09.18-01.46.29:487][ 68]LogModuleManager: Shutting down and abandoning module ShaderFormatOpenGL (137)
[2017.09.18-01.46.29:487][ 68]LogModuleManager: Shutting down and abandoning module ShaderFormatD3D (135)
[2017.09.18-01.46.29:487][ 68]LogModuleManager: Shutting down and abandoning module MetalShaderFormat (133)
[2017.09.18-01.46.29:487][ 68]LogModuleManager: Shutting down and abandoning module TextureFormatUncompressed (131)
[2017.09.18-01.46.29:487][ 68]LogModuleManager: Shutting down and abandoning module TextureFormatPVR (129)
[2017.09.18-01.46.29:487][ 68]LogModuleManager: Shutting down and abandoning module TextureFormatDXT (127)
[2017.09.18-01.46.29:487][ 68]LogModuleManager: Shutting down and abandoning module TextureFormatIntelISPCTexComp (125)
[2017.09.18-01.46.29:487][ 68]LogModuleManager: Shutting down and abandoning module TextureFormatASTC (123)
[2017.09.18-01.46.29:487][ 68]LogModuleManager: Shutting down and abandoning module ImageWrapper (122)
[2017.09.18-01.46.29:487][ 68]LogModuleManager: Shutting down and abandoning module TextureFormatAndroid (119)
[2017.09.18-01.46.29:487][ 68]LogModuleManager: Shutting down and abandoning module AudioFormatOpus (117)
[2017.09.18-01.46.29:487][ 68]LogModuleManager: Shutting down and abandoning module AudioFormatOgg (115)
[2017.09.18-01.46.29:487][ 68]LogModuleManager: Shutting down and abandoning module AudioFormatADPCM (113)
[2017.09.18-01.46.29:487][ 68]LogModuleManager: Shutting down and abandoning module LinuxTargetPlatform (111)
[2017.09.18-01.46.29:487][ 68]LogModuleManager: Shutting down and abandoning module LinuxServerTargetPlatform (109)
[2017.09.18-01.46.29:487][ 68]LogModuleManager: Shutting down and abandoning module LinuxNoEditorTargetPlatform (107)
[2017.09.18-01.46.29:487][ 68]LogModuleManager: Shutting down and abandoning module LinuxClientTargetPlatform (105)
[2017.09.18-01.46.29:487][ 68]LogModuleManager: Shutting down and abandoning module TVOSTargetPlatform (103)
[2017.09.18-01.46.29:487][ 68]LogModuleManager: Shutting down and abandoning module Messaging (101)
[2017.09.18-01.46.29:487][ 68]LogModuleManager: Shutting down and abandoning module IOSTargetPlatform (99)
[2017.09.18-01.46.29:487][ 68]LogModuleManager: Shutting down and abandoning module HTML5TargetPlatform (97)
[2017.09.18-01.46.29:487][ 68]LogModuleManager: Shutting down and abandoning module Android_PVRTCTargetPlatform (95)
[2017.09.18-01.46.29:487][ 68]LogModuleManager: Shutting down and abandoning module Android_MultiTargetPlatform (93)
[2017.09.18-01.46.29:487][ 68]LogModuleManager: Shutting down and abandoning module Android_ETC2TargetPlatform (91)
[2017.09.18-01.46.29:487][ 68]LogModuleManager: Shutting down and abandoning module Android_ETC1TargetPlatform (89)
[2017.09.18-01.46.29:487][ 68]LogModuleManager: Shutting down and abandoning module Android_DXTTargetPlatform (87)
[2017.09.18-01.46.29:487][ 68]LogModuleManager: Shutting down and abandoning module Android_ATCTargetPlatform (85)
[2017.09.18-01.46.29:487][ 68]LogModuleManager: Shutting down and abandoning module Android_ASTCTargetPlatform (83)
[2017.09.18-01.46.29:488][ 68]LogModuleManager: Shutting down and abandoning module AndroidTargetPlatform (81)
[2017.09.18-01.46.29:488][ 68]LogModuleManager: Shutting down and abandoning module WindowsTargetPlatform (79)
[2017.09.18-01.46.29:488][ 68]LogModuleManager: Shutting down and abandoning module WindowsServerTargetPlatform (77)
[2017.09.18-01.46.29:488][ 68]LogModuleManager: Shutting down and abandoning module WindowsNoEditorTargetPlatform (75)
[2017.09.18-01.46.29:488][ 68]LogModuleManager: Shutting down and abandoning module WindowsClientTargetPlatform (73)
[2017.09.18-01.46.29:488][ 68]LogModuleManager: Shutting down and abandoning module MacTargetPlatform (71)
[2017.09.18-01.46.29:488][ 68]LogModuleManager: Shutting down and abandoning module MacServerTargetPlatform (69)
[2017.09.18-01.46.29:488][ 68]LogModuleManager: Shutting down and abandoning module MacNoEditorTargetPlatform (67)
[2017.09.18-01.46.29:488][ 68]LogModuleManager: Shutting down and abandoning module MacClientTargetPlatform (65)
[2017.09.18-01.46.29:488][ 68]LogModuleManager: Shutting down and abandoning module AllDesktopTargetPlatform (63)
[2017.09.18-01.46.29:488][ 68]LogModuleManager: Shutting down and abandoning module InputCore (60)
[2017.09.18-01.46.29:488][ 68]LogModuleManager: Shutting down and abandoning module Settings (58)
[2017.09.18-01.46.29:488][ 68]LogModuleManager: Shutting down and abandoning module PhysXCooking (56)
[2017.09.18-01.46.29:488][ 68]LogModuleManager: Shutting down and abandoning module SteamVR (54)
[2017.09.18-01.46.29:488][ 68]LogModuleManager: Shutting down and abandoning module OculusHMD (52)
[2017.09.18-01.46.29:488][ 68]LogModuleManager: Shutting down and abandoning module ExampleDeviceProfileSelector (50)
[2017.09.18-01.46.29:488][ 68]LogModuleManager: Shutting down and abandoning module OnlineBlueprintSupport (48)
[2017.09.18-01.46.29:488][ 68]LogModuleManager: Shutting down and abandoning module OnlineSubsystem (44)
[2017.09.18-01.46.29:488][ 68]LogOnline: Display: Unloading online subsystem: NULL
[2017.09.18-01.46.29:488][ 68]LogModuleManager: Shutting down and abandoning module XMPP (43)
[2017.09.18-01.46.29:488][ 68]LogModuleManager: Shutting down and abandoning module HTTP (41)
[2017.09.18-01.46.29:488][ 68]LogHttp: Display: Http module shutting down, but needs to wait on 1 outstanding Http requests:
[2017.09.18-01.46.29:488][ 68]LogHttp: Display: 	verb=[POST] url=[https://datarouter.ol.epicgames.com/datarouter/api/v1/public/data?SessionID=%7BD8A1716E-44F9-AFFA-8E66-83A7B0F6B52E%7D&AppID=UEEditor.Rocket.Release&AppVersion=4.17.1-3586342%2B%2B%2BUE4%2BRelease-4.17&UserID=811ac6424ce57083819e778b28662927%7C8b4cf88b8f67420d8279cce044090ff6%7C2094d10c-5ad6-4568-83fb-ae8e8d51cc31&AppEnvironment=datacollector-binary&UploadType=eteventstream] status=Processing
[2017.09.18-01.46.29:501][ 68]LogModuleManager: Shutting down and abandoning module SSL (40)
[2017.09.18-01.46.29:504][ 68]LogModuleManager: Shutting down and abandoning module AnimationModifiers (36)
[2017.09.18-01.46.29:504][ 68]LogModuleManager: Shutting down and abandoning module PropertyEditor (35)
[2017.09.18-01.46.29:504][ 68]LogModuleManager: Shutting down and abandoning module AudioEditor (32)
[2017.09.18-01.46.29:504][ 68]LogModuleManager: Shutting down and abandoning module TextureCompressor (30)
[2017.09.18-01.46.29:505][ 68]LogModuleManager: Shutting down and abandoning module ShaderCore (28)
[2017.09.18-01.46.29:505][ 68]LogModuleManager: Shutting down and abandoning module Landscape (26)
[2017.09.18-01.46.29:505][ 68]LogModuleManager: Shutting down and abandoning module SlateRHIRenderer (24)
[2017.09.18-01.46.29:508][ 68]LogModuleManager: Shutting down and abandoning module OpenGLDrv (22)
[2017.09.18-01.46.29:508][ 68]LogModuleManager: Shutting down and abandoning module D3D11RHI (20)
[2017.09.18-01.46.29:508][ 68]LogModuleManager: Shutting down and abandoning module AnimGraphRuntime (18)
[2017.09.18-01.46.29:509][ 68]LogModuleManager: Shutting down and abandoning module Renderer (16)
[2017.09.18-01.46.29:509][ 68]LogModuleManager: Shutting down and abandoning module Engine (14)
[2017.09.18-01.46.29:509][ 68]LogModuleManager: Shutting down and abandoning module CoreUObject (12)
[2017.09.18-01.46.29:509][ 68]LogModuleManager: Shutting down and abandoning module NetworkFile (10)
[2017.09.18-01.46.29:509][ 68]LogModuleManager: Shutting down and abandoning module CookedIterativeFile (8)
[2017.09.18-01.46.29:509][ 68]LogModuleManager: Shutting down and abandoning module StreamingFile (6)
[2017.09.18-01.46.29:509][ 68]LogModuleManager: Shutting down and abandoning module SandboxFile (4)
[2017.09.18-01.46.29:509][ 68]LogModuleManager: Shutting down and abandoning module PakFile (2)
[2017.09.18-01.46.29:511][ 68]LogExit: Exiting.
[2017.09.18-01.46.29:536][ 68]Log file closed, 09/17/17 22:46:29
