Log file open, 09/18/17 12:40:57
LogWindows: LoadLibraryWithSearchPaths failed for file aqProf.dll. GetLastError=0
LogWindows: LoadLibraryWithSearchPaths failed for file VSPerf140.dll. GetLastError=0
LogWindows: LoadLibraryWithSearchPaths failed for file VtuneApi.dll. GetLastError=0
LogWindows: LoadLibraryWithSearchPaths failed for file VtuneApi32e.dll. GetLastError=0
LogInit: Display: Running engine for game: FamersVsAliens
LogPlatformFile: Not using cached read wrapper
LogInit: Display: RandInit(-1584507570) SRandInit(-1584507570).
LogTaskGraph: Started task graph with 5 named threads and 14 total threads with 3 sets of task threads.
LogStats: Stats thread started at 0.164523
LogD3D11RHI: Aftermath initialized
LogPluginManager: Mounting plugin Paper2D
LogPluginManager: Mounting plugin LightPropagationVolume
LogPluginManager: Mounting plugin CodeLiteSourceCodeAccess
LogPluginManager: Mounting plugin GitSourceControl
LogPluginManager: Mounting plugin KDevelopSourceCodeAccess
LogPluginManager: Mounting plugin NullSourceCodeAccess
LogPluginManager: Mounting plugin PerforceSourceControl
LogPluginManager: Mounting plugin SubversionSourceControl
LogPluginManager: Mounting plugin UObjectPlugin
LogPluginManager: Mounting plugin VisualStudioSourceCodeAccess
LogPluginManager: Mounting plugin XCodeSourceCodeAccess
LogPluginManager: Mounting plugin AssetManagerEditor
LogPluginManager: Mounting plugin AudioCapture
LogPluginManager: Mounting plugin FacialAnimation
LogPluginManager: Mounting plugin GameplayTagsEditor
LogPluginManager: Mounting plugin MobileLauncherProfileWizard
LogPluginManager: Mounting plugin PluginBrowser
LogPluginManager: Mounting plugin SpeedTreeImporter
LogPluginManager: Mounting plugin AlembicImporter
LogPluginManager: Mounting plugin CharacterAI
LogPluginManager: Mounting plugin HTML5Networking
LogPluginManager: Mounting plugin AndroidMedia
LogPluginManager: Mounting plugin AvfMedia
LogPluginManager: Mounting plugin MediaPlayerEditor
LogPluginManager: Mounting plugin WmfMedia
LogPluginManager: Mounting plugin TcpMessaging
LogPluginManager: Mounting plugin UdpMessaging
LogPluginManager: Mounting plugin LevelSequenceEditor
LogPluginManager: Mounting plugin MatineeToLevelSequence
LogPluginManager: Mounting plugin OnlineSubsystemGooglePlay
LogPluginManager: Mounting plugin OnlineSubsystemIOS
LogPluginManager: Mounting plugin OnlineSubsystem
LogPluginManager: Mounting plugin OnlineSubsystemNull
LogPluginManager: Mounting plugin OnlineSubsystemUtils
LogPluginManager: Mounting plugin AndroidDeviceProfileSelector
LogPluginManager: Mounting plugin AndroidMoviePlayer
LogPluginManager: Mounting plugin AndroidPermission
LogPluginManager: Mounting plugin AppleMoviePlayer
LogPluginManager: Mounting plugin ArchVisCharacter
LogPluginManager: Mounting plugin CableComponent
LogPluginManager: Mounting plugin CustomMeshComponent
LogPluginManager: Mounting plugin ExampleDeviceProfileSelector
LogPluginManager: Mounting plugin GoogleCloudMessaging
LogPluginManager: Mounting plugin ImmediatePhysics
LogPluginManager: Mounting plugin IOSDeviceProfileSelector
LogPluginManager: Mounting plugin LinuxDeviceProfileSelector
LogPluginManager: Mounting plugin LocationServicesBPLibrary
LogPluginManager: Mounting plugin MobilePatchingUtils
LogPluginManager: Mounting plugin OculusVR
LogPluginManager: Mounting plugin PhysXVehicles
LogPluginManager: Mounting plugin ProceduralMeshComponent
LogPluginManager: Mounting plugin RuntimePhysXCooking
LogPluginManager: Mounting plugin SteamVR
LogPluginManager: Mounting plugin WindowsMoviePlayer
LogInit: Using libcurl 7.47.1
LogInit:  - built for x86_64-pc-win32
LogInit:  - supports SSL with OpenSSL/1.0.2g
LogInit:  - supports HTTP deflate (compression) using libz 1.2.8
LogInit:  - other features:
LogInit:      CURL_VERSION_SSL
LogInit:      CURL_VERSION_LIBZ
LogInit:      CURL_VERSION_IPV6
LogInit:      CURL_VERSION_ASYNCHDNS
LogInit:      CURL_VERSION_LARGEFILE
LogInit:      CURL_VERSION_IDN
LogInit:  CurlRequestOptions (configurable via config and command line):
LogInit:  - bVerifyPeer = false  - Libcurl will NOT verify peer certificate
LogInit:  - bUseHttpProxy = false  - Libcurl will NOT use HTTP proxy
LogInit:  - bDontReuseConnections = false  - Libcurl will reuse connections
LogInit:  - CertBundlePath = nullptr  - Libcurl will use whatever was configured at build time.
LogInit: Build: ++UE4+Release-4.17-CL-3586342
LogInit: Engine Version: 4.17.1-3586342+++UE4+Release-4.17
LogInit: Compatible Engine Version: 4.17.0-3573198+++UE4+Release-4.17
LogInit: Net CL: 3573198
LogDevObjectVersion: Number of dev versions registered: 16
LogDevObjectVersion:   Dev-Blueprints (B0D832E4-1F89-4F0D-ACCF-7EB736FD4AA2): 10
LogDevObjectVersion:   Dev-Build (E1C64328-A22C-4D53-A36C-8E866417BD8C): 0
LogDevObjectVersion:   Dev-Core (375EC13C-06E4-48FB-B500-84F0262A717E): 2
LogDevObjectVersion:   Dev-Editor (E4B068ED-F494-42E9-A231-DA0B2E46BB41): 20
LogDevObjectVersion:   Dev-Framework (CFFC743F-43B0-4480-9391-14DF171D2073): 28
LogDevObjectVersion:   Dev-Mobile (B02B49B5-BB20-44E9-A304-32B752E40360): 0
LogDevObjectVersion:   Dev-Networking (A4E4105C-59A1-49B5-A7C5-40C4547EDFEE): 0
LogDevObjectVersion:   Dev-Online (39C831C9-5AE6-47DC-9A44-9C173E1C8E7C): 0
LogDevObjectVersion:   Dev-Physics (78F01B33-EBEA-4F98-B9B4-84EACCB95AA2): 0
LogDevObjectVersion:   Dev-Platform (6631380F-2D4D-43E0-8009-CF276956A95A): 0
LogDevObjectVersion:   Dev-Rendering (12F88B9F-8875-4AFC-A67C-D90C383ABD29): 19
LogDevObjectVersion:   Dev-Sequencer (7B5AE74C-D270-4C10-A958-57980B212A5A): 4
LogDevObjectVersion:   Dev-VR (D7296918-1DD6-4BDD-9DE2-64A83CC13884): 0
LogDevObjectVersion:   Dev-LoadTimes (C2A15278-BFE7-4AFE-6C17-90FF531DF755): 1
LogDevObjectVersion:   Private-Geometry (6EACA3D4-40EC-4CC1-B786-8BED09428FC5): 1
LogDevObjectVersion:   Dev-AnimPhys (29E575DD-E0A3-4627-9D10-D276232CDCEA): 7
LogInit: Compiled (64-bit): Aug 15 2017 02:05:26
LogInit: Compiled with Visual C++: 19.00.24215.01
LogInit: Build Configuration: Development
LogInit: Branch Name: ++UE4+Release-4.17
LogInit: Command line: -EpicPortal 
LogInit: Base directory: F:/UE_4.17/Engine/Binaries/Win64/
LogInit: Installed Engine Build: 1
LogInit: Presizing for max 8388607 objects, including 0 objects not considered by GC, pre-allocating 0 bytes for permanent pool.
LogInit: Object subsystem initialized
[2017.09.18-15.40.57:710][  0]LogInit: Selected Device Profile: [Windows]
[2017.09.18-15.40.57:710][  0]LogInit: Applying CVar settings loaded from the selected device profile: [Windows]
[2017.09.18-15.40.57:718][  0]LogInit: Computer: DESKTOP-CICTV3V
[2017.09.18-15.40.57:718][  0]LogInit: User: Smailin
[2017.09.18-15.40.57:718][  0]LogInit: CPU Page size=4096, Cores=4
[2017.09.18-15.40.57:718][  0]LogInit: High frequency timer resolution =3.312782 MHz
[2017.09.18-15.40.57:719][  0]LogMemory: Memory total: Physical=8.0GB (8GB approx)
[2017.09.18-15.40.57:719][  0]LogMemory: Platform Memory Stats for Windows
[2017.09.18-15.40.57:719][  0]LogMemory: Process Physical Memory: 279.57 MB used, 279.57 MB peak
[2017.09.18-15.40.57:719][  0]LogMemory: Process Virtual Memory: 282.44 MB used, 282.44 MB peak
[2017.09.18-15.40.57:719][  0]LogMemory: Physical Memory: 5077.37 MB used,  3077.31 MB free, 8154.68 MB total
[2017.09.18-15.40.57:719][  0]LogMemory: Virtual Memory: 662.70 MB used,  3077.31 MB free, 134217728.00 MB total
[2017.09.18-15.40.57:849][  0]LogInit: Overriding language with editor language configuration option (en).
[2017.09.18-15.40.57:849][  0]LogInit: Overriding locale with editor locale configuration option (en).
[2017.09.18-15.40.58:603][  0]LogD3D11RHI: D3D11 adapters:
[2017.09.18-15.40.59:136][  0]LogD3D11RHI:    0. 'NVIDIA GeForce GTX 660' (Feature Level 11_0)
[2017.09.18-15.40.59:136][  0]LogD3D11RHI:       2015/0/4077 MB DedicatedVideo/DedicatedSystem/SharedSystem, Outputs:2, VendorId:0x10de
[2017.09.18-15.40.59:138][  0]LogD3D11RHI:    1. 'Microsoft Basic Render Driver' (Feature Level 11_0)
[2017.09.18-15.40.59:138][  0]LogD3D11RHI:       0/0/4077 MB DedicatedVideo/DedicatedSystem/SharedSystem, Outputs:0, VendorId:0x1414
[2017.09.18-15.40.59:138][  0]LogD3D11RHI: Chosen D3D11 Adapter: 0
[2017.09.18-15.40.59:143][  0]LogD3D11RHI: Creating new Direct3DDevice
[2017.09.18-15.40.59:143][  0]LogD3D11RHI:     GPU DeviceId: 0x11c0 (for the marketing name, search the web for "GPU Device Id")
[2017.09.18-15.40.59:143][  0]LogWindows: EnumDisplayDevices:
[2017.09.18-15.40.59:143][  0]LogWindows:    0. 'NVIDIA GeForce GTX 660' (P:0 D:1)
[2017.09.18-15.40.59:143][  0]LogWindows:    1. 'NVIDIA GeForce GTX 660' (P:1 D:1)
[2017.09.18-15.40.59:143][  0]LogWindows:    2. 'NVIDIA GeForce GTX 660' (P:0 D:0)
[2017.09.18-15.40.59:144][  0]LogWindows:    3. 'NVIDIA GeForce GTX 660' (P:0 D:0)
[2017.09.18-15.40.59:144][  0]LogWindows: DebugString: FoundDriverCount:4 
[2017.09.18-15.40.59:144][  0]LogD3D11RHI:     Adapter Name: NVIDIA GeForce GTX 660
[2017.09.18-15.40.59:144][  0]LogD3D11RHI:   Driver Version: 385.41 (internal:22.21.13.8541, unified:385.41)
[2017.09.18-15.40.59:144][  0]LogD3D11RHI:      Driver Date: 8-21-2017
[2017.09.18-15.40.59:144][  0]LogRHI: Texture pool is 1361 MB (70% of 1945 MB)
[2017.09.18-15.40.59:664][  0]LogD3D11RHI: Async texture creation enabled
[2017.09.18-15.40.59:807][  0]LogD3D11RHI: GPU Timing Frequency: 1000.000000 (Debug: 2 2)
[2017.09.18-15.40.59:810][  0]LogShaderCompilers: Guid format shader working directory is 14 characters bigger than the processId version (E:/Projetos Unreal/FamersVsAliens/Intermediate/Shaders/WorkingDirectory/12992/).
[2017.09.18-15.40.59:810][  0]LogShaderCompilers: Cleaned the shader compiler working directory 'C:/Users/Smailin/AppData/Local/Temp/UnrealShaderWorkingDir/84FB2323432D1F62DDB1CE8FA3678515/'.
[2017.09.18-15.40.59:810][  0]LogShaderCompilers: Display: Using Local Shader Compiler.
[2017.09.18-15.41.00:773][  0]LogTemp: Display: Loaded TP AllDesktopTargetPlatform
[2017.09.18-15.41.00:820][  0]LogTemp: Display: Loaded TP MacClientTargetPlatform
[2017.09.18-15.41.00:867][  0]LogTemp: Display: Loaded TP MacNoEditorTargetPlatform
[2017.09.18-15.41.00:914][  0]LogTemp: Display: Loaded TP MacServerTargetPlatform
[2017.09.18-15.41.00:961][  0]LogTemp: Display: Loaded TP MacTargetPlatform
[2017.09.18-15.41.01:009][  0]LogTemp: Display: Loaded TP WindowsClientTargetPlatform
[2017.09.18-15.41.01:055][  0]LogTemp: Display: Loaded TP WindowsNoEditorTargetPlatform
[2017.09.18-15.41.01:102][  0]LogTemp: Display: Loaded TP WindowsServerTargetPlatform
[2017.09.18-15.41.01:142][  0]LogTemp: Display: Loaded TP WindowsTargetPlatform
[2017.09.18-15.41.01:187][  0]LogTemp: Display: Loaded TP AndroidTargetPlatform
[2017.09.18-15.41.01:231][  0]LogTemp: Display: Loaded TP Android_ASTCTargetPlatform
[2017.09.18-15.41.01:277][  0]LogTemp: Display: Loaded TP Android_ATCTargetPlatform
[2017.09.18-15.41.01:325][  0]LogTemp: Display: Loaded TP Android_DXTTargetPlatform
[2017.09.18-15.41.01:372][  0]LogTemp: Display: Loaded TP Android_ETC1TargetPlatform
[2017.09.18-15.41.01:416][  0]LogTemp: Display: Loaded TP Android_ETC2TargetPlatform
[2017.09.18-15.41.01:507][  0]LogTemp: Display: Loaded TP Android_MultiTargetPlatform
[2017.09.18-15.41.01:507][  0]LogTemp: Display: Loaded TP Android_PVRTCTargetPlatform
[2017.09.18-15.41.01:546][  0]LogTemp: Display: Loaded TP HTML5TargetPlatform
[2017.09.18-15.41.01:627][  0]LogTemp: Display: Loaded TP IOSTargetPlatform
[2017.09.18-15.41.01:661][  0]LogTemp: Display: Loaded TP TVOSTargetPlatform
[2017.09.18-15.41.01:714][  0]LogTemp: Display: Loaded TP LinuxClientTargetPlatform
[2017.09.18-15.41.01:759][  0]LogTemp: Display: Loaded TP LinuxNoEditorTargetPlatform
[2017.09.18-15.41.01:802][  0]LogTemp: Display: Loaded TP LinuxServerTargetPlatform
[2017.09.18-15.41.01:847][  0]LogTemp: Display: Loaded TP LinuxTargetPlatform
[2017.09.18-15.41.01:847][  0]LogTargetPlatformManager: Display: Building Assets For Windows
[2017.09.18-15.41.02:267][  0]LogDerivedDataCache: Display: Max Cache Size: 512 MB
[2017.09.18-15.41.02:358][  0]LogDerivedDataCache: Loaded boot cache 0.09s 93MB C:/Users/Smailin/AppData/Local/UnrealEngine/4.17/DerivedDataCache/Boot.ddc.
[2017.09.18-15.41.02:358][  0]LogDerivedDataCache: Display: Loaded Boot cache: C:/Users/Smailin/AppData/Local/UnrealEngine/4.17/DerivedDataCache/Boot.ddc
[2017.09.18-15.41.02:358][  0]LogDerivedDataCache: FDerivedDataBackendGraph:  Pak pak cache file E:/Projetos Unreal/FamersVsAliens/DerivedDataCache/DDC.ddp not found, will not use a pak cache.
[2017.09.18-15.41.02:358][  0]LogDerivedDataCache: Unable to find inner node Pak for hierarchical cache Hierarchy.
[2017.09.18-15.41.02:358][  0]LogDerivedDataCache: FDerivedDataBackendGraph:  CompressedPak pak cache file E:/Projetos Unreal/FamersVsAliens/DerivedDataCache/Compressed.ddp not found, will not use a pak cache.
[2017.09.18-15.41.02:358][  0]LogDerivedDataCache: Unable to find inner node CompressedPak for hierarchical cache Hierarchy.
[2017.09.18-15.41.02:373][  0]LogDerivedDataCache: Display: Pak cache opened for reading ../../../Engine/DerivedDataCache/Compressed.ddp.
[2017.09.18-15.41.02:386][  0]LogDerivedDataCache: Using Local data cache path C:/Users/Smailin/AppData/Local/UnrealEngine/Common/DerivedDataCache: Writable
[2017.09.18-15.41.02:397][  0]LogMaterial: Verifying Global Shaders for PCD3D_SM5
[2017.09.18-15.41.02:397][  0]LogSlate: Using Freetype 2.6.0
[2017.09.18-15.41.02:398][  0]LogSlate: SlateFontCache - WITH_FREETYPE: 1, WITH_HARFBUZZ: 1
[2017.09.18-15.41.02:398][  0]LogSlate: SlateFontCache - WITH_FREETYPE: 1, WITH_HARFBUZZ: 1
[2017.09.18-15.41.02:709][  0]LogAssetRegistry: FAssetRegistry took 0.0269 seconds to start up
[2017.09.18-15.41.02:824][  0]LogInit: Selected Device Profile: [Windows]
[2017.09.18-15.41.03:196][  0]LogSimplygon: Simplygon DLL not present - disabling.
[2017.09.18-15.41.03:236][  0]LogMeshReduction: Using SimplygonSwarm for distributed automatic mesh merging
[2017.09.18-15.41.03:236][  0]LogMeshReduction: Using QuadricMeshReduction for automatic static mesh reduction
[2017.09.18-15.41.03:236][  0]LogMeshReduction: No automatic skeletal mesh reduction module available
[2017.09.18-15.41.03:236][  0]LogMeshReduction: No automatic mesh merging module available
[2017.09.18-15.41.03:236][  0]LogMeshMerging: No automatic mesh merging module available
[2017.09.18-15.41.03:238][  0]LogContentStreaming: Texture pool size is 0.00 MB
[2017.09.18-15.41.03:678][  0]LogNetVersion: FamersVsAliens , NetCL: 3573198, EngineNetVer: 2, GameNetVer: 0 (Checksum: 3801939757)
[2017.09.18-15.41.03:860][  0]LogPackageLocalizationCache: Processed 5 localized package path(s) for 1 prioritized culture(s) in 0.021115 seconds
[2017.09.18-15.41.03:868][  0]LogUObjectArray: 35825 objects as part of root set at end of initial load.
[2017.09.18-15.41.03:868][  0]LogUObjectAllocator: 7529104 out of 0 bytes used by permanent object pool.
[2017.09.18-15.41.03:868][  0]LogUObjectArray: CloseDisregardForGC: 0/0 objects in disregard for GC pool
[2017.09.18-15.41.03:921][  0]LogInit: WinSock: version 1.1 (2.2), MaxSocks=32767, MaxUdp=65467
[2017.09.18-15.41.06:480][  0]LogTcpMessaging: Initializing TcpMessaging bridge
[2017.09.18-15.41.06:516][  0]LogUdpMessaging: Initializing bridge on interface 0.0.0.0:0 to multicast group 230.0.0.1:6666.
[2017.09.18-15.41.07:112][  0]LogMaterial: Uniform references updated for custom material expression Custom.
[2017.09.18-15.41.07:484][  0]SourceControl: Source control is disabled
[2017.09.18-15.41.08:685][  0]LogAndroidPermission: UAndroidPermissionCallbackProxy::GetInstance
[2017.09.18-15.41.08:933][  0]LogOcInput: OculusInput pre-init called
[2017.09.18-15.41.09:178][  0]LogEngine: Initializing Engine...
[2017.09.18-15.41.09:180][  0]LogHMD: Failed to initialize OpenVR with code 110
[2017.09.18-15.41.09:412][  0]LogStats: UGameplayTagsManager::ConstructGameplayTagTree: Construct from data asset -  0.000 s
[2017.09.18-15.41.09:412][  0]LogStats: UGameplayTagsManager::ConstructGameplayTagTree: GameplayTagTreeChangedEvent.Broadcast -  0.000 s
[2017.09.18-15.41.09:532][  0]LogAIModule: Creating AISystem for world Untitled
[2017.09.18-15.41.09:541][  0]LogInit: XAudio2 using 'Alto-falantes (Realtek High Definition Audio)' : 2 channels at 48 kHz using 32 bits per sample (channel mask 0x3)
[2017.09.18-15.41.09:558][  0]LogInit: FAudioDevice initialized.
[2017.09.18-15.41.09:785][  0]LogDerivedDataCache: Saved boot cache 0.23s 93MB C:/Users/Smailin/AppData/Local/UnrealEngine/4.17/DerivedDataCache/Boot.ddc.
[2017.09.18-15.41.09:791][  0]LogInit: Texture streaming: Enabled
[2017.09.18-15.41.09:877][  0]LogEngineSessionManager: EngineSessionManager initialized
[2017.09.18-15.41.10:063][  0]LogInit: Transaction tracking system initialized
[2017.09.18-15.41.10:321][  0]BlueprintLog: New page: Editor Load
[2017.09.18-15.41.11:077][  0]LocalizationService: Localization service is disabled
[2017.09.18-15.41.11:742][  0]LogConsoleResponse: Display: 
[2017.09.18-15.41.11:911][  0]LogCook: Display: Max memory allowance for cook 16384mb min free memory 0mb
[2017.09.18-15.41.11:911][  0]LogCook: Display: Mobile HDR setting 1
[2017.09.18-15.41.11:911][  0]LogGameplayTags: Display: UGameplayTagsManager::DoneAddingNativeTags. DelegateIsBound: 0
[2017.09.18-15.41.12:824][  0]LogFileCache: Scanning file cache for directory 'E:/Projetos Unreal/FamersVsAliens/Content/' took 0.01s
[2017.09.18-15.41.12:865][  0]Cmd: MAP LOAD FILE="../../../Engine/Content/Maps/Templates/Template_Default.umap" TEMPLATE=1 SHOWPROGRESS=1 FEATURELEVEL=3
[2017.09.18-15.41.12:866][  0]LightingResults: New page: Lighting Build
[2017.09.18-15.41.12:901][  0]MapCheck: New page: Map Check
[2017.09.18-15.41.12:901][  0]LightingResults: New page: Lighting Build
[2017.09.18-15.41.13:107][  0]LogAIModule: Creating AISystem for world Untitled_1
[2017.09.18-15.41.13:112][  0]LogEditorServer: Finished looking for orphan Actors (0.000 secs)
[2017.09.18-15.41.13:122][  0]Cmd: MAP CHECKDEP NOCLEARLOG
[2017.09.18-15.41.13:186][  0]MapCheck: Map check complete: 0 Error(s), 0 Warning(s), took 63.471ms to complete.
[2017.09.18-15.41.13:186][  0]LogFileHelpers: Loading map 'Template_Default' took 0.321
[2017.09.18-15.41.13:382][  0]LogCollectionManager: Loaded 0 collections in 0.001894 seconds
[2017.09.18-15.41.13:460][  0]LogFileCache: Scanning file cache for directory 'E:/Projetos Unreal/FamersVsAliens/Saved/Collections/' took 0.01s
[2017.09.18-15.41.13:460][  0]LogFileCache: Scanning file cache for directory 'E:/Projetos Unreal/FamersVsAliens/Content/Developers/Smailin/Collections/' took 0.01s
[2017.09.18-15.41.13:460][  0]LogFileCache: Scanning file cache for directory 'E:/Projetos Unreal/FamersVsAliens/Content/Collections/' took 0.01s
[2017.09.18-15.41.13:460][  0]LogCollectionManager: Rebuilt the GUID cache for 0 collections in 0.000001 seconds
[2017.09.18-15.41.13:470][  0]LogContentBrowser: Native class hierarchy populated in 0.0097 seconds. Added 2386 classes and 500 folders.
[2017.09.18-15.41.13:529][  0]LogContentBrowser: Native class hierarchy updated for 'WidgetCarousel' in 0.0009 seconds. Added 0 classes and 0 folders.
[2017.09.18-15.41.13:583][  0]LogContentBrowser: Native class hierarchy updated for 'AddContentDialog' in 0.0006 seconds. Added 0 classes and 0 folders.
[2017.09.18-15.41.13:622][  0]LogContentBrowser: Native class hierarchy updated for 'SceneOutliner' in 0.0007 seconds. Added 1 classes and 2 folders.
[2017.09.18-15.41.14:536][  0]LogSlate: Took 0.000321 seconds to synchronously load lazily loaded font '../../../Engine/Content/Slate/Fonts/Roboto-Regular.ttf' (155K)
[2017.09.18-15.41.14:540][  0]LogSlate: Took 0.000366 seconds to synchronously load lazily loaded font '../../../Engine/Content/Slate/Fonts/Roboto-Bold.ttf' (160K)
[2017.09.18-15.41.14:547][  0]LogSlate: Took 0.000293 seconds to synchronously load lazily loaded font '../../../Engine/Content/Editor/Slate/Fonts/FontAwesome.ttf' (139K)
[2017.09.18-15.41.14:711][  0]LogTemp: Executing iPhonePackager certificates Engine -bundlename com.YourCompany.FamersVsAliens
[2017.09.18-15.41.14:711][  0]LogTemp: CWD: F:\UE_4.17\Engine\Binaries\DotNET\IOS
[2017.09.18-15.41.14:711][  0]LogTemp: Initial Dir: F:\UE_4.17
[2017.09.18-15.41.14:711][  0]LogTemp: Env CWD: F:\UE_4.17\Engine\Binaries\DotNET\IOS
[2017.09.18-15.41.14:711][  0]LogTemp: BranchPath = DESKTOP-CICTV3V/F/UE_4.17/Engine/Binaries --- GameBranchPath = DESKTOP-CICTV3V/F/UE_4.17/Engine/Binaries
[2017.09.18-15.41.14:711][  0]LogTemp: IPP ERROR: Could not find provision directory 'C:\Users\Smailin\AppData\Local/Apple Computer/MobileDevice/Provisioning Profiles/'.
[2017.09.18-15.41.14:711][  0]LogRenderer: Reallocating scene render targets to support 816x456 Format 10 NumSamples 1 (Frame:1).
[2017.09.18-15.41.14:868][  0]LogContentBrowser: Native class hierarchy updated for 'HierarchicalLODOutliner' in 0.0007 seconds. Added 1 classes and 2 folders.
[2017.09.18-15.41.14:869][  0]LogLoad: (Engine Initialization) Total time: 18.67 seconds
[2017.09.18-15.41.14:869][  0]LogLoad: (Engine Initialization) Total Blueprint compile time: 0.00 seconds
[2017.09.18-15.41.14:869][  0]LogExternalProfiler: No external profilers were discovered.  External profiling features will not be available.
[2017.09.18-15.41.15:204][  0]LogWindowsTextInputMethodSystem: Display: IME system now deactivated.
[2017.09.18-15.41.15:239][  0]SourceControl: On branch master
[2017.09.18-15.41.15:239][  0]SourceControl: Your branch is up-to-date with 'origin/master'.
[2017.09.18-15.41.15:239][  0]SourceControl: Changes not staged for commit:
[2017.09.18-15.41.15:239][  0]SourceControl:   (use "git add <file>..." to update what will be committed)
[2017.09.18-15.41.15:239][  0]SourceControl:   (use "git checkout -- <file>..." to discard changes in working directory)
[2017.09.18-15.41.15:240][  0]SourceControl: 	modified:   Intermediate/CachedAssetRegistry.bin
[2017.09.18-15.41.15:240][  0]SourceControl: 	modified:   Intermediate/Config/CoalescedSourceConfigs/Engine.ini
[2017.09.18-15.41.15:240][  0]SourceControl: 	modified:   Intermediate/Config/CoalescedSourceConfigs/Game.ini
[2017.09.18-15.41.15:240][  0]SourceControl: 	modified:   Intermediate/Config/CoalescedSourceConfigs/Input.ini
[2017.09.18-15.41.15:240][  0]SourceControl: 	modified:   Saved/Config/Windows/Editor.ini
[2017.09.18-15.41.15:240][  0]SourceControl: 	modified:   Saved/Config/Windows/EditorPerProjectUserSettings.ini
[2017.09.18-15.41.15:240][  0]SourceControl: 	modified:   Saved/Config/Windows/Engine.ini
[2017.09.18-15.41.15:240][  0]SourceControl: 	modified:   Saved/Logs/FamersVsAliens.log
[2017.09.18-15.41.15:240][  0]SourceControl: Untracked files:
[2017.09.18-15.41.15:240][  0]SourceControl:   (use "git add <file>..." to include in what will be committed)
[2017.09.18-15.41.15:240][  0]SourceControl: 	Intermediate/AssetRegistryCache/311563bb.bin
[2017.09.18-15.41.15:240][  0]SourceControl: 	Intermediate/AssetRegistryCache/c90e3f55.bin
[2017.09.18-15.41.15:240][  0]SourceControl: 	Saved/AutoScreenshot.png
[2017.09.18-15.41.15:240][  0]SourceControl: 	Saved/Autosaves/
[2017.09.18-15.41.15:240][  0]SourceControl: 	Saved/Backup/
[2017.09.18-15.41.15:240][  0]SourceControl: 	Saved/Config/CrashReportClient/UE4CC-Windows-13BB8E0F452B9499252B94836E8B2F62/
[2017.09.18-15.41.15:240][  0]SourceControl: 	Saved/Config/CrashReportClient/UE4CC-Windows-1FDCDA3A4D7BCB4F3BC0C798AB705E78/
[2017.09.18-15.41.15:240][  0]SourceControl: 	Saved/Config/CrashReportClient/UE4CC-Windows-8878CD364A1A6176C8CAA5BC532E9CEE/
[2017.09.18-15.41.15:240][  0]SourceControl: 	Saved/Config/CrashReportClient/UE4CC-Windows-B73B65AD4FAF382F2718BABEEDBCB3E5/
[2017.09.18-15.41.15:240][  0]SourceControl: 	Saved/Config/CrashReportClient/UE4CC-Windows-D5D674BB44330A165FFE4A9AC8BA5E72/
[2017.09.18-15.41.15:240][  0]SourceControl: 	Saved/Config/Windows/SourceControlSettings.ini
[2017.09.18-15.41.15:240][  0]SourceControl: 	Saved/Config/WorldState/
[2017.09.18-15.41.15:240][  0]SourceControl: 	Saved/Logs/FamersVsAliens-backup-2017.09.18-08.58.13.log
[2017.09.18-15.41.15:240][  0]SourceControl: 	Saved/Logs/FamersVsAliens-backup-2017.09.18-09.11.40.log
[2017.09.18-15.41.15:240][  0]SourceControl: 	Saved/Logs/FamersVsAliens-backup-2017.09.18-09.32.32.log
[2017.09.18-15.41.15:240][  0]SourceControl: 	Saved/Logs/FamersVsAliens-backup-2017.09.18-12.40.57.log
[2017.09.18-15.41.15:240][  0]SourceControl: 	Saved/Logs/FamersVsAliens_2.log
[2017.09.18-15.41.15:240][  0]SourceControl: no changes added to commit (use "git add" and/or "git commit -a")
[2017.09.18-15.41.15:241][  0]LogContentStreaming: Texture pool size now 1000 MB
[2017.09.18-15.41.15:887][  2]LogAssetRegistry: Asset discovery search completed in 13.2003 seconds
[2017.09.18-15.41.15:891][  2]LogCollectionManager: Rebuilt the object cache for 0 collections in 0.000001 seconds (found 0 objects)
[2017.09.18-15.41.15:891][  2]LogCollectionManager: Fixed up redirectors for 0 collections in 0.000127 seconds (updated 0 objects)
[2017.09.18-15.41.16:218][  3]LogSlate: Took 0.000334 seconds to synchronously load lazily loaded font '../../../Engine/Content/Slate/Fonts/Roboto-Light.ttf' (159K)
[2017.09.18-15.41.19:298][176]LogSlate: Took 0.000290 seconds to synchronously load lazily loaded font '../../../Engine/Content/Slate/Fonts/Roboto-Light.ttf' (159K)
[2017.09.18-15.48.13:827][750]LogSlate: Took 0.000286 seconds to synchronously load lazily loaded font '../../../Engine/Content/Slate/Fonts/Roboto-Light.ttf' (159K)
[2017.09.18-15.48.33:305][940]LogContentBrowser: Native class hierarchy updated for 'BlueprintGraph' in 0.0011 seconds. Added 113 classes and 0 folders.
[2017.09.18-15.48.34:101][940]LogSlate: Took 0.000246 seconds to synchronously load lazily loaded font '../../../Engine/Content/Slate/Fonts/Roboto-Regular.ttf' (155K)
[2017.09.18-15.48.34:259][940]LogRenderer: Reallocating scene render targets to support 876x568 Format 10 NumSamples 1 (Frame:1).
[2017.09.18-15.48.39:257][349]LogSlate: Took 0.000293 seconds to synchronously load lazily loaded font '../../../Engine/Content/Editor/Slate/Fonts/Roboto-Italic.ttf' (157K)
[2017.09.18-15.49.53:978][422]BlueprintLog: New page: Compile Inimigo01
[2017.09.18-15.50.10:192][488]LogSlate: Took 0.000288 seconds to synchronously load lazily loaded font '../../../Engine/Content/Editor/Slate/Fonts/Roboto-BoldCondensed.ttf' (158K)
[2017.09.18-15.51.14:727][159]LogFileHelpers: Editor autosave (incl. sublevels) for '/Temp/Untitled_1' took 0.016
[2017.09.18-15.51.14:729][159]OBJ SavePackage: Generating thumbnails for [1] asset(s) in package [/Game/BluePrints/Inimigo01] ([1] browsable assets)...
[2017.09.18-15.51.14:747][159]OBJ SavePackage:     Rendered thumbnail for [Blueprint /Game/BluePrints/Inimigo01.Inimigo01]
[2017.09.18-15.51.14:747][159]OBJ SavePackage: Finished generating thumbnails for package [/Game/BluePrints/Inimigo01]
[2017.09.18-15.51.14:747][159]Cmd: OBJ SAVEPACKAGE PACKAGE="/Game/BluePrints/Inimigo01" FILE="E:/Projetos Unreal/FamersVsAliens/Saved/Autosaves/Game/BluePrints/Inimigo01_Auto1.uasset" SILENT=false AUTOSAVING=true
[2017.09.18-15.51.14:769][159]LogSavePackage: Save=20.76ms
[2017.09.18-15.51.14:769][159]LogSavePackage: Moving 'E:/Projetos Unreal/FamersVsAliens/Saved/Inimigo01_Auto162BEEE394C1F08D9F673108C6B5659F2.tmp' to 'E:/Projetos Unreal/FamersVsAliens/Saved/Autosaves/Game/BluePrints/Inimigo01_Auto1.uasset'
[2017.09.18-15.51.14:770][159]LogSavePackage: Display: Finished SavePackage E:/Projetos Unreal/FamersVsAliens/Saved/Autosaves/Game/BluePrints/Inimigo01_Auto1.uasset
[2017.09.18-15.51.14:770][159]LogFileHelpers: Auto-saving content packages took 0.042
[2017.09.18-15.54.57:158][330]Cmd: OBJ SAVEPACKAGE PACKAGE="/Game/BluePrints/Inimigo01" FILE="E:/Projetos Unreal/FamersVsAliens/Content/BluePrints/Inimigo01.uasset" SILENT=true
[2017.09.18-15.54.57:182][330]LogSavePackage: Save=22.18ms
[2017.09.18-15.54.57:182][330]LogSavePackage: Moving 'E:/Projetos Unreal/FamersVsAliens/Saved/Inimigo01FE83EA3D4C8DAC6A308E7CB2251CBEA0.tmp' to 'E:/Projetos Unreal/FamersVsAliens/Content/BluePrints/Inimigo01.uasset'
[2017.09.18-15.54.57:183][330]LogSavePackage: Display: Finished SavePackage E:/Projetos Unreal/FamersVsAliens/Content/BluePrints/Inimigo01.uasset
[2017.09.18-15.57.20:597][466]LogEditorTransaction: Undo Modify Component(s)
[2017.09.18-15.57.41:944][219]BlueprintLog: New page: Compile ProjetilDoHeroi
[2017.09.18-16.01.15:788][ 33]LogFileHelpers: Editor autosave (incl. sublevels) for '/Temp/Untitled_1' took 0.017
[2017.09.18-16.01.15:789][ 33]OBJ SavePackage: Generating thumbnails for [1] asset(s) in package [/Game/BluePrints/ProjetilDoHeroi] ([1] browsable assets)...
[2017.09.18-16.01.15:821][ 33]OBJ SavePackage:     Rendered thumbnail for [Blueprint /Game/BluePrints/ProjetilDoHeroi.ProjetilDoHeroi]
[2017.09.18-16.01.15:821][ 33]OBJ SavePackage: Finished generating thumbnails for package [/Game/BluePrints/ProjetilDoHeroi]
[2017.09.18-16.01.15:821][ 33]Cmd: OBJ SAVEPACKAGE PACKAGE="/Game/BluePrints/ProjetilDoHeroi" FILE="E:/Projetos Unreal/FamersVsAliens/Saved/Autosaves/Game/BluePrints/ProjetilDoHeroi_Auto2.uasset" SILENT=false AUTOSAVING=true
[2017.09.18-16.01.15:844][ 33]LogSavePackage: Save=21.21ms
[2017.09.18-16.01.15:844][ 33]LogSavePackage: Moving 'E:/Projetos Unreal/FamersVsAliens/Saved/ProjetilDoHeroi_Auto2C90DB32341811EDC6DBCEDA698D0B9C1.tmp' to 'E:/Projetos Unreal/FamersVsAliens/Saved/Autosaves/Game/BluePrints/ProjetilDoHeroi_Auto2.uasset'
[2017.09.18-16.01.15:846][ 33]LogSavePackage: Display: Finished SavePackage E:/Projetos Unreal/FamersVsAliens/Saved/Autosaves/Game/BluePrints/ProjetilDoHeroi_Auto2.uasset
[2017.09.18-16.01.15:846][ 33]LogFileHelpers: Auto-saving content packages took 0.057
[2017.09.18-16.01.26:607][313]BlueprintLog: New page: Compile ProjetilDoHeroi
[2017.09.18-16.13.37:047][506]LogFileHelpers: Editor autosave (incl. sublevels) for '/Temp/Untitled_1' took 0.037
[2017.09.18-16.13.37:049][506]OBJ SavePackage: Generating thumbnails for [1] asset(s) in package [/Game/BluePrints/ProjetilDoHeroi] ([1] browsable assets)...
[2017.09.18-16.13.37:080][506]OBJ SavePackage:     Rendered thumbnail for [Blueprint /Game/BluePrints/ProjetilDoHeroi.ProjetilDoHeroi]
[2017.09.18-16.13.37:080][506]OBJ SavePackage: Finished generating thumbnails for package [/Game/BluePrints/ProjetilDoHeroi]
[2017.09.18-16.13.37:080][506]Cmd: OBJ SAVEPACKAGE PACKAGE="/Game/BluePrints/ProjetilDoHeroi" FILE="E:/Projetos Unreal/FamersVsAliens/Saved/Autosaves/Game/BluePrints/ProjetilDoHeroi_Auto3.uasset" SILENT=false AUTOSAVING=true
[2017.09.18-16.13.37:107][506]LogSavePackage: Save=26.71ms
[2017.09.18-16.13.37:107][506]LogSavePackage: Moving 'E:/Projetos Unreal/FamersVsAliens/Saved/ProjetilDoHeroi_Auto38041F92F4F5397DD442582A40C627C19.tmp' to 'E:/Projetos Unreal/FamersVsAliens/Saved/Autosaves/Game/BluePrints/ProjetilDoHeroi_Auto3.uasset'
[2017.09.18-16.13.37:108][506]LogSavePackage: Display: Finished SavePackage E:/Projetos Unreal/FamersVsAliens/Saved/Autosaves/Game/BluePrints/ProjetilDoHeroi_Auto3.uasset
[2017.09.18-16.13.37:109][506]OBJ SavePackage: Generating thumbnails for [1] asset(s) in package [/Game/BluePrints/Arma] ([1] browsable assets)...
[2017.09.18-16.13.37:139][506]OBJ SavePackage:     Rendered thumbnail for [Blueprint /Game/BluePrints/Arma.Arma]
[2017.09.18-16.13.37:139][506]OBJ SavePackage: Finished generating thumbnails for package [/Game/BluePrints/Arma]
[2017.09.18-16.13.37:139][506]Cmd: OBJ SAVEPACKAGE PACKAGE="/Game/BluePrints/Arma" FILE="E:/Projetos Unreal/FamersVsAliens/Saved/Autosaves/Game/BluePrints/Arma_Auto3.uasset" SILENT=false AUTOSAVING=true
[2017.09.18-16.13.37:158][506]LogSavePackage: Save=18.24ms
[2017.09.18-16.13.37:158][506]LogSavePackage: Moving 'E:/Projetos Unreal/FamersVsAliens/Saved/Arma_Auto3152AD36943F82C1D47C3CEA121C57CE0.tmp' to 'E:/Projetos Unreal/FamersVsAliens/Saved/Autosaves/Game/BluePrints/Arma_Auto3.uasset'
[2017.09.18-16.13.37:159][506]LogSavePackage: Display: Finished SavePackage E:/Projetos Unreal/FamersVsAliens/Saved/Autosaves/Game/BluePrints/Arma_Auto3.uasset
[2017.09.18-16.13.37:159][506]LogFileHelpers: Auto-saving content packages took 0.112
[2017.09.18-16.15.18:273][657]LogSlate: Warning: Prevented a slow task dialog from being summoned while a context menu was open
[2017.09.18-16.17.36:838][137]LogEditorTransaction: Undo Make New Scene Root
[2017.09.18-16.17.46:574][283]BlueprintLog: New page: Compile Arma
[2017.09.18-16.17.46:927][283]LogBlueprint: Error: [Compiler Arma] The current value of the ' Spawn Transform ' pin is invalid: 'Spawn Transform' must have an input wired into it ("by ref" params expect a valid input to operate on).
[2017.09.18-16.17.46:937][283]LogBlueprint: Error: [Compiler Arma] The current value of the ' Spawn Transform ' pin is invalid: 'Spawn Transform' must have an input wired into it ("by ref" params expect a valid input to operate on).
[2017.09.18-16.17.47:080][283]LogBlueprint: Warning: [Compiler Arma] [2210.88] Compile of Arma failed. 2 Fatal Issue(s) 0 Warning(s) [in 505 ms] (/Game/BluePrints/Arma.Arma)
[2017.09.18-16.18.15:789][286]BlueprintLog: New page: Compile Arma
[2017.09.18-16.24.02:452][499]LogFileHelpers: Editor autosave (incl. sublevels) for '/Temp/Untitled_1' took 0.018
[2017.09.18-16.24.02:454][499]OBJ SavePackage: Generating thumbnails for [1] asset(s) in package [/Game/BluePrints/Arma] ([1] browsable assets)...
[2017.09.18-16.24.02:485][499]OBJ SavePackage:     Rendered thumbnail for [Blueprint /Game/BluePrints/Arma.Arma]
[2017.09.18-16.24.02:485][499]OBJ SavePackage: Finished generating thumbnails for package [/Game/BluePrints/Arma]
[2017.09.18-16.24.02:485][499]Cmd: OBJ SAVEPACKAGE PACKAGE="/Game/BluePrints/Arma" FILE="E:/Projetos Unreal/FamersVsAliens/Saved/Autosaves/Game/BluePrints/Arma_Auto4.uasset" SILENT=false AUTOSAVING=true
[2017.09.18-16.24.02:513][499]LogSavePackage: Save=27.49ms
[2017.09.18-16.24.02:513][499]LogSavePackage: Moving 'E:/Projetos Unreal/FamersVsAliens/Saved/Arma_Auto44CB7C7414DD236E0BA81F190603BDDE1.tmp' to 'E:/Projetos Unreal/FamersVsAliens/Saved/Autosaves/Game/BluePrints/Arma_Auto4.uasset'
[2017.09.18-16.24.02:514][499]LogSavePackage: Display: Finished SavePackage E:/Projetos Unreal/FamersVsAliens/Saved/Autosaves/Game/BluePrints/Arma_Auto4.uasset
[2017.09.18-16.24.02:514][499]LogFileHelpers: Auto-saving content packages took 0.061
[2017.09.18-16.24.56:748][  4]BlueprintLog: New page: Compile Arma
[2017.09.18-16.26.30:011][936]LogTemp: Repeating last play command: Selected Viewport
[2017.09.18-16.26.30:034][936]LogPlayLevel: PlayLevel: No blueprints needed recompiling
[2017.09.18-16.26.30:035][936]PIE: New page: PIE session: Untitled_1 (Sep 18, 2017, 10:26:30 AM)
[2017.09.18-16.26.30:035][936]LogPlayLevel: Creating play world package: /Temp/UEDPIE_0_Untitled_1
[2017.09.18-16.26.30:038][936]LogPlayLevel: PIE: StaticDuplicateObject took: (0.002764s)
[2017.09.18-16.26.30:039][936]LogAIModule: Creating AISystem for world Untitled_1
[2017.09.18-16.26.30:039][936]LogPlayLevel: PIE: World Init took: (0.001293s)
[2017.09.18-16.26.30:039][936]LogPlayLevel: PIE: Created PIE world by copying editor world from /Temp/Untitled_1.Untitled_1 to /Temp/UEDPIE_0_Untitled_1.Untitled_1 (0.004370s)
[2017.09.18-16.26.30:060][936]LogInit: XAudio2 using 'Alto-falantes (Realtek High Definition Audio)' : 2 channels at 48 kHz using 32 bits per sample (channel mask 0x3)
[2017.09.18-16.26.30:077][936]LogInit: FAudioDevice initialized.
[2017.09.18-16.26.30:154][936]LogLoad: Game class is 'ModoDeJogo_C'
[2017.09.18-16.26.30:157][936]LogWorld: Bringing World /Temp/UEDPIE_0_Untitled_1.Untitled_1 up for play (max tick rate 0) at 2017.09.18-13.26.30
[2017.09.18-16.26.30:157][936]LogWorld: Bringing up level for play took: 0.001153
[2017.09.18-16.26.30:198][936]LogContentBrowser: Native class hierarchy updated for 'MovieSceneCapture' in 0.0011 seconds. Added 11 classes and 0 folders.
[2017.09.18-16.26.30:200][936]PIE: Play in editor start time for /Temp/UEDPIE_0_Untitled_1 -0.312
[2017.09.18-16.30.44:190][566]LogAIModule: Creating AISystem for world MapaBasico
[2017.09.18-16.30.46:307][566]Cmd: OBJ SAVEPACKAGE PACKAGE="/Game/BluePrints/Arma" FILE="E:/Projetos Unreal/FamersVsAliens/Content/BluePrints/Arma.uasset" SILENT=true
[2017.09.18-16.30.46:335][566]LogSavePackage: Save=27.65ms
[2017.09.18-16.30.46:335][566]LogSavePackage: Moving 'E:/Projetos Unreal/FamersVsAliens/Saved/Arma99E5C8454E3EB235C0280DA97969C271.tmp' to 'E:/Projetos Unreal/FamersVsAliens/Content/BluePrints/Arma.uasset'
[2017.09.18-16.30.46:337][566]LogSavePackage: Display: Finished SavePackage E:/Projetos Unreal/FamersVsAliens/Content/BluePrints/Arma.uasset
[2017.09.18-16.30.46:515][566]Cmd: OBJ SAVEPACKAGE PACKAGE="/Game/BluePrints/Jogador" FILE="E:/Projetos Unreal/FamersVsAliens/Content/BluePrints/Jogador.uasset" SILENT=true
[2017.09.18-16.30.46:578][566]LogSavePackage: Save=59.52ms
[2017.09.18-16.30.46:578][566]LogSavePackage: Moving 'E:/Projetos Unreal/FamersVsAliens/Saved/Jogador669037764735BD2817346AB9D29AE6BA.tmp' to 'E:/Projetos Unreal/FamersVsAliens/Content/BluePrints/Jogador.uasset'
[2017.09.18-16.30.46:580][566]LogSavePackage: Display: Finished SavePackage E:/Projetos Unreal/FamersVsAliens/Content/BluePrints/Jogador.uasset
[2017.09.18-16.30.46:610][566]Cmd: OBJ SAVEPACKAGE PACKAGE="/Game/BluePrints/ProjetilDoHeroi" FILE="E:/Projetos Unreal/FamersVsAliens/Content/BluePrints/ProjetilDoHeroi.uasset" SILENT=true
[2017.09.18-16.30.46:628][566]LogSavePackage: Save=16.85ms
[2017.09.18-16.30.46:628][566]LogSavePackage: Moving 'E:/Projetos Unreal/FamersVsAliens/Saved/ProjetilDoHeroi39E89B4B469BEE05142FD8BA371DAD5F.tmp' to 'E:/Projetos Unreal/FamersVsAliens/Content/BluePrints/ProjetilDoHeroi.uasset'
[2017.09.18-16.30.46:629][566]LogSavePackage: Display: Finished SavePackage E:/Projetos Unreal/FamersVsAliens/Content/BluePrints/ProjetilDoHeroi.uasset
[2017.09.18-16.30.46:793][566]Cmd: MAP LOAD FILE="E:/Projetos Unreal/FamersVsAliens/Content/Maps/MapaBasico.umap" TEMPLATE=0 SHOWPROGRESS=1 FEATURELEVEL=3
[2017.09.18-16.30.46:794][566]LightingResults: New page: Lighting Build
[2017.09.18-16.30.46:796][566]LoadErrors: New page: Loading map: MapaBasico.umap
[2017.09.18-16.30.46:796][566]MapCheck: New page: Map Check
[2017.09.18-16.30.46:797][566]LightingResults: New page: Lighting Build
[2017.09.18-16.30.46:829][566]LogEditorServer: Finished looking for orphan Actors (0.000 secs)
[2017.09.18-16.30.46:863][566]Cmd: MAP CHECKDEP NOCLEARLOG
[2017.09.18-16.30.46:931][566]MapCheck: Map check complete: 0 Error(s), 0 Warning(s), took 67.312ms to complete.
[2017.09.18-16.30.46:931][566]LogFileHelpers: Loading map 'MapaBasico' took 0.140
[2017.09.18-16.30.50:364][958]LogTemp: Repeating last play command: Selected Viewport
[2017.09.18-16.30.50:388][958]LogPlayLevel: PlayLevel: No blueprints needed recompiling
[2017.09.18-16.30.50:388][958]PIE: New page: PIE session: MapaBasico (Sep 18, 2017, 10:30:50 AM)
[2017.09.18-16.30.50:388][958]LogPlayLevel: Creating play world package: /Game/Maps/UEDPIE_0_MapaBasico
[2017.09.18-16.30.50:390][958]LogPlayLevel: PIE: StaticDuplicateObject took: (0.002115s)
[2017.09.18-16.30.50:391][958]LogAIModule: Creating AISystem for world MapaBasico
[2017.09.18-16.30.50:391][958]LogPlayLevel: PIE: World Init took: (0.000804s)
[2017.09.18-16.30.50:391][958]LogPlayLevel: PIE: Created PIE world by copying editor world from /Game/Maps/MapaBasico.MapaBasico to /Game/Maps/UEDPIE_0_MapaBasico.MapaBasico (0.003173s)
[2017.09.18-16.30.50:412][958]LogInit: XAudio2 using 'Alto-falantes (Realtek High Definition Audio)' : 2 channels at 48 kHz using 32 bits per sample (channel mask 0x3)
[2017.09.18-16.30.50:424][958]LogInit: FAudioDevice initialized.
[2017.09.18-16.30.50:456][958]LogLoad: Game class is 'ModoDeJogo_C'
[2017.09.18-16.30.50:458][958]LogWorld: Bringing World /Game/Maps/UEDPIE_0_MapaBasico.MapaBasico up for play (max tick rate 0) at 2017.09.18-13.30.50
[2017.09.18-16.30.50:459][958]LogWorld: Bringing up level for play took: 0.001891
[2017.09.18-16.30.50:461][958]PIE: Play in editor start time for /Game/Maps/UEDPIE_0_MapaBasico -0.051
[2017.09.18-16.30.57:369][762]LogLinker: Warning: Can't find file '/Game/Maps/MapaBasico02_BuiltData'
[2017.09.18-16.30.57:370][762]LogLinker: Warning: Can't find file for asset '/Game/Maps/MapaBasico02_BuiltData' while loading E:/Projetos Unreal/FamersVsAliens/Content/Maps/MapaBasico02.umap.
[2017.09.18-16.30.57:370][762]LoadErrors: Error: /Game/Maps/MapaBasico02 : Can't find file for asset. /Game/Maps/MapaBasico02_BuiltData
[2017.09.18-16.30.57:371][762]LogLinker: Warning: Can't find file '/Game/Maps/MapaBasico02_BuiltData'
[2017.09.18-16.30.57:371][762]LogLinker: Warning: Can't find file for asset '/Game/Maps/MapaBasico02_BuiltData' while loading E:/Projetos Unreal/FamersVsAliens/Content/Maps/MapaBasico02.umap.
[2017.09.18-16.30.57:375][762]LogLinker: Warning: Can't find file '/Game/Maps/MapaBasico02_BuiltData'
[2017.09.18-16.30.57:375][762]LoadErrors: Failed to load /Game/Maps/MapaBasico02_BuiltData.MapaBasico02_BuiltData Referenced by PersistentLevel
[2017.09.18-16.30.57:375][762]LogLinker: Warning: Can't find file for asset '/Game/Maps/MapaBasico02_BuiltData' while loading NULL.
[2017.09.18-16.30.57:377][762]LogAIModule: Creating AISystem for world MapaBasico02
[2017.09.18-16.30.57:399][762]Cmd: MAP LOAD FILE="E:/Projetos Unreal/FamersVsAliens/Content/Maps/MapaBasico02.umap" TEMPLATE=0 SHOWPROGRESS=1 FEATURELEVEL=3
[2017.09.18-16.30.57:399][762]LightingResults: New page: Lighting Build
[2017.09.18-16.30.57:400][762]LoadErrors: New page: Loading map: MapaBasico02.umap
[2017.09.18-16.30.57:400][762]MapCheck: New page: Map Check
[2017.09.18-16.30.57:400][762]LightingResults: New page: Lighting Build
[2017.09.18-16.30.57:422][762]LogEditorServer: Finished looking for orphan Actors (0.000 secs)
[2017.09.18-16.30.57:459][762]Cmd: MAP CHECKDEP NOCLEARLOG
[2017.09.18-16.30.57:528][762]MapCheck: Map check complete: 0 Error(s), 0 Warning(s), took 68.631ms to complete.
[2017.09.18-16.30.57:528][762]LogFileHelpers: Loading map 'MapaBasico02' took 0.130
[2017.09.18-16.30.58:851][915]LogTemp: Repeating last play command: Selected Viewport
[2017.09.18-16.30.58:871][915]LogPlayLevel: PlayLevel: No blueprints needed recompiling
[2017.09.18-16.30.58:871][915]PIE: New page: PIE session: MapaBasico02 (Sep 18, 2017, 10:30:58 AM)
[2017.09.18-16.30.58:871][915]LogPlayLevel: Creating play world package: /Game/Maps/UEDPIE_0_MapaBasico02
[2017.09.18-16.30.58:873][915]LogPlayLevel: PIE: StaticDuplicateObject took: (0.002419s)
[2017.09.18-16.30.58:874][915]LogAIModule: Creating AISystem for world MapaBasico02
[2017.09.18-16.30.58:874][915]LogPlayLevel: PIE: World Init took: (0.000831s)
[2017.09.18-16.30.58:874][915]LogPlayLevel: PIE: Created PIE world by copying editor world from /Game/Maps/MapaBasico02.MapaBasico02 to /Game/Maps/UEDPIE_0_MapaBasico02.MapaBasico02 (0.003534s)
[2017.09.18-16.30.58:899][915]LogInit: XAudio2 using 'Alto-falantes (Realtek High Definition Audio)' : 2 channels at 48 kHz using 32 bits per sample (channel mask 0x3)
[2017.09.18-16.30.58:909][915]LogInit: FAudioDevice initialized.
[2017.09.18-16.30.58:945][915]LogLoad: Game class is 'ModoDeJogo_C'
[2017.09.18-16.30.58:947][915]LogWorld: Bringing World /Game/Maps/UEDPIE_0_MapaBasico02.MapaBasico02 up for play (max tick rate 0) at 2017.09.18-13.30.58
[2017.09.18-16.30.58:948][915]LogWorld: Bringing up level for play took: 0.001791
[2017.09.18-16.30.58:950][915]PIE: Play in editor start time for /Game/Maps/UEDPIE_0_MapaBasico02 0.438
[2017.09.18-16.31.15:761][895]SourceControl: fatal: F:/UE_4.17/Engine/Content/: 'F:/UE_4.17/Engine/Content/' is outside repository
[2017.09.18-16.31.39:811][895]LogSourceControl: FGitCheckInWorker: commit successful
[2017.09.18-16.31.39:866][895]SourceControl: [master cbfc950] Criei arquivos de arma e projetil
[2017.09.18-16.31.39:866][895]SourceControl:  4 files changed, 0 insertions(+), 0 deletions(-)
[2017.09.18-16.31.39:866][895]SourceControl:  create mode 100644 Content/BluePrints/Arma.uasset
[2017.09.18-16.31.39:866][895]SourceControl:  create mode 100644 Content/BluePrints/Inimigo01.uasset
[2017.09.18-16.31.39:866][895]SourceControl:  rewrite Content/BluePrints/Jogador.uasset (65%)
[2017.09.18-16.31.39:866][895]SourceControl:  create mode 100644 Content/BluePrints/ProjetilDoHeroi.uasset
[2017.09.18-16.31.39:876][895]SourceControl: Commited [master cbfc950] Criei arquivos de arma e projetil.
[2017.09.18-16.34.27:323][ 30]LogTemp: Repeating last play command: Selected Viewport
[2017.09.18-16.34.27:340][ 30]LogPlayLevel: PlayLevel: No blueprints needed recompiling
[2017.09.18-16.34.27:340][ 30]PIE: New page: PIE session: MapaBasico02 (Sep 18, 2017, 10:34:27 AM)
[2017.09.18-16.34.27:340][ 30]LogPlayLevel: Creating play world package: /Game/Maps/UEDPIE_0_MapaBasico02
[2017.09.18-16.34.27:343][ 30]LogPlayLevel: PIE: StaticDuplicateObject took: (0.002380s)
[2017.09.18-16.34.27:344][ 30]LogAIModule: Creating AISystem for world MapaBasico02
[2017.09.18-16.34.27:344][ 30]LogPlayLevel: PIE: World Init took: (0.001103s)
[2017.09.18-16.34.27:344][ 30]LogPlayLevel: PIE: Created PIE world by copying editor world from /Game/Maps/MapaBasico02.MapaBasico02 to /Game/Maps/UEDPIE_0_MapaBasico02.MapaBasico02 (0.003769s)
[2017.09.18-16.34.27:365][ 30]LogInit: XAudio2 using 'Alto-falantes (Realtek High Definition Audio)' : 2 channels at 48 kHz using 32 bits per sample (channel mask 0x3)
[2017.09.18-16.34.27:379][ 30]LogInit: FAudioDevice initialized.
[2017.09.18-16.34.27:415][ 30]LogLoad: Game class is 'ModoDeJogo_C'
[2017.09.18-16.34.27:417][ 30]LogWorld: Bringing World /Game/Maps/UEDPIE_0_MapaBasico02.MapaBasico02 up for play (max tick rate 0) at 2017.09.18-13.34.27
[2017.09.18-16.34.27:417][ 30]LogWorld: Bringing up level for play took: 0.001759
[2017.09.18-16.34.27:419][ 30]PIE: Play in editor start time for /Game/Maps/UEDPIE_0_MapaBasico02 0.907
[2017.09.18-16.45.02:065][443]LogEditorViewport: Clicking on Actor (LMB): StaticMeshActor (Floor)
[2017.09.18-16.45.25:414][ 23]LogActorComponent: UnregisterComponent: (/Engine/Transient.EditorFloorComp) Not registered. Aborting.
[2017.09.18-16.45.25:499][ 23]LogActorComponent: UnregisterComponent: (/Engine/Transient.EditorFloorComp) Not registered. Aborting.
[2017.09.18-16.45.25:755][ 24]Cmd: QUIT_EDITOR
[2017.09.18-16.45.25:970][ 24]LogWindowsTextInputMethodSystem: Display: IME system now deactivated.
[2017.09.18-16.45.25:982][ 24]LogExit: Preparing to exit.
[2017.09.18-16.45.27:028][ 24]LogExit: Editor shut down
[2017.09.18-16.45.27:053][ 24]LogExit: Transaction tracking system shut down
[2017.09.18-16.45.27:222][ 24]LogDirectoryWatcher: A directory notification for '../../../Engine/Content/' was aborted.
[2017.09.18-16.45.27:222][ 24]LogDirectoryWatcher: A directory notification for 'E:/Projetos Unreal/FamersVsAliens/Content/' was aborted.
[2017.09.18-16.45.27:222][ 24]LogDirectoryWatcher: A directory notification for '../../../Engine/Plugins/2D/Paper2D/Content/' was aborted.
[2017.09.18-16.45.27:222][ 24]LogDirectoryWatcher: A directory notification for '../../../Engine/Plugins/Runtime/Oculus/OculusVR/Content/' was aborted.
[2017.09.18-16.45.27:222][ 24]LogDirectoryWatcher: A directory notification for '../../../Engine/Plugins/Runtime/Steam/SteamVR/Content/' was aborted.
[2017.09.18-16.45.27:354][ 24]LogExit: Object subsystem successfully closed.
[2017.09.18-16.45.27:383][ 24]LogD3D11RHI: Shutdown
[2017.09.18-16.45.27:383][ 24]LogD3D11RHI: CleanupD3DDevice
[2017.09.18-16.45.27:494][ 24]LogD3D11RHI: ~FD3D11DynamicRHI
[2017.09.18-16.45.27:508][ 24]LogModuleManager: Shutting down and abandoning module MovieSceneCapture (540)
[2017.09.18-16.45.27:508][ 24]LogModuleManager: Shutting down and abandoning module HierarchicalLODUtilities (538)
[2017.09.18-16.45.27:508][ 24]LogModuleManager: Shutting down and abandoning module BlueprintGraph (536)
[2017.09.18-16.45.27:508][ 24]LogModuleManager: Shutting down and abandoning module BlueprintProfiler (534)
[2017.09.18-16.45.27:508][ 24]LogModuleManager: Shutting down and abandoning module HierarchicalLODOutliner (532)
[2017.09.18-16.45.27:508][ 24]LogModuleManager: Shutting down and abandoning module ExternalImagePicker (530)
[2017.09.18-16.45.27:508][ 24]LogModuleManager: Shutting down and abandoning module SceneOutliner (528)
[2017.09.18-16.45.27:508][ 24]LogModuleManager: Shutting down and abandoning module AddContentDialog (526)
[2017.09.18-16.45.27:508][ 24]LogDirectoryWatcher: A directory notification for 'F:/UE_4.17/FeaturePacks/' was aborted.
[2017.09.18-16.45.27:514][ 24]LogModuleManager: Shutting down and abandoning module WidgetCarousel (525)
[2017.09.18-16.45.27:514][ 24]LogModuleManager: Shutting down and abandoning module EditorWidgets (522)
[2017.09.18-16.45.27:514][ 24]LogModuleManager: Shutting down and abandoning module CollectionManager (520)
[2017.09.18-16.45.27:514][ 24]LogDirectoryWatcher: A directory notification for 'E:/Projetos Unreal/FamersVsAliens/Content/Collections/' was aborted.
[2017.09.18-16.45.27:514][ 24]LogDirectoryWatcher: A directory notification for 'E:/Projetos Unreal/FamersVsAliens/Content/Developers/Smailin/Collections/' was aborted.
[2017.09.18-16.45.27:514][ 24]LogDirectoryWatcher: A directory notification for 'E:/Projetos Unreal/FamersVsAliens/Saved/Collections/' was aborted.
[2017.09.18-16.45.27:514][ 24]LogModuleManager: Shutting down and abandoning module StatsViewer (518)
[2017.09.18-16.45.27:514][ 24]LogModuleManager: Shutting down and abandoning module FoliageEdit (516)
[2017.09.18-16.45.27:514][ 24]LogModuleManager: Shutting down and abandoning module LandscapeEditor (514)
[2017.09.18-16.45.27:514][ 24]LogModuleManager: Shutting down and abandoning module MeshPaintMode (512)
[2017.09.18-16.45.27:514][ 24]LogModuleManager: Shutting down and abandoning module SceneDepthPickerMode (510)
[2017.09.18-16.45.27:514][ 24]LogModuleManager: Shutting down and abandoning module ActorPickerMode (508)
[2017.09.18-16.45.27:514][ 24]LogModuleManager: Shutting down and abandoning module GeometryMode (506)
[2017.09.18-16.45.27:514][ 24]LogModuleManager: Shutting down and abandoning module TextureAlignMode (504)
[2017.09.18-16.45.27:514][ 24]LogModuleManager: Shutting down and abandoning module BspMode (502)
[2017.09.18-16.45.27:514][ 24]LogModuleManager: Shutting down and abandoning module PIEPreviewDeviceProfileSelector (500)
[2017.09.18-16.45.27:514][ 24]LogModuleManager: Shutting down and abandoning module HardwareSurvey (498)
[2017.09.18-16.45.27:514][ 24]LogModuleManager: Shutting down and abandoning module SequenceRecorderSections (496)
[2017.09.18-16.45.27:514][ 24]LogModuleManager: Shutting down and abandoning module AutomationWorker (494)
[2017.09.18-16.45.27:514][ 24]LogModuleManager: Shutting down and abandoning module MatineeToLevelSequence (492)
[2017.09.18-16.45.27:515][ 24]LogModuleManager: Shutting down and abandoning module LevelSequenceEditor (490)
[2017.09.18-16.45.27:515][ 24]LogModuleManager: Shutting down and abandoning module PlacementMode (489)
[2017.09.18-16.45.27:515][ 24]LogModuleManager: Shutting down and abandoning module WmfMediaFactory (486)
[2017.09.18-16.45.27:515][ 24]LogModuleManager: Shutting down and abandoning module WmfMediaEditor (484)
[2017.09.18-16.45.27:515][ 24]LogModuleManager: Shutting down and abandoning module AvfMediaFactory (482)
[2017.09.18-16.45.27:515][ 24]LogModuleManager: Shutting down and abandoning module AvfMediaEditor (480)
[2017.09.18-16.45.27:515][ 24]LogModuleManager: Shutting down and abandoning module AndroidMediaFactory (478)
[2017.09.18-16.45.27:515][ 24]LogModuleManager: Shutting down and abandoning module Media (477)
[2017.09.18-16.45.27:515][ 24]LogModuleManager: Shutting down and abandoning module AndroidMediaEditor (474)
[2017.09.18-16.45.27:515][ 24]LogModuleManager: Shutting down and abandoning module CharacterAI (472)
[2017.09.18-16.45.27:515][ 24]LogModuleManager: Shutting down and abandoning module AudioCapture (470)
[2017.09.18-16.45.27:515][ 24]LogModuleManager: Shutting down and abandoning module SequenceRecorder (469)
[2017.09.18-16.45.27:515][ 24]LogModuleManager: Shutting down and abandoning module SmartSnapping (466)
[2017.09.18-16.45.27:515][ 24]LogModuleManager: Shutting down and abandoning module SessionServices (464)
[2017.09.18-16.45.27:515][ 24]LogModuleManager: Shutting down and abandoning module ViewportSnapping (462)
[2017.09.18-16.45.27:515][ 24]LogModuleManager: Shutting down and abandoning module ViewportInteraction (460)
[2017.09.18-16.45.27:515][ 24]LogModuleManager: Shutting down and abandoning module ClothPainter (458)
[2017.09.18-16.45.27:515][ 24]LogModuleManager: Shutting down and abandoning module LogVisualizer (456)
[2017.09.18-16.45.27:515][ 24]LogModuleManager: Shutting down and abandoning module IntroTutorials (454)
[2017.09.18-16.45.27:515][ 24]LogModuleManager: Shutting down and abandoning module GameProjectGeneration (453)
[2017.09.18-16.45.27:515][ 24]LogModuleManager: Shutting down and abandoning module IOSPlatformEditor (450)
[2017.09.18-16.45.27:515][ 24]LogModuleManager: Shutting down and abandoning module HTML5PlatformEditor (448)
[2017.09.18-16.45.27:515][ 24]LogModuleManager: Shutting down and abandoning module AndroidPlatformEditor (446)
[2017.09.18-16.45.27:515][ 24]LogModuleManager: Shutting down and abandoning module AndroidDeviceDetection (445)
[2017.09.18-16.45.27:712][ 24]LogModuleManager: Shutting down and abandoning module WindowsPlatformEditor (442)
[2017.09.18-16.45.27:712][ 24]LogModuleManager: Shutting down and abandoning module IOSRuntimeSettings (440)
[2017.09.18-16.45.27:712][ 24]LogModuleManager: Shutting down and abandoning module AndroidRuntimeSettings (438)
[2017.09.18-16.45.27:712][ 24]LogModuleManager: Shutting down and abandoning module InputBindingEditor (436)
[2017.09.18-16.45.27:712][ 24]LogModuleManager: Shutting down and abandoning module MergeActors (434)
[2017.09.18-16.45.27:712][ 24]LogModuleManager: Shutting down and abandoning module SizeMap (432)
[2017.09.18-16.45.27:712][ 24]LogModuleManager: Shutting down and abandoning module TreeMap (430)
[2017.09.18-16.45.27:712][ 24]LogModuleManager: Shutting down and abandoning module ReferenceViewer (428)
[2017.09.18-16.45.27:712][ 24]LogModuleManager: Shutting down and abandoning module LocalizationDashboard (426)
[2017.09.18-16.45.27:712][ 24]LogModuleManager: Shutting down and abandoning module LocalizationService (425)
[2017.09.18-16.45.27:712][ 24]LogModuleManager: Shutting down and abandoning module HardwareTargeting (422)
[2017.09.18-16.45.27:712][ 24]LogModuleManager: Shutting down and abandoning module DeviceProfileEditor (420)
[2017.09.18-16.45.27:712][ 24]LogModuleManager: Shutting down and abandoning module UndoHistory (418)
[2017.09.18-16.45.27:712][ 24]LogModuleManager: Shutting down and abandoning module XmlParser (416)
[2017.09.18-16.45.27:712][ 24]LogModuleManager: Shutting down and abandoning module Blutility (414)
[2017.09.18-16.45.27:712][ 24]LogModuleManager: Shutting down and abandoning module ProjectSettingsViewer (412)
[2017.09.18-16.45.27:713][ 24]LogModuleManager: Shutting down and abandoning module ProjectTargetPlatformEditor (411)
[2017.09.18-16.45.27:713][ 24]LogModuleManager: Shutting down and abandoning module EditorSettingsViewer (408)
[2017.09.18-16.45.27:713][ 24]LogModuleManager: Shutting down and abandoning module SettingsEditor (406)
[2017.09.18-16.45.27:713][ 24]LogModuleManager: Shutting down and abandoning module ProjectLauncher (404)
[2017.09.18-16.45.27:713][ 24]LogModuleManager: Shutting down and abandoning module SessionFrontend (402)
[2017.09.18-16.45.27:713][ 24]LogModuleManager: Shutting down and abandoning module ProfilerClient (400)
[2017.09.18-16.45.27:713][ 24]LogModuleManager: Shutting down and abandoning module DeviceManager (398)
[2017.09.18-16.45.27:713][ 24]LogModuleManager: Shutting down and abandoning module TargetDeviceServices (397)
[2017.09.18-16.45.27:768][ 24]LogModuleManager: Shutting down and abandoning module AutomationController (394)
[2017.09.18-16.45.27:768][ 24]LogModuleManager: Shutting down and abandoning module AutomationWindow (392)
[2017.09.18-16.45.27:768][ 24]LogModuleManager: Shutting down and abandoning module Layers (390)
[2017.09.18-16.45.27:768][ 24]LogModuleManager: Shutting down and abandoning module ComponentVisualizers (388)
[2017.09.18-16.45.27:768][ 24]LogModuleManager: Shutting down and abandoning module DetailCustomizations (386)
[2017.09.18-16.45.27:768][ 24]LogModuleManager: Shutting down and abandoning module PackagesDialog (384)
[2017.09.18-16.45.27:768][ 24]LogModuleManager: Shutting down and abandoning module Persona (382)
[2017.09.18-16.45.27:768][ 24]LogModuleManager: Shutting down and abandoning module AdvancedPreviewScene (381)
[2017.09.18-16.45.27:768][ 24]LogModuleManager: Shutting down and abandoning module AnimGraph (379)
[2017.09.18-16.45.27:768][ 24]LogModuleManager: Shutting down and abandoning module Kismet (376)
[2017.09.18-16.45.27:778][ 24]LogModuleManager: Shutting down and abandoning module ClassViewer (374)
[2017.09.18-16.45.27:780][ 24]LogModuleManager: Shutting down and abandoning module Toolbox (372)
[2017.09.18-16.45.27:780][ 24]LogModuleManager: Shutting down and abandoning module ModuleUI (370)
[2017.09.18-16.45.27:780][ 24]LogModuleManager: Shutting down and abandoning module MovieSceneTools (368)
[2017.09.18-16.45.27:780][ 24]LogModuleManager: Shutting down and abandoning module OutputLog (366)
[2017.09.18-16.45.27:780][ 24]LogModuleManager: Shutting down and abandoning module GammaUI (364)
[2017.09.18-16.45.27:780][ 24]LogModuleManager: Shutting down and abandoning module Documentation (362)
[2017.09.18-16.45.27:781][ 24]LogModuleManager: Shutting down and abandoning module MovieSceneTracks (360)
[2017.09.18-16.45.27:781][ 24]LogModuleManager: Shutting down and abandoning module MovieScene (358)
[2017.09.18-16.45.27:781][ 24]LogModuleManager: Shutting down and abandoning module Niagara (356)
[2017.09.18-16.45.27:781][ 24]LogModuleManager: Shutting down and abandoning module NiagaraEditor (355)
[2017.09.18-16.45.27:781][ 24]LogModuleManager: Shutting down and abandoning module StreamingPauseRendering (352)
[2017.09.18-16.45.27:781][ 24]LogModuleManager: Shutting down and abandoning module LauncherPlatform (350)
[2017.09.18-16.45.27:781][ 24]LogModuleManager: Shutting down and abandoning module AnalyticsET (348)
[2017.09.18-16.45.27:781][ 24]LogModuleManager: Shutting down and abandoning module PortalServices (346)
[2017.09.18-16.45.27:781][ 24]LogModuleManager: Shutting down and abandoning module PortalRpc (344)
[2017.09.18-16.45.27:781][ 24]LogModuleManager: Shutting down and abandoning module MessagingRpc (342)
[2017.09.18-16.45.27:781][ 24]LogModuleManager: Shutting down and abandoning module AIModule (340)
[2017.09.18-16.45.27:781][ 24]LogModuleManager: Shutting down and abandoning module GameplayDebugger (339)
[2017.09.18-16.45.27:781][ 24]LogModuleManager: Shutting down and abandoning module AITestSuite (337)
[2017.09.18-16.45.27:781][ 24]LogModuleManager: Shutting down and abandoning module ProfilerService (334)
[2017.09.18-16.45.27:997][ 24]LogModuleManager: Shutting down and abandoning module TaskGraph (332)
[2017.09.18-16.45.27:997][ 24]LogModuleManager: Shutting down and abandoning module SteamVRController (330)
[2017.09.18-16.45.27:997][ 24]LogModuleManager: Shutting down and abandoning module ProceduralMeshComponentEditor (328)
[2017.09.18-16.45.27:997][ 24]LogModuleManager: Shutting down and abandoning module ProceduralMeshComponent (326)
[2017.09.18-16.45.27:997][ 24]LogModuleManager: Shutting down and abandoning module OculusInput (324)
[2017.09.18-16.45.27:997][ 24]LogModuleManager: Shutting down and abandoning module MobilePatchingUtils (322)
[2017.09.18-16.45.27:997][ 24]LogModuleManager: Shutting down and abandoning module CustomMeshComponent (320)
[2017.09.18-16.45.27:997][ 24]LogModuleManager: Shutting down and abandoning module CableComponent (318)
[2017.09.18-16.45.27:997][ 24]LogModuleManager: Shutting down and abandoning module ArchVisCharacter (316)
[2017.09.18-16.45.27:997][ 24]LogModuleManager: Shutting down and abandoning module AndroidPermission (314)
[2017.09.18-16.45.27:997][ 24]LogModuleManager: Shutting down and abandoning module MediaPlayerEditor (310)
[2017.09.18-16.45.27:998][ 24]LogModuleManager: Shutting down and abandoning module HTML5Networking (308)
[2017.09.18-16.45.27:998][ 24]LogModuleManager: Shutting down and abandoning module AlembicImporter (306)
[2017.09.18-16.45.27:998][ 24]LogModuleManager: Shutting down and abandoning module AlembicLibrary (305)
[2017.09.18-16.45.27:998][ 24]LogModuleManager: Shutting down and abandoning module GeometryCache (304)
[2017.09.18-16.45.27:998][ 24]LogModuleManager: Shutting down and abandoning module GeometryCacheEd (303)
[2017.09.18-16.45.27:998][ 24]LogModuleManager: Shutting down and abandoning module SpeedTreeImporter (298)
[2017.09.18-16.45.27:998][ 24]LogModuleManager: Shutting down and abandoning module PluginBrowser (296)
[2017.09.18-16.45.27:998][ 24]LogModuleManager: Shutting down and abandoning module MobileLauncherProfileWizard (294)
[2017.09.18-16.45.27:998][ 24]LogModuleManager: Shutting down and abandoning module VisualStudioSourceCodeAccess (292)
[2017.09.18-16.45.27:998][ 24]LogModuleManager: Shutting down and abandoning module DesktopPlatform (291)
[2017.09.18-16.45.27:998][ 24]LogModuleManager: Shutting down and abandoning module UObjectPlugin (288)
[2017.09.18-16.45.27:998][ 24]LogModuleManager: Shutting down and abandoning module SubversionSourceControl (286)
[2017.09.18-16.45.27:999][ 24]LogModuleManager: Shutting down and abandoning module PerforceSourceControl (284)
[2017.09.18-16.45.27:999][ 24]LogModuleManager: Shutting down and abandoning module GitSourceControl (282)
[2017.09.18-16.45.27:999][ 24]LogModuleManager: Shutting down and abandoning module SourceControl (281)
[2017.09.18-16.45.27:999][ 24]LogModuleManager: Shutting down and abandoning module LightPropagationVolumeEditor (278)
[2017.09.18-16.45.27:999][ 24]LogModuleManager: Shutting down and abandoning module PaperTiledImporter (276)
[2017.09.18-16.45.27:999][ 24]LogModuleManager: Shutting down and abandoning module PaperSpriteSheetImporter (274)
[2017.09.18-16.45.27:999][ 24]LogModuleManager: Shutting down and abandoning module Paper2DEditor (272)
[2017.09.18-16.45.27:999][ 24]LogModuleManager: Shutting down and abandoning module MeshPaint (271)
[2017.09.18-16.45.27:999][ 24]LogModuleManager: Shutting down and abandoning module LevelEditor (269)
[2017.09.18-16.45.28:002][ 24]LogModuleManager: Shutting down and abandoning module PixelInspectorModule (268)
[2017.09.18-16.45.28:003][ 24]LogModuleManager: Shutting down and abandoning module MainFrame (266)
[2017.09.18-16.45.28:003][ 24]LogModuleManager: Shutting down and abandoning module HotReload (265)
[2017.09.18-16.45.28:004][ 24]LogModuleManager: Shutting down and abandoning module RuntimePhysXCooking (260)
[2017.09.18-16.45.28:004][ 24]LogModuleManager: Shutting down and abandoning module PhysXVehiclesEditor (258)
[2017.09.18-16.45.28:004][ 24]LogModuleManager: Shutting down and abandoning module PhysXVehicles (256)
[2017.09.18-16.45.28:004][ 24]LogModuleManager: Shutting down and abandoning module OculusEditor (254)
[2017.09.18-16.45.28:004][ 24]LogModuleManager: Shutting down and abandoning module LocationServicesBPLibrary (252)
[2017.09.18-16.45.28:004][ 24]LogModuleManager: Shutting down and abandoning module ImmediatePhysicsEditor (250)
[2017.09.18-16.45.28:004][ 24]LogModuleManager: Shutting down and abandoning module ImmediatePhysics (248)
[2017.09.18-16.45.28:004][ 24]LogModuleManager: Shutting down and abandoning module UdpMessaging (246)
[2017.09.18-16.45.28:105][ 24]LogModuleManager: Shutting down and abandoning module TcpMessaging (244)
[2017.09.18-16.45.28:206][ 24]LogModuleManager: Shutting down and abandoning module GameplayTagsEditor (242)
[2017.09.18-16.45.28:206][ 24]LogModuleManager: Shutting down and abandoning module FacialAnimationEditor (240)
[2017.09.18-16.45.28:206][ 24]LogModuleManager: Shutting down and abandoning module FacialAnimation (238)
[2017.09.18-16.45.28:206][ 24]LogModuleManager: Shutting down and abandoning module AssetManagerEditor (236)
[2017.09.18-16.45.28:206][ 24]LogModuleManager: Shutting down and abandoning module GraphEditor (235)
[2017.09.18-16.45.28:206][ 24]LogModuleManager: Shutting down and abandoning module ContentBrowser (233)
[2017.09.18-16.45.28:208][ 24]LogModuleManager: Shutting down and abandoning module LightPropagationVolumeRuntime (230)
[2017.09.18-16.45.28:208][ 24]LogModuleManager: Shutting down and abandoning module Paper2D (228)
[2017.09.18-16.45.28:208][ 24]LogModuleManager: Shutting down and abandoning module WindowsMoviePlayer (226)
[2017.09.18-16.45.28:208][ 24]LogModuleManager: Shutting down and abandoning module WmfMedia (224)
[2017.09.18-16.45.28:208][ 24]LogModuleManager: Shutting down and abandoning module PacketHandler (222)
[2017.09.18-16.45.28:208][ 24]LogModuleManager: Shutting down and abandoning module ClothingSystemEditor (220)
[2017.09.18-16.45.28:208][ 24]LogModuleManager: Shutting down and abandoning module ClothingSystemRuntime (218)
[2017.09.18-16.45.28:208][ 24]LogModuleManager: Shutting down and abandoning module Overlay (216)
[2017.09.18-16.45.28:208][ 24]LogModuleManager: Shutting down and abandoning module OverlayEditor (215)
[2017.09.18-16.45.28:208][ 24]LogModuleManager: Shutting down and abandoning module MediaAssets (212)
[2017.09.18-16.45.28:208][ 24]LogModuleManager: Shutting down and abandoning module VREditor (210)
[2017.09.18-16.45.28:208][ 24]LogModuleManager: Shutting down and abandoning module StringTableEditor (208)
[2017.09.18-16.45.28:208][ 24]LogModuleManager: Shutting down and abandoning module GameplayTasksEditor (206)
[2017.09.18-16.45.28:208][ 24]LogModuleManager: Shutting down and abandoning module BehaviorTreeEditor (204)
[2017.09.18-16.45.28:208][ 24]LogModuleManager: Shutting down and abandoning module FunctionalTesting (202)
[2017.09.18-16.45.28:208][ 24]LogModuleManager: Shutting down and abandoning module CollisionAnalyzer (200)
[2017.09.18-16.45.28:208][ 24]LogModuleManager: Shutting down and abandoning module WorkspaceMenuStructure (199)
[2017.09.18-16.45.28:208][ 24]LogModuleManager: Shutting down and abandoning module UMG (196)
[2017.09.18-16.45.28:208][ 24]LogModuleManager: Shutting down and abandoning module UMGEditor (195)
[2017.09.18-16.45.28:208][ 24]LogModuleManager: Shutting down and abandoning module Sequencer (194)
[2017.09.18-16.45.28:209][ 24]LogModuleManager: Shutting down and abandoning module MessageLog (191)
[2017.09.18-16.45.28:209][ 24]LogModuleManager: Shutting down and abandoning module SlateReflector (186)
[2017.09.18-16.45.28:209][ 24]LogModuleManager: Shutting down and abandoning module Slate (184)
[2017.09.18-16.45.28:209][ 24]LogModuleManager: Shutting down and abandoning module EditorStyle (182)
[2017.09.18-16.45.28:211][ 24]LogModuleManager: Shutting down and abandoning module MRMesh (180)
[2017.09.18-16.45.28:211][ 24]LogModuleManager: Shutting down and abandoning module SourceCodeAccess (178)
[2017.09.18-16.45.28:211][ 24]LogModuleManager: Shutting down and abandoning module HeadMountedDisplay (176)
[2017.09.18-16.45.28:211][ 24]LogModuleManager: Shutting down and abandoning module XAudio2 (174)
[2017.09.18-16.45.28:211][ 24]LogModuleManager: Shutting down and abandoning module Networking (172)
[2017.09.18-16.45.28:211][ 24]LogModuleManager: Shutting down and abandoning module Core (168)
[2017.09.18-16.45.28:211][ 24]LogModuleManager: Shutting down and abandoning module KismetCompiler (164)
[2017.09.18-16.45.28:211][ 24]LogModuleManager: Shutting down and abandoning module LevelSequence (162)
[2017.09.18-16.45.28:211][ 24]LogModuleManager: Shutting down and abandoning module MeshUtilities (160)
[2017.09.18-16.45.28:211][ 24]LogModuleManager: Shutting down and abandoning module MeshMergeUtilities (159)
[2017.09.18-16.45.28:211][ 24]LogModuleManager: Shutting down and abandoning module MeshReductionInterface (158)
[2017.09.18-16.45.28:211][ 24]LogModuleManager: Shutting down and abandoning module SimplygonSwarm (157)
[2017.09.18-16.45.28:211][ 24]LogModuleManager: Shutting down and abandoning module SimplygonMeshReduction (155)
[2017.09.18-16.45.28:211][ 24]LogModuleManager: Shutting down and abandoning module QuadricMeshReduction (153)
[2017.09.18-16.45.28:211][ 24]LogModuleManager: Shutting down and abandoning module MaterialBaking (149)
[2017.09.18-16.45.28:212][ 24]LogModuleManager: Shutting down and abandoning module DirectoryWatcher (146)
[2017.09.18-16.45.28:216][ 24]LogModuleManager: Shutting down and abandoning module DerivedDataCache (144)
[2017.09.18-16.45.28:299][ 24]LogDerivedDataCache: Shutdown
[2017.09.18-16.45.28:299][ 24]LogModuleManager: Shutting down and abandoning module TargetPlatform (142)
[2017.09.18-16.45.28:299][ 24]LogModuleManager: Shutting down and abandoning module VulkanShaderFormat (141)
[2017.09.18-16.45.28:299][ 24]LogModuleManager: Shutting down and abandoning module ShaderFormatVectorVM (139)
[2017.09.18-16.45.28:299][ 24]LogModuleManager: Shutting down and abandoning module ShaderFormatOpenGL (137)
[2017.09.18-16.45.28:299][ 24]LogModuleManager: Shutting down and abandoning module ShaderFormatD3D (135)
[2017.09.18-16.45.28:299][ 24]LogModuleManager: Shutting down and abandoning module MetalShaderFormat (133)
[2017.09.18-16.45.28:299][ 24]LogModuleManager: Shutting down and abandoning module TextureFormatUncompressed (131)
[2017.09.18-16.45.28:299][ 24]LogModuleManager: Shutting down and abandoning module TextureFormatPVR (129)
[2017.09.18-16.45.28:299][ 24]LogModuleManager: Shutting down and abandoning module TextureFormatDXT (127)
[2017.09.18-16.45.28:299][ 24]LogModuleManager: Shutting down and abandoning module TextureFormatIntelISPCTexComp (125)
[2017.09.18-16.45.28:299][ 24]LogModuleManager: Shutting down and abandoning module TextureFormatASTC (123)
[2017.09.18-16.45.28:299][ 24]LogModuleManager: Shutting down and abandoning module ImageWrapper (122)
[2017.09.18-16.45.28:299][ 24]LogModuleManager: Shutting down and abandoning module TextureFormatAndroid (119)
[2017.09.18-16.45.28:299][ 24]LogModuleManager: Shutting down and abandoning module AudioFormatOpus (117)
[2017.09.18-16.45.28:299][ 24]LogModuleManager: Shutting down and abandoning module AudioFormatOgg (115)
[2017.09.18-16.45.28:299][ 24]LogModuleManager: Shutting down and abandoning module AudioFormatADPCM (113)
[2017.09.18-16.45.28:299][ 24]LogModuleManager: Shutting down and abandoning module LinuxTargetPlatform (111)
[2017.09.18-16.45.28:299][ 24]LogModuleManager: Shutting down and abandoning module LinuxServerTargetPlatform (109)
[2017.09.18-16.45.28:299][ 24]LogModuleManager: Shutting down and abandoning module LinuxNoEditorTargetPlatform (107)
[2017.09.18-16.45.28:299][ 24]LogModuleManager: Shutting down and abandoning module LinuxClientTargetPlatform (105)
[2017.09.18-16.45.28:299][ 24]LogModuleManager: Shutting down and abandoning module TVOSTargetPlatform (103)
[2017.09.18-16.45.28:299][ 24]LogModuleManager: Shutting down and abandoning module Messaging (101)
[2017.09.18-16.45.28:299][ 24]LogModuleManager: Shutting down and abandoning module IOSTargetPlatform (99)
[2017.09.18-16.45.28:299][ 24]LogModuleManager: Shutting down and abandoning module HTML5TargetPlatform (97)
[2017.09.18-16.45.28:299][ 24]LogModuleManager: Shutting down and abandoning module Android_PVRTCTargetPlatform (95)
[2017.09.18-16.45.28:299][ 24]LogModuleManager: Shutting down and abandoning module Android_MultiTargetPlatform (93)
[2017.09.18-16.45.28:300][ 24]LogModuleManager: Shutting down and abandoning module Android_ETC2TargetPlatform (91)
[2017.09.18-16.45.28:300][ 24]LogModuleManager: Shutting down and abandoning module Android_ETC1TargetPlatform (89)
[2017.09.18-16.45.28:300][ 24]LogModuleManager: Shutting down and abandoning module Android_DXTTargetPlatform (87)
[2017.09.18-16.45.28:300][ 24]LogModuleManager: Shutting down and abandoning module Android_ATCTargetPlatform (85)
[2017.09.18-16.45.28:300][ 24]LogModuleManager: Shutting down and abandoning module Android_ASTCTargetPlatform (83)
[2017.09.18-16.45.28:300][ 24]LogModuleManager: Shutting down and abandoning module AndroidTargetPlatform (81)
[2017.09.18-16.45.28:300][ 24]LogModuleManager: Shutting down and abandoning module WindowsTargetPlatform (79)
[2017.09.18-16.45.28:300][ 24]LogModuleManager: Shutting down and abandoning module WindowsServerTargetPlatform (77)
[2017.09.18-16.45.28:300][ 24]LogModuleManager: Shutting down and abandoning module WindowsNoEditorTargetPlatform (75)
[2017.09.18-16.45.28:300][ 24]LogModuleManager: Shutting down and abandoning module WindowsClientTargetPlatform (73)
[2017.09.18-16.45.28:300][ 24]LogModuleManager: Shutting down and abandoning module MacTargetPlatform (71)
[2017.09.18-16.45.28:300][ 24]LogModuleManager: Shutting down and abandoning module MacServerTargetPlatform (69)
[2017.09.18-16.45.28:300][ 24]LogModuleManager: Shutting down and abandoning module MacNoEditorTargetPlatform (67)
[2017.09.18-16.45.28:300][ 24]LogModuleManager: Shutting down and abandoning module MacClientTargetPlatform (65)
[2017.09.18-16.45.28:300][ 24]LogModuleManager: Shutting down and abandoning module AllDesktopTargetPlatform (63)
[2017.09.18-16.45.28:300][ 24]LogModuleManager: Shutting down and abandoning module InputCore (60)
[2017.09.18-16.45.28:300][ 24]LogModuleManager: Shutting down and abandoning module Settings (58)
[2017.09.18-16.45.28:300][ 24]LogModuleManager: Shutting down and abandoning module PhysXCooking (56)
[2017.09.18-16.45.28:300][ 24]LogModuleManager: Shutting down and abandoning module SteamVR (54)
[2017.09.18-16.45.28:300][ 24]LogModuleManager: Shutting down and abandoning module OculusHMD (52)
[2017.09.18-16.45.28:300][ 24]LogModuleManager: Shutting down and abandoning module ExampleDeviceProfileSelector (50)
[2017.09.18-16.45.28:300][ 24]LogModuleManager: Shutting down and abandoning module OnlineBlueprintSupport (48)
[2017.09.18-16.45.28:300][ 24]LogModuleManager: Shutting down and abandoning module OnlineSubsystem (44)
[2017.09.18-16.45.28:300][ 24]LogOnline: Display: Unloading online subsystem: NULL
[2017.09.18-16.45.28:300][ 24]LogModuleManager: Shutting down and abandoning module XMPP (43)
[2017.09.18-16.45.28:300][ 24]LogModuleManager: Shutting down and abandoning module HTTP (41)
[2017.09.18-16.45.28:300][ 24]LogHttp: Display: Http module shutting down, but needs to wait on 1 outstanding Http requests:
[2017.09.18-16.45.28:300][ 24]LogHttp: Display: 	verb=[POST] url=[https://datarouter.ol.epicgames.com/datarouter/api/v1/public/data?SessionID=%7BF92EB61C-41B7-ACA6-5646-8EABAE569328%7D&AppID=UEEditor.Rocket.Release&AppVersion=4.17.1-3586342%2B%2B%2BUE4%2BRelease-4.17&UserID=5003dd6c45572c2c38c0d9a097d73abb%7C320706aa27944b06ac78b60ca7fc33d7%7Cd480b090-0f61-4843-8a83-738e139dc393&AppEnvironment=datacollector-binary&UploadType=eteventstream] status=Processing
[2017.09.18-16.45.28:315][ 24]LogModuleManager: Shutting down and abandoning module SSL (40)
[2017.09.18-16.45.28:316][ 24]LogModuleManager: Shutting down and abandoning module AnimationModifiers (36)
[2017.09.18-16.45.28:317][ 24]LogModuleManager: Shutting down and abandoning module PropertyEditor (35)
[2017.09.18-16.45.28:317][ 24]LogModuleManager: Shutting down and abandoning module AudioEditor (32)
[2017.09.18-16.45.28:317][ 24]LogModuleManager: Shutting down and abandoning module TextureCompressor (30)
[2017.09.18-16.45.28:317][ 24]LogModuleManager: Shutting down and abandoning module ShaderCore (28)
[2017.09.18-16.45.28:317][ 24]LogModuleManager: Shutting down and abandoning module Landscape (26)
[2017.09.18-16.45.28:317][ 24]LogModuleManager: Shutting down and abandoning module SlateRHIRenderer (24)
[2017.09.18-16.45.28:321][ 24]LogModuleManager: Shutting down and abandoning module OpenGLDrv (22)
[2017.09.18-16.45.28:321][ 24]LogModuleManager: Shutting down and abandoning module D3D11RHI (20)
[2017.09.18-16.45.28:321][ 24]LogModuleManager: Shutting down and abandoning module AnimGraphRuntime (18)
[2017.09.18-16.45.28:321][ 24]LogModuleManager: Shutting down and abandoning module Renderer (16)
[2017.09.18-16.45.28:321][ 24]LogModuleManager: Shutting down and abandoning module Engine (14)
[2017.09.18-16.45.28:321][ 24]LogModuleManager: Shutting down and abandoning module CoreUObject (12)
[2017.09.18-16.45.28:321][ 24]LogModuleManager: Shutting down and abandoning module NetworkFile (10)
[2017.09.18-16.45.28:321][ 24]LogModuleManager: Shutting down and abandoning module CookedIterativeFile (8)
[2017.09.18-16.45.28:321][ 24]LogModuleManager: Shutting down and abandoning module StreamingFile (6)
[2017.09.18-16.45.28:321][ 24]LogModuleManager: Shutting down and abandoning module SandboxFile (4)
[2017.09.18-16.45.28:321][ 24]LogModuleManager: Shutting down and abandoning module PakFile (2)
[2017.09.18-16.45.28:324][ 24]LogExit: Exiting.
[2017.09.18-16.45.28:337][ 24]Log file closed, 09/18/17 13:45:28
