Log file open, 09/17/17 21:08:22
LogWindows: LoadLibraryWithSearchPaths failed for file aqProf.dll. GetLastError=0
LogWindows: LoadLibraryWithSearchPaths failed for file VSPerf140.dll. GetLastError=0
LogWindows: LoadLibraryWithSearchPaths failed for file VtuneApi.dll. GetLastError=0
LogWindows: LoadLibraryWithSearchPaths failed for file VtuneApi32e.dll. GetLastError=0
LogInit: Display: Running engine for game: FamersVsAliens
LogPlatformFile: Not using cached read wrapper
LogInit: Display: RandInit(2027391908) SRandInit(2027391909).
LogTaskGraph: Started task graph with 5 named threads and 14 total threads with 3 sets of task threads.
LogStats: Stats thread started at 0.168378
LogD3D11RHI: Aftermath initialized
LogPluginManager: Mounting plugin Paper2D
LogPluginManager: Mounting plugin LightPropagationVolume
LogPluginManager: Mounting plugin CodeLiteSourceCodeAccess
LogPluginManager: Mounting plugin GitSourceControl
LogPluginManager: Mounting plugin KDevelopSourceCodeAccess
LogPluginManager: Mounting plugin NullSourceCodeAccess
LogPluginManager: Mounting plugin PerforceSourceControl
LogPluginManager: Mounting plugin SubversionSourceControl
LogPluginManager: Mounting plugin UObjectPlugin
LogPluginManager: Mounting plugin VisualStudioSourceCodeAccess
LogPluginManager: Mounting plugin XCodeSourceCodeAccess
LogPluginManager: Mounting plugin AssetManagerEditor
LogPluginManager: Mounting plugin AudioCapture
LogPluginManager: Mounting plugin FacialAnimation
LogPluginManager: Mounting plugin GameplayTagsEditor
LogPluginManager: Mounting plugin MobileLauncherProfileWizard
LogPluginManager: Mounting plugin PluginBrowser
LogPluginManager: Mounting plugin SpeedTreeImporter
LogPluginManager: Mounting plugin AlembicImporter
LogPluginManager: Mounting plugin CharacterAI
LogPluginManager: Mounting plugin HTML5Networking
LogPluginManager: Mounting plugin AndroidMedia
LogPluginManager: Mounting plugin AvfMedia
LogPluginManager: Mounting plugin MediaPlayerEditor
LogPluginManager: Mounting plugin WmfMedia
LogPluginManager: Mounting plugin TcpMessaging
LogPluginManager: Mounting plugin UdpMessaging
LogPluginManager: Mounting plugin LevelSequenceEditor
LogPluginManager: Mounting plugin MatineeToLevelSequence
LogPluginManager: Mounting plugin OnlineSubsystemGooglePlay
LogPluginManager: Mounting plugin OnlineSubsystemIOS
LogPluginManager: Mounting plugin OnlineSubsystem
LogPluginManager: Mounting plugin OnlineSubsystemNull
LogPluginManager: Mounting plugin OnlineSubsystemUtils
LogPluginManager: Mounting plugin AndroidDeviceProfileSelector
LogPluginManager: Mounting plugin AndroidMoviePlayer
LogPluginManager: Mounting plugin AndroidPermission
LogPluginManager: Mounting plugin AppleMoviePlayer
LogPluginManager: Mounting plugin ArchVisCharacter
LogPluginManager: Mounting plugin CableComponent
LogPluginManager: Mounting plugin CustomMeshComponent
LogPluginManager: Mounting plugin ExampleDeviceProfileSelector
LogPluginManager: Mounting plugin GoogleCloudMessaging
LogPluginManager: Mounting plugin ImmediatePhysics
LogPluginManager: Mounting plugin IOSDeviceProfileSelector
LogPluginManager: Mounting plugin LinuxDeviceProfileSelector
LogPluginManager: Mounting plugin LocationServicesBPLibrary
LogPluginManager: Mounting plugin MobilePatchingUtils
LogPluginManager: Mounting plugin OculusVR
LogPluginManager: Mounting plugin PhysXVehicles
LogPluginManager: Mounting plugin ProceduralMeshComponent
LogPluginManager: Mounting plugin RuntimePhysXCooking
LogPluginManager: Mounting plugin SteamVR
LogPluginManager: Mounting plugin WindowsMoviePlayer
LogInit: Using libcurl 7.47.1
LogInit:  - built for x86_64-pc-win32
LogInit:  - supports SSL with OpenSSL/1.0.2g
LogInit:  - supports HTTP deflate (compression) using libz 1.2.8
LogInit:  - other features:
LogInit:      CURL_VERSION_SSL
LogInit:      CURL_VERSION_LIBZ
LogInit:      CURL_VERSION_IPV6
LogInit:      CURL_VERSION_ASYNCHDNS
LogInit:      CURL_VERSION_LARGEFILE
LogInit:      CURL_VERSION_IDN
LogInit:  CurlRequestOptions (configurable via config and command line):
LogInit:  - bVerifyPeer = false  - Libcurl will NOT verify peer certificate
LogInit:  - bUseHttpProxy = false  - Libcurl will NOT use HTTP proxy
LogInit:  - bDontReuseConnections = false  - Libcurl will reuse connections
LogInit:  - CertBundlePath = nullptr  - Libcurl will use whatever was configured at build time.
LogInit: Build: ++UE4+Release-4.17-CL-3586342
LogInit: Engine Version: 4.17.1-3586342+++UE4+Release-4.17
LogInit: Compatible Engine Version: 4.17.0-3573198+++UE4+Release-4.17
LogInit: Net CL: 3573198
LogDevObjectVersion: Number of dev versions registered: 16
LogDevObjectVersion:   Dev-Blueprints (B0D832E4-1F89-4F0D-ACCF-7EB736FD4AA2): 10
LogDevObjectVersion:   Dev-Build (E1C64328-A22C-4D53-A36C-8E866417BD8C): 0
LogDevObjectVersion:   Dev-Core (375EC13C-06E4-48FB-B500-84F0262A717E): 2
LogDevObjectVersion:   Dev-Editor (E4B068ED-F494-42E9-A231-DA0B2E46BB41): 20
LogDevObjectVersion:   Dev-Framework (CFFC743F-43B0-4480-9391-14DF171D2073): 28
LogDevObjectVersion:   Dev-Mobile (B02B49B5-BB20-44E9-A304-32B752E40360): 0
LogDevObjectVersion:   Dev-Networking (A4E4105C-59A1-49B5-A7C5-40C4547EDFEE): 0
LogDevObjectVersion:   Dev-Online (39C831C9-5AE6-47DC-9A44-9C173E1C8E7C): 0
LogDevObjectVersion:   Dev-Physics (78F01B33-EBEA-4F98-B9B4-84EACCB95AA2): 0
LogDevObjectVersion:   Dev-Platform (6631380F-2D4D-43E0-8009-CF276956A95A): 0
LogDevObjectVersion:   Dev-Rendering (12F88B9F-8875-4AFC-A67C-D90C383ABD29): 19
LogDevObjectVersion:   Dev-Sequencer (7B5AE74C-D270-4C10-A958-57980B212A5A): 4
LogDevObjectVersion:   Dev-VR (D7296918-1DD6-4BDD-9DE2-64A83CC13884): 0
LogDevObjectVersion:   Dev-LoadTimes (C2A15278-BFE7-4AFE-6C17-90FF531DF755): 1
LogDevObjectVersion:   Private-Geometry (6EACA3D4-40EC-4CC1-B786-8BED09428FC5): 1
LogDevObjectVersion:   Dev-AnimPhys (29E575DD-E0A3-4627-9D10-D276232CDCEA): 7
LogInit: Compiled (64-bit): Aug 15 2017 02:05:26
LogInit: Compiled with Visual C++: 19.00.24215.01
LogInit: Build Configuration: Development
LogInit: Branch Name: ++UE4+Release-4.17
LogInit: Command line: -EpicPortal 
LogInit: Base directory: F:/UE_4.17/Engine/Binaries/Win64/
LogInit: Installed Engine Build: 1
LogInit: Presizing for max 8388607 objects, including 0 objects not considered by GC, pre-allocating 0 bytes for permanent pool.
LogInit: Object subsystem initialized
[2017.09.18-00.08.22:815][  0]LogInit: Selected Device Profile: [Windows]
[2017.09.18-00.08.22:815][  0]LogInit: Applying CVar settings loaded from the selected device profile: [Windows]
[2017.09.18-00.08.22:822][  0]LogInit: Computer: DESKTOP-CICTV3V
[2017.09.18-00.08.22:822][  0]LogInit: User: Smailin
[2017.09.18-00.08.22:822][  0]LogInit: CPU Page size=4096, Cores=4
[2017.09.18-00.08.22:822][  0]LogInit: High frequency timer resolution =3.312782 MHz
[2017.09.18-00.08.22:822][  0]LogMemory: Memory total: Physical=8.0GB (8GB approx)
[2017.09.18-00.08.22:822][  0]LogMemory: Platform Memory Stats for Windows
[2017.09.18-00.08.22:822][  0]LogMemory: Process Physical Memory: 278.27 MB used, 278.27 MB peak
[2017.09.18-00.08.22:822][  0]LogMemory: Process Virtual Memory: 274.36 MB used, 274.36 MB peak
[2017.09.18-00.08.22:822][  0]LogMemory: Physical Memory: 5294.96 MB used,  2859.71 MB free, 8154.68 MB total
[2017.09.18-00.08.22:822][  0]LogMemory: Virtual Memory: 654.70 MB used,  2859.71 MB free, 134217728.00 MB total
[2017.09.18-00.08.22:952][  0]LogInit: Overriding language with editor language configuration option (en).
[2017.09.18-00.08.22:952][  0]LogInit: Overriding locale with editor locale configuration option (en).
[2017.09.18-00.08.23:662][  0]LogD3D11RHI: D3D11 adapters:
[2017.09.18-00.08.24:223][  0]LogD3D11RHI:    0. 'NVIDIA GeForce GTX 660' (Feature Level 11_0)
[2017.09.18-00.08.24:223][  0]LogD3D11RHI:       2015/0/4077 MB DedicatedVideo/DedicatedSystem/SharedSystem, Outputs:2, VendorId:0x10de
[2017.09.18-00.08.24:225][  0]LogD3D11RHI:    1. 'Microsoft Basic Render Driver' (Feature Level 11_0)
[2017.09.18-00.08.24:225][  0]LogD3D11RHI:       0/0/4077 MB DedicatedVideo/DedicatedSystem/SharedSystem, Outputs:0, VendorId:0x1414
[2017.09.18-00.08.24:225][  0]LogD3D11RHI: Chosen D3D11 Adapter: 0
[2017.09.18-00.08.24:230][  0]LogD3D11RHI: Creating new Direct3DDevice
[2017.09.18-00.08.24:230][  0]LogD3D11RHI:     GPU DeviceId: 0x11c0 (for the marketing name, search the web for "GPU Device Id")
[2017.09.18-00.08.24:230][  0]LogWindows: EnumDisplayDevices:
[2017.09.18-00.08.24:230][  0]LogWindows:    0. 'NVIDIA GeForce GTX 660' (P:0 D:1)
[2017.09.18-00.08.24:230][  0]LogWindows:    1. 'NVIDIA GeForce GTX 660' (P:1 D:1)
[2017.09.18-00.08.24:231][  0]LogWindows:    2. 'NVIDIA GeForce GTX 660' (P:0 D:0)
[2017.09.18-00.08.24:231][  0]LogWindows:    3. 'NVIDIA GeForce GTX 660' (P:0 D:0)
[2017.09.18-00.08.24:231][  0]LogWindows: DebugString: FoundDriverCount:4 
[2017.09.18-00.08.24:231][  0]LogD3D11RHI:     Adapter Name: NVIDIA GeForce GTX 660
[2017.09.18-00.08.24:231][  0]LogD3D11RHI:   Driver Version: 385.41 (internal:22.21.13.8541, unified:385.41)
[2017.09.18-00.08.24:231][  0]LogD3D11RHI:      Driver Date: 8-21-2017
[2017.09.18-00.08.24:231][  0]LogRHI: Texture pool is 1361 MB (70% of 1945 MB)
[2017.09.18-00.08.24:752][  0]LogD3D11RHI: Async texture creation enabled
[2017.09.18-00.08.24:893][  0]LogD3D11RHI: GPU Timing Frequency: 1000.000000 (Debug: 2 2)
[2017.09.18-00.08.24:895][  0]LogShaderCompilers: Guid format shader working directory is 15 characters bigger than the processId version (E:/Projetos Unreal/FamersVsAliens/Intermediate/Shaders/WorkingDirectory/1316/).
[2017.09.18-00.08.24:896][  0]LogShaderCompilers: Cleaned the shader compiler working directory 'C:/Users/Smailin/AppData/Local/Temp/UnrealShaderWorkingDir/210C7819493228A3653D3089CC939619/'.
[2017.09.18-00.08.24:896][  0]LogShaderCompilers: Display: Using Local Shader Compiler.
[2017.09.18-00.08.25:836][  0]LogTemp: Display: Loaded TP AllDesktopTargetPlatform
[2017.09.18-00.08.25:884][  0]LogTemp: Display: Loaded TP MacClientTargetPlatform
[2017.09.18-00.08.25:931][  0]LogTemp: Display: Loaded TP MacNoEditorTargetPlatform
[2017.09.18-00.08.25:978][  0]LogTemp: Display: Loaded TP MacServerTargetPlatform
[2017.09.18-00.08.26:026][  0]LogTemp: Display: Loaded TP MacTargetPlatform
[2017.09.18-00.08.26:073][  0]LogTemp: Display: Loaded TP WindowsClientTargetPlatform
[2017.09.18-00.08.26:120][  0]LogTemp: Display: Loaded TP WindowsNoEditorTargetPlatform
[2017.09.18-00.08.26:167][  0]LogTemp: Display: Loaded TP WindowsServerTargetPlatform
[2017.09.18-00.08.26:208][  0]LogTemp: Display: Loaded TP WindowsTargetPlatform
[2017.09.18-00.08.26:257][  0]LogTemp: Display: Loaded TP AndroidTargetPlatform
[2017.09.18-00.08.26:305][  0]LogTemp: Display: Loaded TP Android_ASTCTargetPlatform
[2017.09.18-00.08.26:352][  0]LogTemp: Display: Loaded TP Android_ATCTargetPlatform
[2017.09.18-00.08.26:399][  0]LogTemp: Display: Loaded TP Android_DXTTargetPlatform
[2017.09.18-00.08.26:444][  0]LogTemp: Display: Loaded TP Android_ETC1TargetPlatform
[2017.09.18-00.08.26:489][  0]LogTemp: Display: Loaded TP Android_ETC2TargetPlatform
[2017.09.18-00.08.26:583][  0]LogTemp: Display: Loaded TP Android_MultiTargetPlatform
[2017.09.18-00.08.26:583][  0]LogTemp: Display: Loaded TP Android_PVRTCTargetPlatform
[2017.09.18-00.08.26:619][  0]LogTemp: Display: Loaded TP HTML5TargetPlatform
[2017.09.18-00.08.26:710][  0]LogTemp: Display: Loaded TP IOSTargetPlatform
[2017.09.18-00.08.26:736][  0]LogTemp: Display: Loaded TP TVOSTargetPlatform
[2017.09.18-00.08.26:783][  0]LogTemp: Display: Loaded TP LinuxClientTargetPlatform
[2017.09.18-00.08.26:829][  0]LogTemp: Display: Loaded TP LinuxNoEditorTargetPlatform
[2017.09.18-00.08.26:874][  0]LogTemp: Display: Loaded TP LinuxServerTargetPlatform
[2017.09.18-00.08.26:921][  0]LogTemp: Display: Loaded TP LinuxTargetPlatform
[2017.09.18-00.08.26:921][  0]LogTargetPlatformManager: Display: Building Assets For Windows
[2017.09.18-00.08.27:335][  0]LogDerivedDataCache: Display: Max Cache Size: 512 MB
[2017.09.18-00.08.27:426][  0]LogDerivedDataCache: Loaded boot cache 0.09s 93MB C:/Users/Smailin/AppData/Local/UnrealEngine/4.17/DerivedDataCache/Boot.ddc.
[2017.09.18-00.08.27:426][  0]LogDerivedDataCache: Display: Loaded Boot cache: C:/Users/Smailin/AppData/Local/UnrealEngine/4.17/DerivedDataCache/Boot.ddc
[2017.09.18-00.08.27:426][  0]LogDerivedDataCache: FDerivedDataBackendGraph:  Pak pak cache file E:/Projetos Unreal/FamersVsAliens/DerivedDataCache/DDC.ddp not found, will not use a pak cache.
[2017.09.18-00.08.27:426][  0]LogDerivedDataCache: Unable to find inner node Pak for hierarchical cache Hierarchy.
[2017.09.18-00.08.27:426][  0]LogDerivedDataCache: FDerivedDataBackendGraph:  CompressedPak pak cache file E:/Projetos Unreal/FamersVsAliens/DerivedDataCache/Compressed.ddp not found, will not use a pak cache.
[2017.09.18-00.08.27:426][  0]LogDerivedDataCache: Unable to find inner node CompressedPak for hierarchical cache Hierarchy.
[2017.09.18-00.08.27:441][  0]LogDerivedDataCache: Display: Pak cache opened for reading ../../../Engine/DerivedDataCache/Compressed.ddp.
[2017.09.18-00.08.27:453][  0]LogDerivedDataCache: Using Local data cache path C:/Users/Smailin/AppData/Local/UnrealEngine/Common/DerivedDataCache: Writable
[2017.09.18-00.08.27:465][  0]LogMaterial: Verifying Global Shaders for PCD3D_SM5
[2017.09.18-00.08.27:465][  0]LogSlate: Using Freetype 2.6.0
[2017.09.18-00.08.27:466][  0]LogSlate: SlateFontCache - WITH_FREETYPE: 1, WITH_HARFBUZZ: 1
[2017.09.18-00.08.27:466][  0]LogSlate: SlateFontCache - WITH_FREETYPE: 1, WITH_HARFBUZZ: 1
[2017.09.18-00.08.27:774][  0]LogAssetRegistry: FAssetRegistry took 0.0265 seconds to start up
[2017.09.18-00.08.27:906][  0]LogInit: Selected Device Profile: [Windows]
[2017.09.18-00.08.28:062][  0]LogContentStreaming: Texture pool size is 0.00 MB
[2017.09.18-00.08.28:375][  0]LogSimplygon: Simplygon DLL not present - disabling.
[2017.09.18-00.08.28:415][  0]LogMeshReduction: Using SimplygonSwarm for distributed automatic mesh merging
[2017.09.18-00.08.28:415][  0]LogMeshReduction: Using QuadricMeshReduction for automatic static mesh reduction
[2017.09.18-00.08.28:415][  0]LogMeshReduction: No automatic skeletal mesh reduction module available
[2017.09.18-00.08.28:415][  0]LogMeshReduction: No automatic mesh merging module available
[2017.09.18-00.08.28:415][  0]LogMeshMerging: No automatic mesh merging module available
[2017.09.18-00.08.28:801][  0]LogNetVersion: FamersVsAliens , NetCL: 3573198, EngineNetVer: 2, GameNetVer: 0 (Checksum: 3801939757)
[2017.09.18-00.08.28:996][  0]LogPackageLocalizationCache: Processed 5 localized package path(s) for 1 prioritized culture(s) in 0.019985 seconds
[2017.09.18-00.08.29:006][  0]LogUObjectArray: 35825 objects as part of root set at end of initial load.
[2017.09.18-00.08.29:006][  0]LogUObjectAllocator: 7529104 out of 0 bytes used by permanent object pool.
[2017.09.18-00.08.29:006][  0]LogUObjectArray: CloseDisregardForGC: 0/0 objects in disregard for GC pool
[2017.09.18-00.08.29:057][  0]LogInit: WinSock: version 1.1 (2.2), MaxSocks=32767, MaxUdp=65467
[2017.09.18-00.08.31:852][  0]LogTcpMessaging: Initializing TcpMessaging bridge
[2017.09.18-00.08.31:894][  0]LogUdpMessaging: Initializing bridge on interface 0.0.0.0:0 to multicast group 230.0.0.1:6666.
[2017.09.18-00.08.32:532][  0]LogMaterial: Uniform references updated for custom material expression Custom.
[2017.09.18-00.08.32:907][  0]SourceControl: Source control is disabled
[2017.09.18-00.08.32:907][  0]SourceControl: Source control is disabled
[2017.09.18-00.08.32:951][  0]SourceControl: Source control is disabled
[2017.09.18-00.08.32:995][  0]SourceControl: Source control is disabled
[2017.09.18-00.08.33:518][  0]LogAndroidPermission: UAndroidPermissionCallbackProxy::GetInstance
[2017.09.18-00.08.33:743][  0]LogOcInput: OculusInput pre-init called
[2017.09.18-00.08.33:980][  0]LogEngine: Initializing Engine...
[2017.09.18-00.08.33:982][  0]LogHMD: Failed to initialize OpenVR with code 110
[2017.09.18-00.08.34:209][  0]LogStats: UGameplayTagsManager::ConstructGameplayTagTree: Construct from data asset -  0.000 s
[2017.09.18-00.08.34:209][  0]LogStats: UGameplayTagsManager::ConstructGameplayTagTree: GameplayTagTreeChangedEvent.Broadcast -  0.000 s
[2017.09.18-00.08.34:327][  0]LogAIModule: Creating AISystem for world Untitled
[2017.09.18-00.08.34:337][  0]LogInit: XAudio2 using 'Alto-falantes (Realtek High Definition Audio)' : 2 channels at 48 kHz using 32 bits per sample (channel mask 0x3)
[2017.09.18-00.08.34:352][  0]LogInit: FAudioDevice initialized.
[2017.09.18-00.08.34:615][  0]LogDerivedDataCache: Saved boot cache 0.26s 93MB C:/Users/Smailin/AppData/Local/UnrealEngine/4.17/DerivedDataCache/Boot.ddc.
[2017.09.18-00.08.34:621][  0]LogInit: Texture streaming: Enabled
[2017.09.18-00.08.34:712][  0]LogEngineSessionManager: EngineSessionManager initialized
[2017.09.18-00.08.34:909][  0]LogInit: Transaction tracking system initialized
[2017.09.18-00.08.35:181][  0]BlueprintLog: New page: Editor Load
[2017.09.18-00.08.36:008][  0]LocalizationService: Localization service is disabled
[2017.09.18-00.08.36:619][  0]LogConsoleResponse: Display: 
[2017.09.18-00.08.36:791][  0]LogFileCache: Scanning file cache for directory 'E:/Projetos Unreal/FamersVsAliens/Content/' took 0.01s
[2017.09.18-00.08.36:791][  0]LogCook: Display: Max memory allowance for cook 16384mb min free memory 0mb
[2017.09.18-00.08.36:791][  0]LogCook: Display: Mobile HDR setting 1
[2017.09.18-00.08.36:791][  0]LogGameplayTags: Display: UGameplayTagsManager::DoneAddingNativeTags. DelegateIsBound: 0
[2017.09.18-00.08.37:725][  0]SourceControl: Source control is disabled
[2017.09.18-00.08.37:725][  0]Cmd: MAP LOAD FILE="../../../Engine/Content/Maps/Templates/Template_Default.umap" TEMPLATE=1 SHOWPROGRESS=1 FEATURELEVEL=3
[2017.09.18-00.08.37:726][  0]LightingResults: New page: Lighting Build
[2017.09.18-00.08.37:762][  0]MapCheck: New page: Map Check
[2017.09.18-00.08.37:763][  0]LightingResults: New page: Lighting Build
[2017.09.18-00.08.37:967][  0]LogAIModule: Creating AISystem for world Untitled_1
[2017.09.18-00.08.37:973][  0]LogEditorServer: Finished looking for orphan Actors (0.000 secs)
[2017.09.18-00.08.37:983][  0]Cmd: MAP CHECKDEP NOCLEARLOG
[2017.09.18-00.08.38:047][  0]MapCheck: Map check complete: 0 Error(s), 0 Warning(s), took 64.053ms to complete.
[2017.09.18-00.08.38:047][  0]LogFileHelpers: Loading map 'Template_Default' took 0.322
[2017.09.18-00.08.38:138][  0]LogWindowsTextInputMethodSystem: Display: IME system now deactivated.
[2017.09.18-00.08.38:243][  0]LogCollectionManager: Loaded 0 collections in 0.001294 seconds
[2017.09.18-00.08.38:317][  0]LogFileCache: Scanning file cache for directory 'E:/Projetos Unreal/FamersVsAliens/Saved/Collections/' took 0.01s
[2017.09.18-00.08.38:317][  0]LogFileCache: Scanning file cache for directory 'E:/Projetos Unreal/FamersVsAliens/Content/Developers/Smailin/Collections/' took 0.01s
[2017.09.18-00.08.38:317][  0]LogFileCache: Scanning file cache for directory 'E:/Projetos Unreal/FamersVsAliens/Content/Collections/' took 0.01s
[2017.09.18-00.08.38:317][  0]LogCollectionManager: Rebuilt the GUID cache for 0 collections in 0.000001 seconds
[2017.09.18-00.08.38:327][  0]LogContentBrowser: Native class hierarchy populated in 0.0103 seconds. Added 2386 classes and 500 folders.
[2017.09.18-00.08.38:381][  0]LogContentBrowser: Native class hierarchy updated for 'WidgetCarousel' in 0.0007 seconds. Added 0 classes and 0 folders.
[2017.09.18-00.08.38:433][  0]LogContentBrowser: Native class hierarchy updated for 'AddContentDialog' in 0.0006 seconds. Added 0 classes and 0 folders.
[2017.09.18-00.08.38:471][  0]LogContentBrowser: Native class hierarchy updated for 'SceneOutliner' in 0.0007 seconds. Added 1 classes and 2 folders.
[2017.09.18-00.08.39:366][  0]LogSlate: Took 0.000337 seconds to synchronously load lazily loaded font '../../../Engine/Content/Slate/Fonts/Roboto-Regular.ttf' (155K)
[2017.09.18-00.08.39:370][  0]LogSlate: Took 0.000367 seconds to synchronously load lazily loaded font '../../../Engine/Content/Slate/Fonts/Roboto-Bold.ttf' (160K)
[2017.09.18-00.08.39:377][  0]LogSlate: Took 0.000258 seconds to synchronously load lazily loaded font '../../../Engine/Content/Editor/Slate/Fonts/FontAwesome.ttf' (139K)
[2017.09.18-00.08.39:538][  0]LogTemp: Executing iPhonePackager certificates Engine -bundlename com.YourCompany.FamersVsAliens
[2017.09.18-00.08.39:538][  0]LogTemp: CWD: F:\UE_4.17\Engine\Binaries\DotNET\IOS
[2017.09.18-00.08.39:538][  0]LogTemp: Initial Dir: F:\UE_4.17
[2017.09.18-00.08.39:538][  0]LogTemp: Env CWD: F:\UE_4.17\Engine\Binaries\DotNET\IOS
[2017.09.18-00.08.39:538][  0]LogTemp: BranchPath = DESKTOP-CICTV3V/F/UE_4.17/Engine/Binaries --- GameBranchPath = DESKTOP-CICTV3V/F/UE_4.17/Engine/Binaries
[2017.09.18-00.08.39:538][  0]LogTemp: IPP ERROR: Could not find provision directory 'C:\Users\Smailin\AppData\Local/Apple Computer/MobileDevice/Provisioning Profiles/'.
[2017.09.18-00.08.39:538][  0]LogRenderer: Reallocating scene render targets to support 816x456 Format 10 NumSamples 1 (Frame:1).
[2017.09.18-00.08.39:699][  0]LogContentBrowser: Native class hierarchy updated for 'HierarchicalLODOutliner' in 0.0008 seconds. Added 1 classes and 2 folders.
[2017.09.18-00.08.39:700][  0]LogLoad: (Engine Initialization) Total time: 18.47 seconds
[2017.09.18-00.08.39:700][  0]LogLoad: (Engine Initialization) Total Blueprint compile time: 0.00 seconds
[2017.09.18-00.08.39:700][  0]LogExternalProfiler: No external profilers were discovered.  External profiling features will not be available.
[2017.09.18-00.08.39:743][  0]LogContentStreaming: Texture pool size now 1000 MB
[2017.09.18-00.08.39:789][  1]LogAssetRegistry: Asset discovery search completed in 12.0373 seconds
[2017.09.18-00.08.39:791][  1]LogCollectionManager: Rebuilt the object cache for 0 collections in 0.000001 seconds (found 0 objects)
[2017.09.18-00.08.39:791][  1]LogCollectionManager: Fixed up redirectors for 0 collections in 0.000058 seconds (updated 0 objects)
[2017.09.18-00.09.20:350][103]SourceControl: On branch master
[2017.09.18-00.09.20:350][103]SourceControl: nothing to commit, working tree clean
[2017.09.18-00.10.19:066][424]LogSlate: Took 0.000304 seconds to synchronously load lazily loaded font '../../../Engine/Content/Slate/Fonts/Roboto-Light.ttf' (159K)
[2017.09.18-00.10.36:621][473]LogSlate: Took 0.000284 seconds to synchronously load lazily loaded font '../../../Engine/Content/Slate/Fonts/Roboto-Light.ttf' (159K)
[2017.09.18-00.11.10:102][882]LogContentBrowser: Native class hierarchy updated for 'MaterialEditor' in 0.0007 seconds. Added 1 classes and 0 folders.
[2017.09.18-00.11.10:104][882]LogMaterial: Missing cached shader map for material MaterialBase, compiling. 
[2017.09.18-00.11.10:179][882]LogMaterial: Missing cached shader map for material MaterialBase, compiling. 
[2017.09.18-00.11.10:228][882]LogSlate: Took 0.000481 seconds to synchronously load lazily loaded font '../../../Engine/Content/Editor/Slate/Fonts/Roboto-BoldCondensed.ttf' (158K)
[2017.09.18-00.11.12:040][980]MaterialEditorStats: Base pass shader: 78 instructions
[2017.09.18-00.11.12:040][980]MaterialEditorStats: Vertex shader: 29 instructions
[2017.09.18-00.11.12:040][980]MaterialEditorStats: Texture samplers: 1/16
[2017.09.18-00.11.36:746][629]LogMaterial: Missing cached shader map for material MaterialBase, compiling. 
[2017.09.18-00.11.36:758][629]LogMaterial: Missing cached shader map for material FMatExpressionPreview MaterialExpressionVectorParameter_0, compiling. 
[2017.09.18-00.11.36:837][630]LogSlate: Took 0.000371 seconds to synchronously load lazily loaded font '../../../Engine/Content/Editor/Slate/Fonts/Roboto-Italic.ttf' (157K)
[2017.09.18-00.11.38:212][734]MaterialEditorStats: Base pass shader: 78 instructions
[2017.09.18-00.11.38:212][734]MaterialEditorStats: Vertex shader: 29 instructions
[2017.09.18-00.11.38:212][734]MaterialEditorStats: Texture samplers: 1/16
[2017.09.18-00.11.39:898][915]LogMaterial: Missing cached shader map for material MaterialBase, compiling. 
[2017.09.18-00.11.39:911][915]LogMaterial: Missing cached shader map for material FMatExpressionPreview MaterialExpressionVectorParameter_0, compiling. 
[2017.09.18-00.11.40:826][969]MaterialEditorStats: Base pass shader: 80 instructions
[2017.09.18-00.11.40:826][969]MaterialEditorStats: Vertex shader: 29 instructions
[2017.09.18-00.11.40:826][969]MaterialEditorStats: Texture samplers: 1/16
[2017.09.18-00.11.48:049][676]LogMaterial: Missing cached shader map for material MaterialBase, compiling. 
[2017.09.18-00.11.48:065][676]LogMaterial: Missing cached shader map for material FMatExpressionPreview MaterialExpressionVectorParameter_0, compiling. 
[2017.09.18-00.11.49:112][731]MaterialEditorStats: Base pass shader: 80 instructions
[2017.09.18-00.11.49:112][731]MaterialEditorStats: Vertex shader: 29 instructions
[2017.09.18-00.11.49:112][731]MaterialEditorStats: Texture samplers: 1/16
[2017.09.18-00.11.49:791][797]LogMaterial: Missing cached shader map for material MaterialBase, compiling. 
[2017.09.18-00.11.49:806][797]LogMaterial: Missing cached shader map for material FMatExpressionPreview MaterialExpressionVectorParameter_0, compiling. 
[2017.09.18-00.11.50:723][847]MaterialEditorStats: Base pass shader: 80 instructions
[2017.09.18-00.11.50:723][847]MaterialEditorStats: Vertex shader: 29 instructions
[2017.09.18-00.11.50:723][847]MaterialEditorStats: Texture samplers: 1/16
[2017.09.18-00.11.51:520][928]LogMaterial: Missing cached shader map for material MaterialBase, compiling. 
[2017.09.18-00.11.51:536][928]LogMaterial: Missing cached shader map for material FMatExpressionPreview MaterialExpressionVectorParameter_0, compiling. 
[2017.09.18-00.11.52:464][986]MaterialEditorStats: Base pass shader: 80 instructions
[2017.09.18-00.11.52:464][986]MaterialEditorStats: Vertex shader: 29 instructions
[2017.09.18-00.11.52:464][986]MaterialEditorStats: Texture samplers: 1/16
[2017.09.18-00.11.53:890][128]LogMaterialEditor: Saving and Compiling material MaterialBase
[2017.09.18-00.11.54:384][128]LogMaterial: Missing cached shader map for material MaterialBase, compiling. 
[2017.09.18-00.11.54:424][128]LogMaterial: Missing cached shader map for material MaterialBase, compiling. 
[2017.09.18-00.11.54:452][128]LogMaterial: Missing cached shader map for material MaterialBase, compiling. 
[2017.09.18-00.11.54:491][128]LogMaterial: Missing cached shader map for material FDebugViewModeMaterialProxy MaterialBase, compiling. 
[2017.09.18-00.11.55:143][128]TextureStreamingBuild: Display: Compiling optional shaders took 0.659 seconds.
[2017.09.18-00.11.56:551][128]LogSlate: Took 0.000218 seconds to synchronously load lazily loaded font '../../../Engine/Content/Slate/Fonts/Roboto-Regular.ttf' (155K)
[2017.09.18-00.11.56:575][128]Cmd: OBJ SAVEPACKAGE PACKAGE="/Game/BluePrints/MaterialBase" FILE="E:/Projetos Unreal/FamersVsAliens/Content/BluePrints/MaterialBase.uasset" SILENT=true
[2017.09.18-00.11.56:587][128]LogSavePackage: Save=10.59ms
[2017.09.18-00.11.56:587][128]LogSavePackage: Moving 'E:/Projetos Unreal/FamersVsAliens/Saved/MaterialBase2C2A081D4A2BB69D47BB1FB3C36B2509.tmp' to 'E:/Projetos Unreal/FamersVsAliens/Content/BluePrints/MaterialBase.uasset'
[2017.09.18-00.11.56:589][128]LogSavePackage: Display: Finished SavePackage E:/Projetos Unreal/FamersVsAliens/Content/BluePrints/MaterialBase.uasset
[2017.09.18-00.11.56:737][128]MaterialEditorStats: Base pass shader: 80 instructions
[2017.09.18-00.11.56:737][128]MaterialEditorStats: Vertex shader: 29 instructions
[2017.09.18-00.11.56:737][128]MaterialEditorStats: Texture samplers: 2/16
[2017.09.18-00.12.03:530][846]LogContentBrowser: Native class hierarchy updated for 'BlueprintGraph' in 0.0011 seconds. Added 113 classes and 0 folders.
[2017.09.18-00.12.04:378][846]LogRenderer: Reallocating scene render targets to support 816x568 Format 10 NumSamples 1 (Frame:1).
[2017.09.18-00.12.32:481][ 39]SourceControl: Error: fatal: Invalid path '/Script': No such file or directory
[2017.09.18-00.12.35:574][407]LogSlate: Took 0.000266 seconds to synchronously load lazily loaded font '../../../Engine/Content/Slate/Fonts/Roboto-Light.ttf' (159K)
[2017.09.18-00.12.37:276][611]LogSlate: Warning: Prevented a slow task dialog from being summoned while a context menu was open
[2017.09.18-00.12.59:163][996]Cmd: OBJ SAVEPACKAGE PACKAGE="/Game/BluePrints/Jogador" FILE="E:/Projetos Unreal/FamersVsAliens/Content/BluePrints/Jogador.uasset" SILENT=true
[2017.09.18-00.12.59:534][996]LogSavePackage: Save=370.66ms
[2017.09.18-00.12.59:534][996]LogSavePackage: Moving 'E:/Projetos Unreal/FamersVsAliens/Saved/Jogador12A20FED46174717EDE9CE900FDD50C3.tmp' to 'E:/Projetos Unreal/FamersVsAliens/Content/BluePrints/Jogador.uasset'
[2017.09.18-00.12.59:536][996]LogSavePackage: Display: Finished SavePackage E:/Projetos Unreal/FamersVsAliens/Content/BluePrints/Jogador.uasset
[2017.09.18-00.12.59:668][996]Cmd: OBJ SAVEPACKAGE PACKAGE="/Game/BluePrints/ModoDeJogo" FILE="E:/Projetos Unreal/FamersVsAliens/Content/BluePrints/ModoDeJogo.uasset" SILENT=true
[2017.09.18-00.12.59:676][996]LogSavePackage: Save=6.33ms
[2017.09.18-00.12.59:676][996]LogSavePackage: Moving 'E:/Projetos Unreal/FamersVsAliens/Saved/ModoDeJogo15813FF148970AB6B3593389F4E874D7.tmp' to 'E:/Projetos Unreal/FamersVsAliens/Content/BluePrints/ModoDeJogo.uasset'
[2017.09.18-00.12.59:678][996]LogSavePackage: Display: Finished SavePackage E:/Projetos Unreal/FamersVsAliens/Content/BluePrints/ModoDeJogo.uasset
[2017.09.18-00.13.02:859][355]SourceControl: fatal: F:/UE_4.17/Engine/Content/: 'F:/UE_4.17/Engine/Content/' is outside repository
[2017.09.18-00.13.11:236][355]LogSourceControl: FGitCheckInWorker: commit successful
[2017.09.18-00.13.11:345][355]SourceControl: [master 2c3b160] Primeiro Submit
[2017.09.18-00.13.11:345][355]SourceControl:  5 files changed, 4 insertions(+)
[2017.09.18-00.13.11:345][355]SourceControl:  create mode 100644 Content/BluePrints/Jogador.uasset
[2017.09.18-00.13.11:345][355]SourceControl:  create mode 100644 Content/BluePrints/MaterialBase.uasset
[2017.09.18-00.13.11:345][355]SourceControl:  create mode 100644 Content/BluePrints/ModoDeJogo.uasset
[2017.09.18-00.13.11:351][355]SourceControl: Commited [master 2c3b160] Primeiro Submit.
[2017.09.18-00.16.39:434][175]LogTemp: Executing iPhonePackager certificates Engine -bundlename com.YourCompany.FamersVsAliens
[2017.09.18-00.16.39:434][175]LogTemp: CWD: F:\UE_4.17\Engine\Binaries\DotNET\IOS
[2017.09.18-00.16.39:434][175]LogTemp: Initial Dir: F:\UE_4.17
[2017.09.18-00.16.39:434][175]LogTemp: Env CWD: F:\UE_4.17\Engine\Binaries\DotNET\IOS
[2017.09.18-00.16.39:438][175]LogTemp: BranchPath = DESKTOP-CICTV3V/F/UE_4.17/Engine/Binaries --- GameBranchPath = DESKTOP-CICTV3V/F/UE_4.17/Engine/Binaries
[2017.09.18-00.16.39:455][177]LogTemp: IPP ERROR: Could not find provision directory 'C:\Users\Smailin\AppData\Local/Apple Computer/MobileDevice/Provisioning Profiles/'.
[2017.09.18-00.16.50:190][ 39]LogSlate: Took 0.055999 seconds to synchronously load lazily loaded font '../../../Engine/Content/Slate/Fonts/DroidSansFallback.ttf' (3848K)
[2017.09.18-00.16.50:257][ 39]LogSlate: Took 0.064471 seconds to synchronously load lazily loaded font '../../../Engine/Content/SlateDebug/Fonts/LastResort.ttf' (5269K)
[2017.09.18-00.17.04:313][617]LogTemp: Executing iPhonePackager certificates Engine -bundlename com.YourCompany.FamersVsAliens
[2017.09.18-00.17.04:313][617]LogTemp: CWD: F:\UE_4.17\Engine\Binaries\DotNET\IOS
[2017.09.18-00.17.04:313][617]LogTemp: Initial Dir: F:\UE_4.17
[2017.09.18-00.17.04:313][617]LogTemp: Env CWD: F:\UE_4.17\Engine\Binaries\DotNET\IOS
[2017.09.18-00.17.04:324][619]LogTemp: BranchPath = DESKTOP-CICTV3V/F/UE_4.17/Engine/Binaries --- GameBranchPath = DESKTOP-CICTV3V/F/UE_4.17/Engine/Binaries
[2017.09.18-00.17.04:341][621]LogTemp: IPP ERROR: Could not find provision directory 'C:\Users\Smailin\AppData\Local/Apple Computer/MobileDevice/Provisioning Profiles/'.
[2017.09.18-00.28.50:260][737]SourceControl: On branch master
[2017.09.18-00.28.50:260][737]SourceControl: Your branch is up-to-date with 'origin/master'.
[2017.09.18-00.28.50:260][737]SourceControl: Changes to be committed:
[2017.09.18-00.28.50:260][737]SourceControl:   (use "git reset HEAD <file>..." to unstage)
[2017.09.18-00.28.50:260][737]SourceControl: 	new file:   Config/DefaultInput.ini
[2017.09.18-00.28.50:260][737]SourceControl: Changes not staged for commit:
[2017.09.18-00.28.50:260][737]SourceControl:   (use "git add <file>..." to update what will be committed)
[2017.09.18-00.28.50:260][737]SourceControl:   (use "git checkout -- <file>..." to discard changes in working directory)
[2017.09.18-00.28.50:260][737]SourceControl: 	modified:   Config/DefaultEngine.ini
[2017.09.18-00.28.50:260][737]SourceControl: 	modified:   Config/DefaultInput.ini
[2017.09.18-00.28.50:260][737]SourceControl: 	modified:   Intermediate/Config/CoalescedSourceConfigs/Engine.ini
[2017.09.18-00.28.50:260][737]SourceControl: 	modified:   Intermediate/Config/CoalescedSourceConfigs/Game.ini
[2017.09.18-00.28.50:260][737]SourceControl: 	modified:   Intermediate/Config/CoalescedSourceConfigs/Input.ini
[2017.09.18-00.28.50:260][737]SourceControl: 	modified:   Saved/Config/Windows/EditorPerProjectUserSettings.ini
[2017.09.18-00.28.50:260][737]SourceControl: Untracked files:
[2017.09.18-00.28.50:260][737]SourceControl:   (use "git add <file>..." to include in what will be committed)
[2017.09.18-00.28.50:260][737]SourceControl: 	Saved/Autosaves/
[2017.09.18-00.28.50:260][737]SourceControl: 	Saved/Config/Windows/SourceControlSettings.ini
[2017.09.18-00.28.50:561][737]Cmd: OBJ SAVEPACKAGE PACKAGE="/Game/Materiais/MaterialBase" FILE="E:/Projetos Unreal/FamersVsAliens/Content/Materiais/MaterialBase.uasset" SILENT=true
[2017.09.18-00.28.50:572][737]LogSavePackage: Save=10.68ms
[2017.09.18-00.28.50:572][737]LogSavePackage: Moving 'E:/Projetos Unreal/FamersVsAliens/Saved/MaterialBase9EB7749047E120EEAC104C8C70D72811.tmp' to 'E:/Projetos Unreal/FamersVsAliens/Content/Materiais/MaterialBase.uasset'
[2017.09.18-00.28.50:574][737]LogSavePackage: Display: Finished SavePackage E:/Projetos Unreal/FamersVsAliens/Content/Materiais/MaterialBase.uasset
[2017.09.18-00.28.50:733][737]Cmd: OBJ SAVEPACKAGE PACKAGE="/Game/BluePrints/MaterialBase" FILE="E:/Projetos Unreal/FamersVsAliens/Content/BluePrints/MaterialBase.uasset" SILENT=true
[2017.09.18-00.28.50:735][737]LogSavePackage: Save=0.79ms
[2017.09.18-00.28.50:735][737]LogSavePackage: Moving 'E:/Projetos Unreal/FamersVsAliens/Saved/MaterialBase9919673E46E9F09621039EA91FF54810.tmp' to 'E:/Projetos Unreal/FamersVsAliens/Content/BluePrints/MaterialBase.uasset'
[2017.09.18-00.28.50:737][737]LogSavePackage: Display: Finished SavePackage E:/Projetos Unreal/FamersVsAliens/Content/BluePrints/MaterialBase.uasset
[2017.09.18-00.30.41:108][474]LogFileHelpers: Editor autosave (incl. sublevels) for '/Temp/Untitled_1' took 0.018
[2017.09.18-00.30.41:110][474]OBJ SavePackage: Generating thumbnails for [0] asset(s) in package [/Game/BluePrints/Jogador] ([1] browsable assets)...
[2017.09.18-00.30.41:110][474]OBJ SavePackage: Finished generating thumbnails for package [/Game/BluePrints/Jogador]
[2017.09.18-00.30.41:110][474]Cmd: OBJ SAVEPACKAGE PACKAGE="/Game/BluePrints/Jogador" FILE="E:/Projetos Unreal/FamersVsAliens/Saved/Autosaves/Game/BluePrints/Jogador_Auto1.uasset" SILENT=false AUTOSAVING=true
[2017.09.18-00.30.41:163][474]LogSavePackage: Save=12.48ms
[2017.09.18-00.30.41:163][474]LogSavePackage: Moving 'E:/Projetos Unreal/FamersVsAliens/Saved/Jogador_Auto12177BF3A48AE7CCE780227AD097F2111.tmp' to 'E:/Projetos Unreal/FamersVsAliens/Saved/Autosaves/Game/BluePrints/Jogador_Auto1.uasset'
[2017.09.18-00.30.41:164][474]LogSavePackage: Display: Finished SavePackage E:/Projetos Unreal/FamersVsAliens/Saved/Autosaves/Game/BluePrints/Jogador_Auto1.uasset
[2017.09.18-00.30.41:516][474]LogFileHelpers: Auto-saving content packages took 0.055
[2017.09.18-00.31.15:746][ 90]LogLinker: Can't find file '/Game/Game_Content/BluePrints/Player_BP'
[2017.09.18-00.31.15:746][ 90]LogLinker: Can't find file '/Game/Game_Content/BluePrints/Player_BP'
[2017.09.18-00.31.42:735][760]BlueprintLog: New page: Compile Jogador
[2017.09.18-00.32.55:458][645]BlueprintLog: New page: Compile Jogador
[2017.09.18-00.33.47:036][ 71]Cmd: MODE SCALEGRID=0
[2017.09.18-00.34.30:506][827]BlueprintLog: New page: Compile Jogador
[2017.09.18-00.34.54:644][708]LogSlate: Warning: Prevented a slow task dialog from being summoned while a context menu was open
[2017.09.18-00.35.00:253][113]LogTemp: Repeating last play command: Selected Viewport
[2017.09.18-00.35.00:307][113]LogPlayLevel: PlayLevel: No blueprints needed recompiling
[2017.09.18-00.35.00:308][113]PIE: New page: PIE session: Untitled_1 (Sep 17, 2017, 6:35:00 PM)
[2017.09.18-00.35.00:308][113]LogPlayLevel: Creating play world package: /Temp/UEDPIE_0_Untitled_1
[2017.09.18-00.35.00:310][113]LogPlayLevel: PIE: StaticDuplicateObject took: (0.002075s)
[2017.09.18-00.35.00:311][113]LogAIModule: Creating AISystem for world Untitled_1
[2017.09.18-00.35.00:311][113]LogPlayLevel: PIE: World Init took: (0.001087s)
[2017.09.18-00.35.00:311][113]LogPlayLevel: PIE: Created PIE world by copying editor world from /Temp/Untitled_1.Untitled_1 to /Temp/UEDPIE_0_Untitled_1.Untitled_1 (0.003436s)
[2017.09.18-00.35.00:330][113]LogInit: XAudio2 using 'Alto-falantes (Realtek High Definition Audio)' : 2 channels at 48 kHz using 32 bits per sample (channel mask 0x3)
[2017.09.18-00.35.00:341][113]LogInit: FAudioDevice initialized.
[2017.09.18-00.35.00:387][113]LogLoad: Game class is 'ModoDeJogo_C'
[2017.09.18-00.35.00:390][113]LogWorld: Bringing World /Temp/UEDPIE_0_Untitled_1.Untitled_1 up for play (max tick rate 0) at 2017.09.17-21.35.00
[2017.09.18-00.35.00:390][113]LogWorld: Bringing up level for play took: 0.001234
[2017.09.18-00.35.00:430][113]LogContentBrowser: Native class hierarchy updated for 'MovieSceneCapture' in 0.0008 seconds. Added 11 classes and 0 folders.
[2017.09.18-00.35.00:432][113]PIE: Play in editor start time for /Temp/UEDPIE_0_Untitled_1 -0.095
[2017.09.18-00.36.57:816][556]BlueprintLog: New page: Compile Jogador
[2017.09.18-00.37.04:704][931]Cmd: OBJ SAVEPACKAGE PACKAGE="/Game/BluePrints/Jogador" FILE="E:/Projetos Unreal/FamersVsAliens/Content/BluePrints/Jogador.uasset" SILENT=true
[2017.09.18-00.37.04:737][931]LogSavePackage: Save=30.74ms
[2017.09.18-00.37.04:737][931]LogSavePackage: Moving 'E:/Projetos Unreal/FamersVsAliens/Saved/JogadorDAB9022A48D701AE3E53C5A7CFE7A2E8.tmp' to 'E:/Projetos Unreal/FamersVsAliens/Content/BluePrints/Jogador.uasset'
[2017.09.18-00.37.04:739][931]LogSavePackage: Display: Finished SavePackage E:/Projetos Unreal/FamersVsAliens/Content/BluePrints/Jogador.uasset
[2017.09.18-00.37.04:742][931]Cmd: OBJ SAVEPACKAGE PACKAGE="/Game/BluePrints/ModoDeJogo" FILE="E:/Projetos Unreal/FamersVsAliens/Content/BluePrints/ModoDeJogo.uasset" SILENT=true
[2017.09.18-00.37.04:750][931]LogSavePackage: Save=6.08ms
[2017.09.18-00.37.04:750][931]LogSavePackage: Moving 'E:/Projetos Unreal/FamersVsAliens/Saved/ModoDeJogoAB37797F43D27E195F0290890FC9E2CB.tmp' to 'E:/Projetos Unreal/FamersVsAliens/Content/BluePrints/ModoDeJogo.uasset'
[2017.09.18-00.37.04:752][931]LogSavePackage: Display: Finished SavePackage E:/Projetos Unreal/FamersVsAliens/Content/BluePrints/ModoDeJogo.uasset
[2017.09.18-00.37.07:432][108]SourceControl: Error: fatal: Invalid path '/Temp': No such file or directory
[2017.09.18-00.37.12:634][496]Cmd: DELETE
[2017.09.18-00.37.12:665][496]Cmd: ACTOR DELETE
[2017.09.18-00.37.12:679][496]LogEditorActor: Deleted Actor: Jogador_C
[2017.09.18-00.37.12:723][496]LogEditorActor: Deleted 1 Actors (0.047 secs)
[2017.09.18-00.37.14:022][606]LogTemp: Repeating last play command: Selected Viewport
[2017.09.18-00.37.14:032][606]LogPlayLevel: PlayLevel: No blueprints needed recompiling
[2017.09.18-00.37.14:032][606]PIE: New page: PIE session: Untitled_1 (Sep 17, 2017, 6:37:14 PM)
[2017.09.18-00.37.14:033][606]LogPlayLevel: Creating play world package: /Temp/UEDPIE_0_Untitled_1
[2017.09.18-00.37.14:035][606]LogPlayLevel: PIE: StaticDuplicateObject took: (0.002015s)
[2017.09.18-00.37.14:035][606]LogAIModule: Creating AISystem for world Untitled_1
[2017.09.18-00.37.14:036][606]LogPlayLevel: PIE: World Init took: (0.000838s)
[2017.09.18-00.37.14:036][606]LogPlayLevel: PIE: Created PIE world by copying editor world from /Temp/Untitled_1.Untitled_1 to /Temp/UEDPIE_0_Untitled_1.Untitled_1 (0.003125s)
[2017.09.18-00.37.14:054][606]LogInit: XAudio2 using 'Alto-falantes (Realtek High Definition Audio)' : 2 channels at 48 kHz using 32 bits per sample (channel mask 0x3)
[2017.09.18-00.37.14:064][606]LogInit: FAudioDevice initialized.
[2017.09.18-00.37.14:092][606]LogLoad: Game class is 'ModoDeJogo_C'
[2017.09.18-00.37.14:094][606]LogWorld: Bringing World /Temp/UEDPIE_0_Untitled_1.Untitled_1 up for play (max tick rate 0) at 2017.09.17-21.37.14
[2017.09.18-00.37.14:094][606]LogWorld: Bringing up level for play took: 0.001068
[2017.09.18-00.37.14:096][606]PIE: Play in editor start time for /Temp/UEDPIE_0_Untitled_1 -0.43
[2017.09.18-00.39.02:110][756]BlueprintLog: New page: Compile Jogador
[2017.09.18-00.39.06:811][ 37]LogEditorViewport: Clicking on Actor (LMB): Jogador_C (Jogador)
[2017.09.18-00.39.07:892][122]Cmd: DELETE
[2017.09.18-00.39.07:892][122]Cmd: ACTOR DELETE
[2017.09.18-00.39.07:892][122]LogEditorActor: Deleted Actor: Jogador_C
[2017.09.18-00.39.07:934][122]LogEditorActor: Deleted 1 Actors (0.042 secs)
[2017.09.18-00.39.09:568][259]LogTemp: Repeating last play command: Selected Viewport
[2017.09.18-00.39.09:578][259]LogPlayLevel: PlayLevel: No blueprints needed recompiling
[2017.09.18-00.39.09:579][259]PIE: New page: PIE session: Untitled_1 (Sep 17, 2017, 6:39:09 PM)
[2017.09.18-00.39.09:579][259]LogPlayLevel: Creating play world package: /Temp/UEDPIE_0_Untitled_1
[2017.09.18-00.39.09:580][259]LogPlayLevel: PIE: StaticDuplicateObject took: (0.001749s)
[2017.09.18-00.39.09:581][259]LogAIModule: Creating AISystem for world Untitled_1
[2017.09.18-00.39.09:581][259]LogPlayLevel: PIE: World Init took: (0.000999s)
[2017.09.18-00.39.09:582][259]LogPlayLevel: PIE: Created PIE world by copying editor world from /Temp/Untitled_1.Untitled_1 to /Temp/UEDPIE_0_Untitled_1.Untitled_1 (0.003027s)
[2017.09.18-00.39.09:599][259]LogInit: XAudio2 using 'Alto-falantes (Realtek High Definition Audio)' : 2 channels at 48 kHz using 32 bits per sample (channel mask 0x3)
[2017.09.18-00.39.09:609][259]LogInit: FAudioDevice initialized.
[2017.09.18-00.39.09:642][259]LogLoad: Game class is 'ModoDeJogo_C'
[2017.09.18-00.39.09:644][259]LogWorld: Bringing World /Temp/UEDPIE_0_Untitled_1.Untitled_1 up for play (max tick rate 0) at 2017.09.17-21.39.09
[2017.09.18-00.39.09:644][259]LogWorld: Bringing up level for play took: 0.001062
[2017.09.18-00.39.09:646][259]PIE: Play in editor start time for /Temp/UEDPIE_0_Untitled_1 -0.88
[2017.09.18-00.40.13:042][295]BlueprintLog: New page: Compile Jogador
[2017.09.18-00.40.15:022][392]SourceControl: Error: fatal: Invalid path '/Temp': No such file or directory
[2017.09.18-00.40.29:147][392]Cmd: OBJ SAVEPACKAGE PACKAGE="/Game/Maps/MapaBasico" FILE="E:/Projetos Unreal/FamersVsAliens/Content/Maps/MapaBasico.umap" SILENT=true AUTOSAVING=false KEEPDIRTY=false
[2017.09.18-00.40.29:208][392]LogSavePackage: Save=29.96ms
[2017.09.18-00.40.29:208][392]LogSavePackage: Moving 'E:/Projetos Unreal/FamersVsAliens/Saved/MapaBasico85A0D96343EDC38F88F6D3B36E7CF2A7.tmp' to 'E:/Projetos Unreal/FamersVsAliens/Content/Maps/MapaBasico.umap'
[2017.09.18-00.40.29:209][392]LogSavePackage: Display: Finished SavePackage E:/Projetos Unreal/FamersVsAliens/Content/Maps/MapaBasico.umap
[2017.09.18-00.40.29:490][392]Cmd: OBJ SAVEPACKAGE PACKAGE="/Game/Maps/MapaBasico_BuiltData" FILE="E:/Projetos Unreal/FamersVsAliens/Content/Maps/MapaBasico_BuiltData.uasset" SILENT=true
[2017.09.18-00.40.29:529][392]LogSavePackage: Save=37.67ms
[2017.09.18-00.40.29:529][392]LogSavePackage: Moving 'E:/Projetos Unreal/FamersVsAliens/Saved/MapaBasico_BuiltDataC6FFCAEA4D44E41B6AF54C83A7967E90.tmp' to 'E:/Projetos Unreal/FamersVsAliens/Content/Maps/MapaBasico_BuiltData.uasset'
[2017.09.18-00.40.29:530][392]LogSavePackage: Display: Finished SavePackage E:/Projetos Unreal/FamersVsAliens/Content/Maps/MapaBasico_BuiltData.uasset
[2017.09.18-00.40.29:678][392]LogFileHelpers: Saving map 'MapaBasico' took 1.500
[2017.09.18-00.40.29:834][400]SourceControl: Error: fatal: Invalid path '/Temp': No such file or directory
[2017.09.18-00.40.50:281][896]BlueprintLog: New page: Compile Jogador
[2017.09.18-00.40.54:312][163]Cmd: DELETE
[2017.09.18-00.40.54:312][163]Cmd: ACTOR DELETE
[2017.09.18-00.40.54:312][163]LogEditorActor: Deleted Actor: Jogador_C
[2017.09.18-00.40.54:352][163]LogEditorActor: Deleted 1 Actors (0.040 secs)
[2017.09.18-00.40.55:230][239]LogTemp: Repeating last play command: Selected Viewport
[2017.09.18-00.40.55:241][239]LogPlayLevel: PlayLevel: No blueprints needed recompiling
[2017.09.18-00.40.55:241][239]PIE: New page: PIE session: MapaBasico (Sep 17, 2017, 6:40:55 PM)
[2017.09.18-00.40.55:241][239]LogPlayLevel: Creating play world package: /Game/Maps/UEDPIE_0_MapaBasico
[2017.09.18-00.40.55:243][239]LogPlayLevel: PIE: StaticDuplicateObject took: (0.001604s)
[2017.09.18-00.40.55:244][239]LogAIModule: Creating AISystem for world MapaBasico
[2017.09.18-00.40.55:244][239]LogPlayLevel: PIE: World Init took: (0.000900s)
[2017.09.18-00.40.55:244][239]LogPlayLevel: PIE: Created PIE world by copying editor world from /Game/Maps/MapaBasico.MapaBasico to /Game/Maps/UEDPIE_0_MapaBasico.MapaBasico (0.002735s)
[2017.09.18-00.40.55:263][239]LogInit: XAudio2 using 'Alto-falantes (Realtek High Definition Audio)' : 2 channels at 48 kHz using 32 bits per sample (channel mask 0x3)
[2017.09.18-00.40.55:272][239]LogInit: FAudioDevice initialized.
[2017.09.18-00.40.55:302][239]LogLoad: Game class is 'ModoDeJogo_C'
[2017.09.18-00.40.55:304][239]LogWorld: Bringing World /Game/Maps/UEDPIE_0_MapaBasico.MapaBasico up for play (max tick rate 0) at 2017.09.17-21.40.55
[2017.09.18-00.40.55:304][239]LogWorld: Bringing up level for play took: 0.001043
[2017.09.18-00.40.55:306][239]PIE: Play in editor start time for /Game/Maps/UEDPIE_0_MapaBasico 0.78
[2017.09.18-00.41.24:066][127]LogTemp: Executing iPhonePackager certificates Engine -bundlename com.YourCompany.FamersVsAliens
[2017.09.18-00.41.24:066][127]LogTemp: CWD: F:\UE_4.17\Engine\Binaries\DotNET\IOS
[2017.09.18-00.41.24:066][127]LogTemp: Initial Dir: F:\UE_4.17
[2017.09.18-00.41.24:066][127]LogTemp: Env CWD: F:\UE_4.17\Engine\Binaries\DotNET\IOS
[2017.09.18-00.41.24:066][127]LogTemp: BranchPath = DESKTOP-CICTV3V/F/UE_4.17/Engine/Binaries --- GameBranchPath = DESKTOP-CICTV3V/F/UE_4.17/Engine/Binaries
[2017.09.18-00.41.24:080][128]LogTemp: IPP ERROR: Could not find provision directory 'C:\Users\Smailin\AppData\Local/Apple Computer/MobileDevice/Provisioning Profiles/'.
[2017.09.18-00.48.19:522][781]Cmd: OBJ SAVEPACKAGE PACKAGE="/Game/BluePrints/Jogador" FILE="E:/Projetos Unreal/FamersVsAliens/Content/BluePrints/Jogador.uasset" SILENT=true
[2017.09.18-00.48.19:561][781]LogSavePackage: Save=36.55ms
[2017.09.18-00.48.19:561][781]LogSavePackage: Moving 'E:/Projetos Unreal/FamersVsAliens/Saved/Jogador277D11054328340D31B0C198220BD307.tmp' to 'E:/Projetos Unreal/FamersVsAliens/Content/BluePrints/Jogador.uasset'
[2017.09.18-00.48.19:563][781]LogSavePackage: Display: Finished SavePackage E:/Projetos Unreal/FamersVsAliens/Content/BluePrints/Jogador.uasset
[2017.09.18-00.48.19:666][781]Cmd: OBJ SAVEPACKAGE PACKAGE="/Game/Maps/MapaBasico" FILE="E:/Projetos Unreal/FamersVsAliens/Content/Maps/MapaBasico.umap" SILENT=true AUTOSAVING=false KEEPDIRTY=false
[2017.09.18-00.48.19:754][781]LogSavePackage: Save=38.73ms
[2017.09.18-00.48.19:754][781]LogSavePackage: Moving 'E:/Projetos Unreal/FamersVsAliens/Saved/MapaBasico77A784D7435C55ED3B02D889080653FF.tmp' to 'E:/Projetos Unreal/FamersVsAliens/Content/Maps/MapaBasico.umap'
[2017.09.18-00.48.19:756][781]LogSavePackage: Display: Finished SavePackage E:/Projetos Unreal/FamersVsAliens/Content/Maps/MapaBasico.umap
[2017.09.18-00.48.19:767][781]LogFileHelpers: Saving map 'MapaBasico' took 0.200
[2017.09.18-00.48.24:061][131]SourceControl: fatal: F:/UE_4.17/Engine/Content/: 'F:/UE_4.17/Engine/Content/' is outside repository
[2017.09.18-00.48.35:945][131]LogSourceControl: FGitCheckInWorker: commit successful
[2017.09.18-00.48.36:184][131]SourceControl: [master e66d562] Movimentação do personagem
[2017.09.18-00.48.36:184][131]SourceControl:  8 files changed, 63 insertions(+), 2 deletions(-)
[2017.09.18-00.48.36:184][131]SourceControl:  create mode 100644 Config/DefaultInput.ini
[2017.09.18-00.48.36:184][131]SourceControl:  rewrite Content/BluePrints/Jogador.uasset (73%)
[2017.09.18-00.48.36:184][131]SourceControl:  rewrite Content/BluePrints/MaterialBase.uasset (100%)
[2017.09.18-00.48.36:184][131]SourceControl:  create mode 100644 Content/Maps/MapaBasico.umap
[2017.09.18-00.48.36:184][131]SourceControl:  create mode 100644 Content/Maps/MapaBasico_BuiltData.uasset
[2017.09.18-00.48.36:184][131]SourceControl:  create mode 100644 Content/Materiais/MaterialBase.uasset
[2017.09.18-00.48.36:191][131]SourceControl: Commited [master e66d562] Movimentação do personagem.
[2017.09.18-00.57.58:097][  9]BlueprintLog: New page: Compile Jogador
[2017.09.18-00.57.58:509][  9]LogBlueprint: Error: [Compiler Jogador] This blueprint (self) is not a Controller, therefore ' Target ' must have a connection.
[2017.09.18-00.57.58:767][  9]LogBlueprint: Warning: [Compiler Jogador] [2977.54] Compile of Jogador failed. 1 Fatal Issue(s) 0 Warning(s) [in 669 ms] (/Game/BluePrints/Jogador.Jogador)
[2017.09.18-00.57.59:342][ 63]Cmd: OBJ SAVEPACKAGE PACKAGE="/Game/BluePrints/Jogador" FILE="E:/Projetos Unreal/FamersVsAliens/Content/BluePrints/Jogador.uasset" SILENT=true
[2017.09.18-00.57.59:385][ 63]LogSavePackage: Save=40.39ms
[2017.09.18-00.57.59:385][ 63]LogSavePackage: Moving 'E:/Projetos Unreal/FamersVsAliens/Saved/JogadorB9E50F89473BE0759651FC8C62EBC03B.tmp' to 'E:/Projetos Unreal/FamersVsAliens/Content/BluePrints/Jogador.uasset'
[2017.09.18-00.57.59:387][ 63]LogSavePackage: Display: Finished SavePackage E:/Projetos Unreal/FamersVsAliens/Content/BluePrints/Jogador.uasset
[2017.09.18-00.58.26:141][270]BlueprintLog: New page: Compile Jogador
[2017.09.18-00.58.41:836][ 63]LogTemp: Repeating last play command: Selected Viewport
[2017.09.18-00.58.41:848][ 63]LogPlayLevel: PlayLevel: No blueprints needed recompiling
[2017.09.18-00.58.41:848][ 63]PIE: New page: PIE session: MapaBasico (Sep 17, 2017, 6:58:41 PM)
[2017.09.18-00.58.41:848][ 63]LogPlayLevel: Creating play world package: /Game/Maps/UEDPIE_0_MapaBasico
[2017.09.18-00.58.41:850][ 63]LogPlayLevel: PIE: StaticDuplicateObject took: (0.001728s)
[2017.09.18-00.58.41:851][ 63]LogAIModule: Creating AISystem for world MapaBasico
[2017.09.18-00.58.41:851][ 63]LogPlayLevel: PIE: World Init took: (0.000965s)
[2017.09.18-00.58.41:851][ 63]LogPlayLevel: PIE: Created PIE world by copying editor world from /Game/Maps/MapaBasico.MapaBasico to /Game/Maps/UEDPIE_0_MapaBasico.MapaBasico (0.002969s)
[2017.09.18-00.58.41:870][ 63]LogInit: XAudio2 using 'Alto-falantes (Realtek High Definition Audio)' : 2 channels at 48 kHz using 32 bits per sample (channel mask 0x3)
[2017.09.18-00.58.41:881][ 63]LogInit: FAudioDevice initialized.
[2017.09.18-00.58.41:916][ 63]LogLoad: Game class is 'ModoDeJogo_C'
[2017.09.18-00.58.41:917][ 63]LogWorld: Bringing World /Game/Maps/UEDPIE_0_MapaBasico.MapaBasico up for play (max tick rate 0) at 2017.09.17-21.58.41
[2017.09.18-00.58.41:917][ 63]LogWorld: Bringing up level for play took: 0.001077
[2017.09.18-00.58.41:919][ 63]PIE: Play in editor start time for /Game/Maps/UEDPIE_0_MapaBasico -0.607
[2017.09.18-00.59.50:781][152]LogEditorViewport: Clicking on Actor (LMB): PlayerStart (Player Start)
[2017.09.18-01.00.19:325][566]BlueprintLog: New page: Compile Jogador
[2017.09.18-01.00.25:220][234]BlueprintLog: New page: Compile Jogador
[2017.09.18-01.00.25:234][234]LogBlueprint: Error: [Compiler Jogador] This blueprint (self) is not a Controller, therefore ' Target ' must have a connection.
[2017.09.18-01.00.25:493][234]LogBlueprint: Warning: [Compiler Jogador] [3124.27] Compile of Jogador failed. 1 Fatal Issue(s) 0 Warning(s) [in 272 ms] (/Game/BluePrints/Jogador.Jogador)
[2017.09.18-01.00.35:107][379]BlueprintLog: New page: Compile Jogador
[2017.09.18-01.00.35:119][379]LogBlueprint: Error: [Compiler Jogador] This blueprint (self) is not a Controller, therefore ' Target ' must have a connection.
[2017.09.18-01.00.35:371][379]LogBlueprint: Warning: [Compiler Jogador] [3134.15] Compile of Jogador failed. 1 Fatal Issue(s) 0 Warning(s) [in 264 ms] (/Game/BluePrints/Jogador.Jogador)
[2017.09.18-01.01.04:519][542]LogFileHelpers: Editor autosave (incl. sublevels) for '/Game/Maps/MapaBasico' took 0.014
[2017.09.18-01.01.04:520][542]OBJ SavePackage: Generating thumbnails for [1] asset(s) in package [/Game/BluePrints/Jogador] ([1] browsable assets)...
[2017.09.18-01.01.04:536][542]OBJ SavePackage:     Rendered thumbnail for [Blueprint /Game/BluePrints/Jogador.Jogador]
[2017.09.18-01.01.04:536][542]OBJ SavePackage: Finished generating thumbnails for package [/Game/BluePrints/Jogador]
[2017.09.18-01.01.04:536][542]Cmd: OBJ SAVEPACKAGE PACKAGE="/Game/BluePrints/Jogador" FILE="E:/Projetos Unreal/FamersVsAliens/Saved/Autosaves/Game/BluePrints/Jogador_Auto2.uasset" SILENT=false AUTOSAVING=true
[2017.09.18-01.01.04:580][542]LogSavePackage: Save=42.29ms
[2017.09.18-01.01.04:580][542]LogSavePackage: Moving 'E:/Projetos Unreal/FamersVsAliens/Saved/Jogador_Auto21DAA454F4C32E031825D68809D15B317.tmp' to 'E:/Projetos Unreal/FamersVsAliens/Saved/Autosaves/Game/BluePrints/Jogador_Auto2.uasset'
[2017.09.18-01.01.04:581][542]LogSavePackage: Display: Finished SavePackage E:/Projetos Unreal/FamersVsAliens/Saved/Autosaves/Game/BluePrints/Jogador_Auto2.uasset
[2017.09.18-01.01.04:581][542]LogFileHelpers: Auto-saving content packages took 0.062
[2017.09.18-01.07.51:038][759]BlueprintLog: New page: Compile Jogador
[2017.09.18-01.09.40:024][366]BlueprintLog: New page: Compile Jogador
[2017.09.18-01.09.40:040][366]LogBlueprint: Error: [Compiler Jogador] This blueprint (self) is not a Controller, therefore ' Target ' must have a connection.
[2017.09.18-01.09.40:709][366]LogBlueprint: Warning: [Compiler Jogador] [3679.48] Compile of Jogador failed. 1 Fatal Issue(s) 0 Warning(s) [in 684 ms] (/Game/BluePrints/Jogador.Jogador)
[2017.09.18-01.11.33:576][353]LogFileHelpers: Editor autosave (incl. sublevels) for '/Game/Maps/MapaBasico' took 0.016
[2017.09.18-01.11.33:578][353]OBJ SavePackage: Generating thumbnails for [1] asset(s) in package [/Game/BluePrints/Jogador] ([1] browsable assets)...
[2017.09.18-01.11.33:597][353]OBJ SavePackage:     Rendered thumbnail for [Blueprint /Game/BluePrints/Jogador.Jogador]
[2017.09.18-01.11.33:597][353]OBJ SavePackage: Finished generating thumbnails for package [/Game/BluePrints/Jogador]
[2017.09.18-01.11.33:597][353]Cmd: OBJ SAVEPACKAGE PACKAGE="/Game/BluePrints/Jogador" FILE="E:/Projetos Unreal/FamersVsAliens/Saved/Autosaves/Game/BluePrints/Jogador_Auto3.uasset" SILENT=false AUTOSAVING=true
[2017.09.18-01.11.33:646][353]LogSavePackage: Save=46.13ms
[2017.09.18-01.11.33:646][353]LogSavePackage: Moving 'E:/Projetos Unreal/FamersVsAliens/Saved/Jogador_Auto3827B8E1B4B16670D9EFCA09F4B56F5B8.tmp' to 'E:/Projetos Unreal/FamersVsAliens/Saved/Autosaves/Game/BluePrints/Jogador_Auto3.uasset'
[2017.09.18-01.11.33:647][353]LogSavePackage: Display: Finished SavePackage E:/Projetos Unreal/FamersVsAliens/Saved/Autosaves/Game/BluePrints/Jogador_Auto3.uasset
[2017.09.18-01.11.33:647][353]LogFileHelpers: Auto-saving content packages took 0.070
[2017.09.18-01.12.31:385][966]BlueprintLog: New page: Compile Jogador
[2017.09.18-01.12.31:400][966]LogBlueprint: Error: [Compiler Jogador] This blueprint (self) is not a PhysicsHandleComponent, therefore ' Target ' must have a connection.
[2017.09.18-01.12.31:660][966]LogBlueprint: Warning: [Compiler Jogador] [3850.43] Compile of Jogador failed. 1 Fatal Issue(s) 0 Warning(s) [in 274 ms] (/Game/BluePrints/Jogador.Jogador)
[2017.09.18-01.12.44:014][364]BlueprintLog: New page: Compile Jogador
[2017.09.18-01.12.44:028][364]LogBlueprint: Error: [Compiler Jogador] This blueprint (self) is not a PhysicsHandleComponent, therefore ' Target ' must have a connection.
[2017.09.18-01.12.44:309][364]LogBlueprint: Warning: [Compiler Jogador] [3863.08] Compile of Jogador failed. 1 Fatal Issue(s) 0 Warning(s) [in 295 ms] (/Game/BluePrints/Jogador.Jogador)
[2017.09.18-01.12.44:930][423]Cmd: OBJ SAVEPACKAGE PACKAGE="/Game/BluePrints/Jogador" FILE="E:/Projetos Unreal/FamersVsAliens/Content/BluePrints/Jogador.uasset" SILENT=true
[2017.09.18-01.12.44:978][423]LogSavePackage: Save=45.77ms
[2017.09.18-01.12.44:978][423]LogSavePackage: Moving 'E:/Projetos Unreal/FamersVsAliens/Saved/Jogador35559FAE419453788676BC8E6D770341.tmp' to 'E:/Projetos Unreal/FamersVsAliens/Content/BluePrints/Jogador.uasset'
[2017.09.18-01.12.44:980][423]LogSavePackage: Display: Finished SavePackage E:/Projetos Unreal/FamersVsAliens/Content/BluePrints/Jogador.uasset
[2017.09.18-01.12.45:810][520]BlueprintLog: New page: Compile Jogador
[2017.09.18-01.12.45:824][520]LogBlueprint: Error: [Compiler Jogador] This blueprint (self) is not a PhysicsHandleComponent, therefore ' Target ' must have a connection.
[2017.09.18-01.12.46:084][520]LogBlueprint: Warning: [Compiler Jogador] [3864.86] Compile of Jogador failed. 1 Fatal Issue(s) 0 Warning(s) [in 273 ms] (/Game/BluePrints/Jogador.Jogador)
[2017.09.18-01.17.37:145][ 82]LogEditorTransaction: Undo Move Node
[2017.09.18-01.17.37:548][ 82]LogEditorTransaction: Undo Move Node
[2017.09.18-01.17.37:598][ 83]LogEditorTransaction: Undo Delete current selection
[2017.09.18-01.17.37:863][108]LogEditorTransaction: Undo Add Node
[2017.09.18-01.17.38:299][156]LogEditorTransaction: Undo Move Node
[2017.09.18-01.17.38:744][205]LogEditorTransaction: Undo Add Node
[2017.09.18-01.17.39:095][243]LogEditorTransaction: Undo Add Node
[2017.09.18-01.17.39:469][284]LogEditorTransaction: Undo Delete current selection
[2017.09.18-01.18.29:630][ 98]LogEditorTransaction: Undo Create Pin Link
[2017.09.18-01.18.29:842][118]LogEditorTransaction: Undo Move Node
[2017.09.18-01.18.30:063][139]LogEditorTransaction: Undo Add Node
[2017.09.18-01.18.30:442][180]LogEditorTransaction: Undo Add Node
[2017.09.18-01.18.30:827][222]LogEditorTransaction: Undo Move Node
[2017.09.18-01.18.31:431][290]LogEditorTransaction: Undo Delete current selection
[2017.09.18-01.18.31:974][305]LogEditorTransaction: Undo Delete current selection
[2017.09.18-01.19.44:604][733]LogSlate: Warning: Prevented a slow task dialog from being summoned while a context menu was open
[2017.09.18-01.20.24:095][ 69]LogEditorTransaction: Undo Change Variable Type
[2017.09.18-01.21.15:648][102]BlueprintLog: New page: Compile Jogador
[2017.09.18-01.21.24:649][ 92]LogSlate: Took 0.010483 seconds to synchronously load lazily loaded font '../../../Engine/Content/Editor/Slate/Fonts/Roboto-BoldCondensedItalic.ttf' (160K)
[2017.09.18-01.22.09:312][146]BlueprintLog: New page: Compile Jogador
[2017.09.18-01.22.09:326][146]LogBlueprint: Error: [Compiler Jogador] This blueprint (self) is not a PhysicsHandleComponent, therefore ' Target ' must have a connection.
[2017.09.18-01.22.09:588][146]LogBlueprint: Warning: [Compiler Jogador] [4428.36] Compile of Jogador failed. 1 Fatal Issue(s) 0 Warning(s) [in 275 ms] (/Game/BluePrints/Jogador.Jogador)
[2017.09.18-01.23.44:318][837]LogFileHelpers: Editor autosave (incl. sublevels) for '/Game/Maps/MapaBasico' took 0.020
[2017.09.18-01.23.44:321][837]OBJ SavePackage: Generating thumbnails for [1] asset(s) in package [/Game/BluePrints/Jogador] ([1] browsable assets)...
[2017.09.18-01.23.44:356][837]OBJ SavePackage:     Rendered thumbnail for [Blueprint /Game/BluePrints/Jogador.Jogador]
[2017.09.18-01.23.44:356][837]OBJ SavePackage: Finished generating thumbnails for package [/Game/BluePrints/Jogador]
[2017.09.18-01.23.44:356][837]Cmd: OBJ SAVEPACKAGE PACKAGE="/Game/BluePrints/Jogador" FILE="E:/Projetos Unreal/FamersVsAliens/Saved/Autosaves/Game/BluePrints/Jogador_Auto4.uasset" SILENT=false AUTOSAVING=true
[2017.09.18-01.23.44:428][837]LogSavePackage: Save=67.52ms
[2017.09.18-01.23.44:428][837]LogSavePackage: Moving 'E:/Projetos Unreal/FamersVsAliens/Saved/Jogador_Auto4352D13AD44350A592B3698B3131A924D.tmp' to 'E:/Projetos Unreal/FamersVsAliens/Saved/Autosaves/Game/BluePrints/Jogador_Auto4.uasset'
[2017.09.18-01.23.44:429][837]LogSavePackage: Display: Finished SavePackage E:/Projetos Unreal/FamersVsAliens/Saved/Autosaves/Game/BluePrints/Jogador_Auto4.uasset
[2017.09.18-01.23.44:429][837]LogFileHelpers: Auto-saving content packages took 0.110
[2017.09.18-01.23.46:766][841]Cmd: QUIT_EDITOR
[2017.09.18-01.23.47:485][841]LogWindowsTextInputMethodSystem: Display: IME system now deactivated.
[2017.09.18-01.23.47:505][841]LogExit: Preparing to exit.
[2017.09.18-01.23.48:485][841]LogExit: Editor shut down
[2017.09.18-01.23.48:509][841]LogExit: Transaction tracking system shut down
[2017.09.18-01.23.48:697][841]LogDirectoryWatcher: A directory notification for '../../../Engine/Content/' was aborted.
[2017.09.18-01.23.48:697][841]LogDirectoryWatcher: A directory notification for 'E:/Projetos Unreal/FamersVsAliens/Content/' was aborted.
[2017.09.18-01.23.48:697][841]LogDirectoryWatcher: A directory notification for '../../../Engine/Plugins/2D/Paper2D/Content/' was aborted.
[2017.09.18-01.23.48:697][841]LogDirectoryWatcher: A directory notification for '../../../Engine/Plugins/Runtime/Oculus/OculusVR/Content/' was aborted.
[2017.09.18-01.23.48:697][841]LogDirectoryWatcher: A directory notification for '../../../Engine/Plugins/Runtime/Steam/SteamVR/Content/' was aborted.
[2017.09.18-01.23.48:888][841]LogExit: Object subsystem successfully closed.
[2017.09.18-01.23.48:921][841]LogD3D11RHI: Shutdown
[2017.09.18-01.23.48:921][841]LogD3D11RHI: CleanupD3DDevice
[2017.09.18-01.23.49:042][841]LogD3D11RHI: ~FD3D11DynamicRHI
[2017.09.18-01.23.49:056][841]LogModuleManager: Shutting down and abandoning module HierarchicalLODUtilities (542)
[2017.09.18-01.23.49:056][841]LogModuleManager: Shutting down and abandoning module MovieSceneCapture (540)
[2017.09.18-01.23.49:056][841]LogModuleManager: Shutting down and abandoning module BlueprintGraph (538)
[2017.09.18-01.23.49:056][841]LogModuleManager: Shutting down and abandoning module BlueprintProfiler (536)
[2017.09.18-01.23.49:056][841]LogModuleManager: Shutting down and abandoning module MaterialEditor (534)
[2017.09.18-01.23.49:056][841]LogModuleManager: Shutting down and abandoning module HierarchicalLODOutliner (532)
[2017.09.18-01.23.49:056][841]LogModuleManager: Shutting down and abandoning module ExternalImagePicker (530)
[2017.09.18-01.23.49:056][841]LogModuleManager: Shutting down and abandoning module SceneOutliner (528)
[2017.09.18-01.23.49:056][841]LogModuleManager: Shutting down and abandoning module AddContentDialog (526)
[2017.09.18-01.23.49:056][841]LogDirectoryWatcher: A directory notification for 'F:/UE_4.17/FeaturePacks/' was aborted.
[2017.09.18-01.23.49:061][841]LogModuleManager: Shutting down and abandoning module WidgetCarousel (525)
[2017.09.18-01.23.49:061][841]LogModuleManager: Shutting down and abandoning module EditorWidgets (522)
[2017.09.18-01.23.49:061][841]LogModuleManager: Shutting down and abandoning module CollectionManager (520)
[2017.09.18-01.23.49:061][841]LogDirectoryWatcher: A directory notification for 'E:/Projetos Unreal/FamersVsAliens/Content/Collections/' was aborted.
[2017.09.18-01.23.49:061][841]LogDirectoryWatcher: A directory notification for 'E:/Projetos Unreal/FamersVsAliens/Content/Developers/Smailin/Collections/' was aborted.
[2017.09.18-01.23.49:061][841]LogDirectoryWatcher: A directory notification for 'E:/Projetos Unreal/FamersVsAliens/Saved/Collections/' was aborted.
[2017.09.18-01.23.49:061][841]LogModuleManager: Shutting down and abandoning module StatsViewer (518)
[2017.09.18-01.23.49:061][841]LogModuleManager: Shutting down and abandoning module FoliageEdit (516)
[2017.09.18-01.23.49:061][841]LogModuleManager: Shutting down and abandoning module LandscapeEditor (514)
[2017.09.18-01.23.49:062][841]LogModuleManager: Shutting down and abandoning module MeshPaintMode (512)
[2017.09.18-01.23.49:062][841]LogModuleManager: Shutting down and abandoning module SceneDepthPickerMode (510)
[2017.09.18-01.23.49:062][841]LogModuleManager: Shutting down and abandoning module ActorPickerMode (508)
[2017.09.18-01.23.49:062][841]LogModuleManager: Shutting down and abandoning module GeometryMode (506)
[2017.09.18-01.23.49:062][841]LogModuleManager: Shutting down and abandoning module TextureAlignMode (504)
[2017.09.18-01.23.49:062][841]LogModuleManager: Shutting down and abandoning module BspMode (502)
[2017.09.18-01.23.49:062][841]LogModuleManager: Shutting down and abandoning module PIEPreviewDeviceProfileSelector (500)
[2017.09.18-01.23.49:062][841]LogModuleManager: Shutting down and abandoning module HardwareSurvey (498)
[2017.09.18-01.23.49:062][841]LogModuleManager: Shutting down and abandoning module SequenceRecorderSections (496)
[2017.09.18-01.23.49:062][841]LogModuleManager: Shutting down and abandoning module AutomationWorker (494)
[2017.09.18-01.23.49:062][841]LogModuleManager: Shutting down and abandoning module MatineeToLevelSequence (492)
[2017.09.18-01.23.49:062][841]LogModuleManager: Shutting down and abandoning module LevelSequenceEditor (490)
[2017.09.18-01.23.49:062][841]LogModuleManager: Shutting down and abandoning module PlacementMode (489)
[2017.09.18-01.23.49:062][841]LogModuleManager: Shutting down and abandoning module WmfMediaFactory (486)
[2017.09.18-01.23.49:062][841]LogModuleManager: Shutting down and abandoning module WmfMediaEditor (484)
[2017.09.18-01.23.49:062][841]LogModuleManager: Shutting down and abandoning module AvfMediaFactory (482)
[2017.09.18-01.23.49:062][841]LogModuleManager: Shutting down and abandoning module AvfMediaEditor (480)
[2017.09.18-01.23.49:062][841]LogModuleManager: Shutting down and abandoning module AndroidMediaFactory (478)
[2017.09.18-01.23.49:062][841]LogModuleManager: Shutting down and abandoning module Media (477)
[2017.09.18-01.23.49:062][841]LogModuleManager: Shutting down and abandoning module AndroidMediaEditor (474)
[2017.09.18-01.23.49:062][841]LogModuleManager: Shutting down and abandoning module CharacterAI (472)
[2017.09.18-01.23.49:062][841]LogModuleManager: Shutting down and abandoning module AudioCapture (470)
[2017.09.18-01.23.49:062][841]LogModuleManager: Shutting down and abandoning module SequenceRecorder (469)
[2017.09.18-01.23.49:062][841]LogModuleManager: Shutting down and abandoning module SmartSnapping (466)
[2017.09.18-01.23.49:062][841]LogModuleManager: Shutting down and abandoning module SessionServices (464)
[2017.09.18-01.23.49:062][841]LogModuleManager: Shutting down and abandoning module ViewportSnapping (462)
[2017.09.18-01.23.49:062][841]LogModuleManager: Shutting down and abandoning module ViewportInteraction (460)
[2017.09.18-01.23.49:062][841]LogModuleManager: Shutting down and abandoning module ClothPainter (458)
[2017.09.18-01.23.49:062][841]LogModuleManager: Shutting down and abandoning module LogVisualizer (456)
[2017.09.18-01.23.49:062][841]LogModuleManager: Shutting down and abandoning module IntroTutorials (454)
[2017.09.18-01.23.49:063][841]LogModuleManager: Shutting down and abandoning module GameProjectGeneration (453)
[2017.09.18-01.23.49:063][841]LogModuleManager: Shutting down and abandoning module IOSPlatformEditor (450)
[2017.09.18-01.23.49:063][841]LogModuleManager: Shutting down and abandoning module HTML5PlatformEditor (448)
[2017.09.18-01.23.49:063][841]LogModuleManager: Shutting down and abandoning module AndroidPlatformEditor (446)
[2017.09.18-01.23.49:063][841]LogModuleManager: Shutting down and abandoning module AndroidDeviceDetection (445)
[2017.09.18-01.23.49:843][841]LogModuleManager: Shutting down and abandoning module WindowsPlatformEditor (442)
[2017.09.18-01.23.49:843][841]LogModuleManager: Shutting down and abandoning module IOSRuntimeSettings (440)
[2017.09.18-01.23.49:843][841]LogModuleManager: Shutting down and abandoning module AndroidRuntimeSettings (438)
[2017.09.18-01.23.49:843][841]LogModuleManager: Shutting down and abandoning module InputBindingEditor (436)
[2017.09.18-01.23.49:843][841]LogModuleManager: Shutting down and abandoning module MergeActors (434)
[2017.09.18-01.23.49:843][841]LogModuleManager: Shutting down and abandoning module SizeMap (432)
[2017.09.18-01.23.49:843][841]LogModuleManager: Shutting down and abandoning module TreeMap (430)
[2017.09.18-01.23.49:843][841]LogModuleManager: Shutting down and abandoning module ReferenceViewer (428)
[2017.09.18-01.23.49:843][841]LogModuleManager: Shutting down and abandoning module LocalizationDashboard (426)
[2017.09.18-01.23.49:843][841]LogModuleManager: Shutting down and abandoning module LocalizationService (425)
[2017.09.18-01.23.49:843][841]LogModuleManager: Shutting down and abandoning module HardwareTargeting (422)
[2017.09.18-01.23.49:843][841]LogModuleManager: Shutting down and abandoning module DeviceProfileEditor (420)
[2017.09.18-01.23.49:844][841]LogModuleManager: Shutting down and abandoning module UndoHistory (418)
[2017.09.18-01.23.49:844][841]LogModuleManager: Shutting down and abandoning module XmlParser (416)
[2017.09.18-01.23.49:844][841]LogModuleManager: Shutting down and abandoning module Blutility (414)
[2017.09.18-01.23.49:844][841]LogModuleManager: Shutting down and abandoning module ProjectSettingsViewer (412)
[2017.09.18-01.23.49:844][841]LogModuleManager: Shutting down and abandoning module ProjectTargetPlatformEditor (411)
[2017.09.18-01.23.49:845][841]LogModuleManager: Shutting down and abandoning module EditorSettingsViewer (408)
[2017.09.18-01.23.49:845][841]LogModuleManager: Shutting down and abandoning module SettingsEditor (406)
[2017.09.18-01.23.49:845][841]LogModuleManager: Shutting down and abandoning module ProjectLauncher (404)
[2017.09.18-01.23.49:845][841]LogModuleManager: Shutting down and abandoning module SessionFrontend (402)
[2017.09.18-01.23.49:845][841]LogModuleManager: Shutting down and abandoning module ProfilerClient (400)
[2017.09.18-01.23.49:845][841]LogModuleManager: Shutting down and abandoning module DeviceManager (398)
[2017.09.18-01.23.49:845][841]LogModuleManager: Shutting down and abandoning module TargetDeviceServices (397)
[2017.09.18-01.23.49:902][841]LogModuleManager: Shutting down and abandoning module AutomationController (394)
[2017.09.18-01.23.49:902][841]LogModuleManager: Shutting down and abandoning module AutomationWindow (392)
[2017.09.18-01.23.49:902][841]LogModuleManager: Shutting down and abandoning module Layers (390)
[2017.09.18-01.23.49:902][841]LogModuleManager: Shutting down and abandoning module ComponentVisualizers (388)
[2017.09.18-01.23.49:902][841]LogModuleManager: Shutting down and abandoning module DetailCustomizations (386)
[2017.09.18-01.23.49:902][841]LogModuleManager: Shutting down and abandoning module PackagesDialog (384)
[2017.09.18-01.23.49:903][841]LogModuleManager: Shutting down and abandoning module Persona (382)
[2017.09.18-01.23.49:903][841]LogModuleManager: Shutting down and abandoning module AdvancedPreviewScene (381)
[2017.09.18-01.23.49:903][841]LogModuleManager: Shutting down and abandoning module AnimGraph (379)
[2017.09.18-01.23.49:903][841]LogModuleManager: Shutting down and abandoning module Kismet (376)
[2017.09.18-01.23.49:923][841]LogModuleManager: Shutting down and abandoning module ClassViewer (374)
[2017.09.18-01.23.49:926][841]LogModuleManager: Shutting down and abandoning module Toolbox (372)
[2017.09.18-01.23.49:926][841]LogModuleManager: Shutting down and abandoning module ModuleUI (370)
[2017.09.18-01.23.49:926][841]LogModuleManager: Shutting down and abandoning module MovieSceneTools (368)
[2017.09.18-01.23.49:926][841]LogModuleManager: Shutting down and abandoning module OutputLog (366)
[2017.09.18-01.23.49:926][841]LogModuleManager: Shutting down and abandoning module GammaUI (364)
[2017.09.18-01.23.49:926][841]LogModuleManager: Shutting down and abandoning module Documentation (362)
[2017.09.18-01.23.49:930][841]LogModuleManager: Shutting down and abandoning module MovieSceneTracks (360)
[2017.09.18-01.23.49:931][841]LogModuleManager: Shutting down and abandoning module MovieScene (358)
[2017.09.18-01.23.49:931][841]LogModuleManager: Shutting down and abandoning module Niagara (356)
[2017.09.18-01.23.49:931][841]LogModuleManager: Shutting down and abandoning module NiagaraEditor (355)
[2017.09.18-01.23.49:931][841]LogModuleManager: Shutting down and abandoning module StreamingPauseRendering (352)
[2017.09.18-01.23.49:931][841]LogModuleManager: Shutting down and abandoning module LauncherPlatform (350)
[2017.09.18-01.23.49:931][841]LogModuleManager: Shutting down and abandoning module AnalyticsET (348)
[2017.09.18-01.23.49:931][841]LogModuleManager: Shutting down and abandoning module PortalServices (346)
[2017.09.18-01.23.49:931][841]LogModuleManager: Shutting down and abandoning module PortalRpc (344)
[2017.09.18-01.23.49:931][841]LogModuleManager: Shutting down and abandoning module MessagingRpc (342)
[2017.09.18-01.23.49:931][841]LogModuleManager: Shutting down and abandoning module AIModule (340)
[2017.09.18-01.23.49:931][841]LogModuleManager: Shutting down and abandoning module GameplayDebugger (339)
[2017.09.18-01.23.49:932][841]LogModuleManager: Shutting down and abandoning module AITestSuite (337)
[2017.09.18-01.23.49:932][841]LogModuleManager: Shutting down and abandoning module ProfilerService (334)
[2017.09.18-01.23.49:955][841]LogModuleManager: Shutting down and abandoning module TaskGraph (332)
[2017.09.18-01.23.49:955][841]LogModuleManager: Shutting down and abandoning module SteamVRController (330)
[2017.09.18-01.23.49:955][841]LogModuleManager: Shutting down and abandoning module ProceduralMeshComponentEditor (328)
[2017.09.18-01.23.49:955][841]LogModuleManager: Shutting down and abandoning module ProceduralMeshComponent (326)
[2017.09.18-01.23.49:955][841]LogModuleManager: Shutting down and abandoning module OculusInput (324)
[2017.09.18-01.23.49:955][841]LogModuleManager: Shutting down and abandoning module MobilePatchingUtils (322)
[2017.09.18-01.23.49:955][841]LogModuleManager: Shutting down and abandoning module CustomMeshComponent (320)
[2017.09.18-01.23.49:955][841]LogModuleManager: Shutting down and abandoning module CableComponent (318)
[2017.09.18-01.23.49:955][841]LogModuleManager: Shutting down and abandoning module ArchVisCharacter (316)
[2017.09.18-01.23.49:955][841]LogModuleManager: Shutting down and abandoning module AndroidPermission (314)
[2017.09.18-01.23.49:955][841]LogModuleManager: Shutting down and abandoning module MediaPlayerEditor (310)
[2017.09.18-01.23.49:955][841]LogModuleManager: Shutting down and abandoning module HTML5Networking (308)
[2017.09.18-01.23.49:955][841]LogModuleManager: Shutting down and abandoning module AlembicImporter (306)
[2017.09.18-01.23.49:955][841]LogModuleManager: Shutting down and abandoning module AlembicLibrary (305)
[2017.09.18-01.23.49:955][841]LogModuleManager: Shutting down and abandoning module GeometryCache (304)
[2017.09.18-01.23.49:955][841]LogModuleManager: Shutting down and abandoning module GeometryCacheEd (303)
[2017.09.18-01.23.49:955][841]LogModuleManager: Shutting down and abandoning module SpeedTreeImporter (298)
[2017.09.18-01.23.49:955][841]LogModuleManager: Shutting down and abandoning module PluginBrowser (296)
[2017.09.18-01.23.49:955][841]LogModuleManager: Shutting down and abandoning module MobileLauncherProfileWizard (294)
[2017.09.18-01.23.49:955][841]LogModuleManager: Shutting down and abandoning module VisualStudioSourceCodeAccess (292)
[2017.09.18-01.23.49:955][841]LogModuleManager: Shutting down and abandoning module DesktopPlatform (291)
[2017.09.18-01.23.49:955][841]LogModuleManager: Shutting down and abandoning module UObjectPlugin (288)
[2017.09.18-01.23.49:955][841]LogModuleManager: Shutting down and abandoning module SubversionSourceControl (286)
[2017.09.18-01.23.49:955][841]LogModuleManager: Shutting down and abandoning module PerforceSourceControl (284)
[2017.09.18-01.23.49:955][841]LogModuleManager: Shutting down and abandoning module GitSourceControl (282)
[2017.09.18-01.23.49:956][841]LogModuleManager: Shutting down and abandoning module SourceControl (281)
[2017.09.18-01.23.49:956][841]LogModuleManager: Shutting down and abandoning module LightPropagationVolumeEditor (278)
[2017.09.18-01.23.49:956][841]LogModuleManager: Shutting down and abandoning module PaperTiledImporter (276)
[2017.09.18-01.23.49:956][841]LogModuleManager: Shutting down and abandoning module PaperSpriteSheetImporter (274)
[2017.09.18-01.23.49:956][841]LogModuleManager: Shutting down and abandoning module Paper2DEditor (272)
[2017.09.18-01.23.49:956][841]LogModuleManager: Shutting down and abandoning module MeshPaint (271)
[2017.09.18-01.23.49:956][841]LogModuleManager: Shutting down and abandoning module LevelEditor (269)
[2017.09.18-01.23.49:957][841]LogModuleManager: Shutting down and abandoning module PixelInspectorModule (268)
[2017.09.18-01.23.49:957][841]LogModuleManager: Shutting down and abandoning module MainFrame (266)
[2017.09.18-01.23.49:957][841]LogModuleManager: Shutting down and abandoning module HotReload (265)
[2017.09.18-01.23.49:958][841]LogModuleManager: Shutting down and abandoning module RuntimePhysXCooking (260)
[2017.09.18-01.23.49:958][841]LogModuleManager: Shutting down and abandoning module PhysXVehiclesEditor (258)
[2017.09.18-01.23.49:958][841]LogModuleManager: Shutting down and abandoning module PhysXVehicles (256)
[2017.09.18-01.23.49:958][841]LogModuleManager: Shutting down and abandoning module OculusEditor (254)
[2017.09.18-01.23.49:958][841]LogModuleManager: Shutting down and abandoning module LocationServicesBPLibrary (252)
[2017.09.18-01.23.49:958][841]LogModuleManager: Shutting down and abandoning module ImmediatePhysicsEditor (250)
[2017.09.18-01.23.49:958][841]LogModuleManager: Shutting down and abandoning module ImmediatePhysics (248)
[2017.09.18-01.23.49:958][841]LogModuleManager: Shutting down and abandoning module UdpMessaging (246)
[2017.09.18-01.23.50:059][841]LogModuleManager: Shutting down and abandoning module TcpMessaging (244)
[2017.09.18-01.23.50:161][841]LogModuleManager: Shutting down and abandoning module GameplayTagsEditor (242)
[2017.09.18-01.23.50:161][841]LogModuleManager: Shutting down and abandoning module FacialAnimationEditor (240)
[2017.09.18-01.23.50:161][841]LogModuleManager: Shutting down and abandoning module FacialAnimation (238)
[2017.09.18-01.23.50:161][841]LogModuleManager: Shutting down and abandoning module AssetManagerEditor (236)
[2017.09.18-01.23.50:161][841]LogModuleManager: Shutting down and abandoning module GraphEditor (235)
[2017.09.18-01.23.50:161][841]LogModuleManager: Shutting down and abandoning module ContentBrowser (233)
[2017.09.18-01.23.50:166][841]LogModuleManager: Shutting down and abandoning module LightPropagationVolumeRuntime (230)
[2017.09.18-01.23.50:166][841]LogModuleManager: Shutting down and abandoning module Paper2D (228)
[2017.09.18-01.23.50:166][841]LogModuleManager: Shutting down and abandoning module WindowsMoviePlayer (226)
[2017.09.18-01.23.50:166][841]LogModuleManager: Shutting down and abandoning module WmfMedia (224)
[2017.09.18-01.23.50:167][841]LogModuleManager: Shutting down and abandoning module PacketHandler (222)
[2017.09.18-01.23.50:167][841]LogModuleManager: Shutting down and abandoning module ClothingSystemEditor (220)
[2017.09.18-01.23.50:167][841]LogModuleManager: Shutting down and abandoning module ClothingSystemRuntime (218)
[2017.09.18-01.23.50:167][841]LogModuleManager: Shutting down and abandoning module Overlay (216)
[2017.09.18-01.23.50:167][841]LogModuleManager: Shutting down and abandoning module OverlayEditor (215)
[2017.09.18-01.23.50:167][841]LogModuleManager: Shutting down and abandoning module MediaAssets (212)
[2017.09.18-01.23.50:167][841]LogModuleManager: Shutting down and abandoning module VREditor (210)
[2017.09.18-01.23.50:167][841]LogModuleManager: Shutting down and abandoning module StringTableEditor (208)
[2017.09.18-01.23.50:167][841]LogModuleManager: Shutting down and abandoning module GameplayTasksEditor (206)
[2017.09.18-01.23.50:168][841]LogModuleManager: Shutting down and abandoning module BehaviorTreeEditor (204)
[2017.09.18-01.23.50:168][841]LogModuleManager: Shutting down and abandoning module FunctionalTesting (202)
[2017.09.18-01.23.50:168][841]LogModuleManager: Shutting down and abandoning module CollisionAnalyzer (200)
[2017.09.18-01.23.50:168][841]LogModuleManager: Shutting down and abandoning module WorkspaceMenuStructure (199)
[2017.09.18-01.23.50:168][841]LogModuleManager: Shutting down and abandoning module UMG (196)
[2017.09.18-01.23.50:168][841]LogModuleManager: Shutting down and abandoning module UMGEditor (195)
[2017.09.18-01.23.50:168][841]LogModuleManager: Shutting down and abandoning module Sequencer (194)
[2017.09.18-01.23.50:168][841]LogModuleManager: Shutting down and abandoning module MessageLog (191)
[2017.09.18-01.23.50:168][841]LogModuleManager: Shutting down and abandoning module SlateReflector (186)
[2017.09.18-01.23.50:169][841]LogModuleManager: Shutting down and abandoning module Slate (184)
[2017.09.18-01.23.50:169][841]LogModuleManager: Shutting down and abandoning module EditorStyle (182)
[2017.09.18-01.23.50:174][841]LogModuleManager: Shutting down and abandoning module MRMesh (180)
[2017.09.18-01.23.50:174][841]LogModuleManager: Shutting down and abandoning module SourceCodeAccess (178)
[2017.09.18-01.23.50:174][841]LogModuleManager: Shutting down and abandoning module HeadMountedDisplay (176)
[2017.09.18-01.23.50:174][841]LogModuleManager: Shutting down and abandoning module XAudio2 (174)
[2017.09.18-01.23.50:174][841]LogModuleManager: Shutting down and abandoning module Networking (172)
[2017.09.18-01.23.50:174][841]LogModuleManager: Shutting down and abandoning module Core (168)
[2017.09.18-01.23.50:174][841]LogModuleManager: Shutting down and abandoning module KismetCompiler (164)
[2017.09.18-01.23.50:174][841]LogModuleManager: Shutting down and abandoning module LevelSequence (162)
[2017.09.18-01.23.50:174][841]LogModuleManager: Shutting down and abandoning module MeshUtilities (160)
[2017.09.18-01.23.50:175][841]LogModuleManager: Shutting down and abandoning module MeshMergeUtilities (159)
[2017.09.18-01.23.50:175][841]LogModuleManager: Shutting down and abandoning module MeshReductionInterface (158)
[2017.09.18-01.23.50:175][841]LogModuleManager: Shutting down and abandoning module SimplygonSwarm (157)
[2017.09.18-01.23.50:175][841]LogModuleManager: Shutting down and abandoning module SimplygonMeshReduction (155)
[2017.09.18-01.23.50:175][841]LogModuleManager: Shutting down and abandoning module QuadricMeshReduction (153)
[2017.09.18-01.23.50:175][841]LogModuleManager: Shutting down and abandoning module MaterialBaking (149)
[2017.09.18-01.23.50:175][841]LogModuleManager: Shutting down and abandoning module DirectoryWatcher (146)
[2017.09.18-01.23.50:185][841]LogModuleManager: Shutting down and abandoning module DerivedDataCache (144)
[2017.09.18-01.23.50:274][841]LogDerivedDataCache: Shutdown
[2017.09.18-01.23.50:274][841]LogModuleManager: Shutting down and abandoning module TargetPlatform (142)
[2017.09.18-01.23.50:274][841]LogModuleManager: Shutting down and abandoning module VulkanShaderFormat (141)
[2017.09.18-01.23.50:274][841]LogModuleManager: Shutting down and abandoning module ShaderFormatVectorVM (139)
[2017.09.18-01.23.50:274][841]LogModuleManager: Shutting down and abandoning module ShaderFormatOpenGL (137)
[2017.09.18-01.23.50:274][841]LogModuleManager: Shutting down and abandoning module ShaderFormatD3D (135)
[2017.09.18-01.23.50:274][841]LogModuleManager: Shutting down and abandoning module MetalShaderFormat (133)
[2017.09.18-01.23.50:274][841]LogModuleManager: Shutting down and abandoning module TextureFormatUncompressed (131)
[2017.09.18-01.23.50:274][841]LogModuleManager: Shutting down and abandoning module TextureFormatPVR (129)
[2017.09.18-01.23.50:274][841]LogModuleManager: Shutting down and abandoning module TextureFormatDXT (127)
[2017.09.18-01.23.50:275][841]LogModuleManager: Shutting down and abandoning module TextureFormatIntelISPCTexComp (125)
[2017.09.18-01.23.50:275][841]LogModuleManager: Shutting down and abandoning module TextureFormatASTC (123)
[2017.09.18-01.23.50:275][841]LogModuleManager: Shutting down and abandoning module ImageWrapper (122)
[2017.09.18-01.23.50:275][841]LogModuleManager: Shutting down and abandoning module TextureFormatAndroid (119)
[2017.09.18-01.23.50:275][841]LogModuleManager: Shutting down and abandoning module AudioFormatOpus (117)
[2017.09.18-01.23.50:275][841]LogModuleManager: Shutting down and abandoning module AudioFormatOgg (115)
[2017.09.18-01.23.50:275][841]LogModuleManager: Shutting down and abandoning module AudioFormatADPCM (113)
[2017.09.18-01.23.50:275][841]LogModuleManager: Shutting down and abandoning module LinuxTargetPlatform (111)
[2017.09.18-01.23.50:275][841]LogModuleManager: Shutting down and abandoning module LinuxServerTargetPlatform (109)
[2017.09.18-01.23.50:275][841]LogModuleManager: Shutting down and abandoning module LinuxNoEditorTargetPlatform (107)
[2017.09.18-01.23.50:275][841]LogModuleManager: Shutting down and abandoning module LinuxClientTargetPlatform (105)
[2017.09.18-01.23.50:276][841]LogModuleManager: Shutting down and abandoning module TVOSTargetPlatform (103)
[2017.09.18-01.23.50:276][841]LogModuleManager: Shutting down and abandoning module Messaging (101)
[2017.09.18-01.23.50:276][841]LogModuleManager: Shutting down and abandoning module IOSTargetPlatform (99)
[2017.09.18-01.23.50:276][841]LogModuleManager: Shutting down and abandoning module HTML5TargetPlatform (97)
[2017.09.18-01.23.50:276][841]LogModuleManager: Shutting down and abandoning module Android_PVRTCTargetPlatform (95)
[2017.09.18-01.23.50:276][841]LogModuleManager: Shutting down and abandoning module Android_MultiTargetPlatform (93)
[2017.09.18-01.23.50:276][841]LogModuleManager: Shutting down and abandoning module Android_ETC2TargetPlatform (91)
[2017.09.18-01.23.50:276][841]LogModuleManager: Shutting down and abandoning module Android_ETC1TargetPlatform (89)
[2017.09.18-01.23.50:276][841]LogModuleManager: Shutting down and abandoning module Android_DXTTargetPlatform (87)
[2017.09.18-01.23.50:276][841]LogModuleManager: Shutting down and abandoning module Android_ATCTargetPlatform (85)
[2017.09.18-01.23.50:276][841]LogModuleManager: Shutting down and abandoning module Android_ASTCTargetPlatform (83)
[2017.09.18-01.23.50:276][841]LogModuleManager: Shutting down and abandoning module AndroidTargetPlatform (81)
[2017.09.18-01.23.50:276][841]LogModuleManager: Shutting down and abandoning module WindowsTargetPlatform (79)
[2017.09.18-01.23.50:276][841]LogModuleManager: Shutting down and abandoning module WindowsServerTargetPlatform (77)
[2017.09.18-01.23.50:276][841]LogModuleManager: Shutting down and abandoning module WindowsNoEditorTargetPlatform (75)
[2017.09.18-01.23.50:276][841]LogModuleManager: Shutting down and abandoning module WindowsClientTargetPlatform (73)
[2017.09.18-01.23.50:276][841]LogModuleManager: Shutting down and abandoning module MacTargetPlatform (71)
[2017.09.18-01.23.50:276][841]LogModuleManager: Shutting down and abandoning module MacServerTargetPlatform (69)
[2017.09.18-01.23.50:277][841]LogModuleManager: Shutting down and abandoning module MacNoEditorTargetPlatform (67)
[2017.09.18-01.23.50:277][841]LogModuleManager: Shutting down and abandoning module MacClientTargetPlatform (65)
[2017.09.18-01.23.50:277][841]LogModuleManager: Shutting down and abandoning module AllDesktopTargetPlatform (63)
[2017.09.18-01.23.50:277][841]LogModuleManager: Shutting down and abandoning module InputCore (60)
[2017.09.18-01.23.50:277][841]LogModuleManager: Shutting down and abandoning module Settings (58)
[2017.09.18-01.23.50:277][841]LogModuleManager: Shutting down and abandoning module PhysXCooking (56)
[2017.09.18-01.23.50:277][841]LogModuleManager: Shutting down and abandoning module SteamVR (54)
[2017.09.18-01.23.50:277][841]LogModuleManager: Shutting down and abandoning module OculusHMD (52)
[2017.09.18-01.23.50:277][841]LogModuleManager: Shutting down and abandoning module ExampleDeviceProfileSelector (50)
[2017.09.18-01.23.50:277][841]LogModuleManager: Shutting down and abandoning module OnlineBlueprintSupport (48)
[2017.09.18-01.23.50:277][841]LogModuleManager: Shutting down and abandoning module OnlineSubsystem (44)
[2017.09.18-01.23.50:277][841]LogOnline: Display: Unloading online subsystem: NULL
[2017.09.18-01.23.50:277][841]LogModuleManager: Shutting down and abandoning module XMPP (43)
[2017.09.18-01.23.50:278][841]LogModuleManager: Shutting down and abandoning module HTTP (41)
[2017.09.18-01.23.50:278][841]LogHttp: Display: Http module shutting down, but needs to wait on 1 outstanding Http requests:
[2017.09.18-01.23.50:278][841]LogHttp: Display: 	verb=[POST] url=[https://datarouter.ol.epicgames.com/datarouter/api/v1/public/data?SessionID=%7B39633FA4-4468-196F-FC8F-36B4B8FBA71F%7D&AppID=UEEditor.Rocket.Release&AppVersion=4.17.1-3586342%2B%2B%2BUE4%2BRelease-4.17&UserID=5003dd6c45572c2c38c0d9a097d73abb%7C320706aa27944b06ac78b60ca7fc33d7%7Cd480b090-0f61-4843-8a83-738e139dc393&AppEnvironment=datacollector-binary&UploadType=eteventstream] status=Processing
[2017.09.18-01.23.50:291][841]LogModuleManager: Shutting down and abandoning module SSL (40)
[2017.09.18-01.23.50:295][841]LogModuleManager: Shutting down and abandoning module AnimationModifiers (36)
[2017.09.18-01.23.50:295][841]LogModuleManager: Shutting down and abandoning module PropertyEditor (35)
[2017.09.18-01.23.50:296][841]LogModuleManager: Shutting down and abandoning module AudioEditor (32)
[2017.09.18-01.23.50:296][841]LogModuleManager: Shutting down and abandoning module TextureCompressor (30)
[2017.09.18-01.23.50:296][841]LogModuleManager: Shutting down and abandoning module ShaderCore (28)
[2017.09.18-01.23.50:296][841]LogModuleManager: Shutting down and abandoning module Landscape (26)
[2017.09.18-01.23.50:296][841]LogModuleManager: Shutting down and abandoning module SlateRHIRenderer (24)
[2017.09.18-01.23.50:334][841]LogModuleManager: Shutting down and abandoning module OpenGLDrv (22)
[2017.09.18-01.23.50:334][841]LogModuleManager: Shutting down and abandoning module D3D11RHI (20)
[2017.09.18-01.23.50:334][841]LogModuleManager: Shutting down and abandoning module AnimGraphRuntime (18)
[2017.09.18-01.23.50:334][841]LogModuleManager: Shutting down and abandoning module Renderer (16)
[2017.09.18-01.23.50:334][841]LogModuleManager: Shutting down and abandoning module Engine (14)
[2017.09.18-01.23.50:334][841]LogModuleManager: Shutting down and abandoning module CoreUObject (12)
[2017.09.18-01.23.50:334][841]LogModuleManager: Shutting down and abandoning module NetworkFile (10)
[2017.09.18-01.23.50:334][841]LogModuleManager: Shutting down and abandoning module CookedIterativeFile (8)
[2017.09.18-01.23.50:334][841]LogModuleManager: Shutting down and abandoning module StreamingFile (6)
[2017.09.18-01.23.50:334][841]LogModuleManager: Shutting down and abandoning module SandboxFile (4)
[2017.09.18-01.23.50:334][841]LogModuleManager: Shutting down and abandoning module PakFile (2)
[2017.09.18-01.23.50:338][841]LogExit: Exiting.
[2017.09.18-01.23.50:350][841]Log file closed, 09/17/17 22:23:50
